{
  "stats": {
    "suites": 1,
    "tests": 32,
    "passes": 32,
    "pending": 0,
    "failures": 0,
    "start": "2024-02-23T13:51:55.660Z",
    "end": "2024-02-23T13:52:54.331Z",
    "duration": 58671,
    "testsRegistered": 32,
    "passPercent": 100,
    "pendingPercent": 0,
    "other": 0,
    "hasOther": false,
    "skipped": 0,
    "hasSkipped": false
  },
  "results": [
    {
      "uuid": "20672302-0b32-44c4-9e41-191ccf2669c3",
      "title": "",
      "fullFile": "cypress\\e2e\\pesquisaInterface.cy.js",
      "file": "cypress\\e2e\\pesquisaInterface.cy.js",
      "beforeHooks": [],
      "afterHooks": [],
      "tests": [],
      "suites": [
        {
          "uuid": "0db32a9d-29b8-4dce-81bb-fce91f5f7ccc",
          "title": "Input Campo de Pesquisa Interface Countries",
          "fullFile": "",
          "file": "",
          "beforeHooks": [],
          "afterHooks": [],
          "tests": [
            {
              "title": "Validações Pesquisa Brasil",
              "fullTitle": "Input Campo de Pesquisa Interface Countries Validações Pesquisa Brasil",
              "timedOut": null,
              "duration": 3036,
              "state": "passed",
              "speed": "fast",
              "pass": true,
              "fail": false,
              "pending": false,
              "context": null,
              "code": "cy.campoPesquisaBrasil();",
              "err": {},
              "uuid": "ecf173d9-44c1-4190-b56d-84207b6fa7ab",
              "parentUUID": "0db32a9d-29b8-4dce-81bb-fce91f5f7ccc",
              "isHook": false,
              "skipped": false
            },
            {
              "title": "Validações Pesquisa Argentina",
              "fullTitle": "Input Campo de Pesquisa Interface Countries Validações Pesquisa Argentina",
              "timedOut": null,
              "duration": 1700,
              "state": "passed",
              "speed": "fast",
              "pass": true,
              "fail": false,
              "pending": false,
              "context": null,
              "code": "cy.campoPesquisaArgentina();",
              "err": {},
              "uuid": "4e11c3d0-c410-4089-850b-e81b08136d05",
              "parentUUID": "0db32a9d-29b8-4dce-81bb-fce91f5f7ccc",
              "isHook": false,
              "skipped": false
            },
            {
              "title": "Validações Pesquisa Portugal",
              "fullTitle": "Input Campo de Pesquisa Interface Countries Validações Pesquisa Portugal",
              "timedOut": null,
              "duration": 1573,
              "state": "passed",
              "speed": "fast",
              "pass": true,
              "fail": false,
              "pending": false,
              "context": null,
              "code": "cy.campoPesquisaPortugal();",
              "err": {},
              "uuid": "b8dea712-7bb4-472e-a7e2-3c75a92798d1",
              "parentUUID": "0db32a9d-29b8-4dce-81bb-fce91f5f7ccc",
              "isHook": false,
              "skipped": false
            },
            {
              "title": "Validações Pesquisa Mexico",
              "fullTitle": "Input Campo de Pesquisa Interface Countries Validações Pesquisa Mexico",
              "timedOut": null,
              "duration": 1675,
              "state": "passed",
              "speed": "fast",
              "pass": true,
              "fail": false,
              "pending": false,
              "context": null,
              "code": "cy.campoPesquisaMexico();",
              "err": {},
              "uuid": "55d98d8c-a15d-44ce-9161-ac14aa5fbff0",
              "parentUUID": "0db32a9d-29b8-4dce-81bb-fce91f5f7ccc",
              "isHook": false,
              "skipped": false
            },
            {
              "title": "Validações Pesquisa EUA",
              "fullTitle": "Input Campo de Pesquisa Interface Countries Validações Pesquisa EUA",
              "timedOut": null,
              "duration": 1744,
              "state": "passed",
              "speed": "fast",
              "pass": true,
              "fail": false,
              "pending": false,
              "context": null,
              "code": "cy.campoPesquisaEUA();",
              "err": {},
              "uuid": "8dd2f84d-98d3-412f-94a9-9549332aa7df",
              "parentUUID": "0db32a9d-29b8-4dce-81bb-fce91f5f7ccc",
              "isHook": false,
              "skipped": false
            },
            {
              "title": "Validações Pesquisa China",
              "fullTitle": "Input Campo de Pesquisa Interface Countries Validações Pesquisa China",
              "timedOut": null,
              "duration": 1546,
              "state": "passed",
              "speed": "fast",
              "pass": true,
              "fail": false,
              "pending": false,
              "context": null,
              "code": "cy.campoPesquisaChina();",
              "err": {},
              "uuid": "252c0c55-cef1-4a20-9d52-3df0cc5f6e04",
              "parentUUID": "0db32a9d-29b8-4dce-81bb-fce91f5f7ccc",
              "isHook": false,
              "skipped": false
            },
            {
              "title": "Validações Pesquisa Japão",
              "fullTitle": "Input Campo de Pesquisa Interface Countries Validações Pesquisa Japão",
              "timedOut": null,
              "duration": 1529,
              "state": "passed",
              "speed": "fast",
              "pass": true,
              "fail": false,
              "pending": false,
              "context": null,
              "code": "cy.campoPesquisaJapao();",
              "err": {},
              "uuid": "dd88ccab-4d39-4f60-8728-493e9c55d869",
              "parentUUID": "0db32a9d-29b8-4dce-81bb-fce91f5f7ccc",
              "isHook": false,
              "skipped": false
            },
            {
              "title": "Validações Pesquisa Russia",
              "fullTitle": "Input Campo de Pesquisa Interface Countries Validações Pesquisa Russia",
              "timedOut": null,
              "duration": 1508,
              "state": "passed",
              "speed": "fast",
              "pass": true,
              "fail": false,
              "pending": false,
              "context": null,
              "code": "cy.campoPesquisaRussia();",
              "err": {},
              "uuid": "0c2681e5-3a55-47ca-b646-e56ecc8320f0",
              "parentUUID": "0db32a9d-29b8-4dce-81bb-fce91f5f7ccc",
              "isHook": false,
              "skipped": false
            },
            {
              "title": "Validações Pesquisa Armenia",
              "fullTitle": "Input Campo de Pesquisa Interface Countries Validações Pesquisa Armenia",
              "timedOut": null,
              "duration": 1556,
              "state": "passed",
              "speed": "fast",
              "pass": true,
              "fail": false,
              "pending": false,
              "context": null,
              "code": "cy.campoPesquisaArmenia();",
              "err": {},
              "uuid": "b53c2767-ce2d-41c6-9c6f-6716f92b7686",
              "parentUUID": "0db32a9d-29b8-4dce-81bb-fce91f5f7ccc",
              "isHook": false,
              "skipped": false
            },
            {
              "title": "Validações Pesquisa Angola",
              "fullTitle": "Input Campo de Pesquisa Interface Countries Validações Pesquisa Angola",
              "timedOut": null,
              "duration": 1662,
              "state": "passed",
              "speed": "fast",
              "pass": true,
              "fail": false,
              "pending": false,
              "context": null,
              "code": "cy.campoPesquisaAngola();",
              "err": {},
              "uuid": "6d4ce842-fde3-44da-919f-794c9fe41baa",
              "parentUUID": "0db32a9d-29b8-4dce-81bb-fce91f5f7ccc",
              "isHook": false,
              "skipped": false
            },
            {
              "title": "Validações Pesquisa Andorra",
              "fullTitle": "Input Campo de Pesquisa Interface Countries Validações Pesquisa Andorra",
              "timedOut": null,
              "duration": 1668,
              "state": "passed",
              "speed": "fast",
              "pass": true,
              "fail": false,
              "pending": false,
              "context": null,
              "code": "cy.campoPesquisaAndorra();",
              "err": {},
              "uuid": "51be4fb5-e2e2-485a-92fa-8c4180f9d6c5",
              "parentUUID": "0db32a9d-29b8-4dce-81bb-fce91f5f7ccc",
              "isHook": false,
              "skipped": false
            },
            {
              "title": "Validações Pesquisa Belgica",
              "fullTitle": "Input Campo de Pesquisa Interface Countries Validações Pesquisa Belgica",
              "timedOut": null,
              "duration": 1630,
              "state": "passed",
              "speed": "fast",
              "pass": true,
              "fail": false,
              "pending": false,
              "context": null,
              "code": "cy.campoPesquisaBelgica();",
              "err": {},
              "uuid": "88374684-f571-4eb2-9d20-53d6a3ba003a",
              "parentUUID": "0db32a9d-29b8-4dce-81bb-fce91f5f7ccc",
              "isHook": false,
              "skipped": false
            },
            {
              "title": "Validações Pesquisa Bulgária",
              "fullTitle": "Input Campo de Pesquisa Interface Countries Validações Pesquisa Bulgária",
              "timedOut": null,
              "duration": 1551,
              "state": "passed",
              "speed": "fast",
              "pass": true,
              "fail": false,
              "pending": false,
              "context": null,
              "code": "cy.campoPesquisaBulgaria();",
              "err": {},
              "uuid": "f1e7c37f-b46e-4d7b-882d-eb681d2207a4",
              "parentUUID": "0db32a9d-29b8-4dce-81bb-fce91f5f7ccc",
              "isHook": false,
              "skipped": false
            },
            {
              "title": "Validações Pesquisa Bolivia",
              "fullTitle": "Input Campo de Pesquisa Interface Countries Validações Pesquisa Bolivia",
              "timedOut": null,
              "duration": 1586,
              "state": "passed",
              "speed": "fast",
              "pass": true,
              "fail": false,
              "pending": false,
              "context": null,
              "code": "cy.campoPesquisaBolivia();",
              "err": {},
              "uuid": "e7bfebba-67b5-4681-8826-95843741e13b",
              "parentUUID": "0db32a9d-29b8-4dce-81bb-fce91f5f7ccc",
              "isHook": false,
              "skipped": false
            },
            {
              "title": "Validações Pesquisa Cuba",
              "fullTitle": "Input Campo de Pesquisa Interface Countries Validações Pesquisa Cuba",
              "timedOut": null,
              "duration": 1456,
              "state": "passed",
              "speed": "fast",
              "pass": true,
              "fail": false,
              "pending": false,
              "context": null,
              "code": "cy.campoPesquisaCuba();",
              "err": {},
              "uuid": "bb9c7458-53ca-4353-896f-ff038a1f35cc",
              "parentUUID": "0db32a9d-29b8-4dce-81bb-fce91f5f7ccc",
              "isHook": false,
              "skipped": false
            },
            {
              "title": "Validações Pesquisa Chile",
              "fullTitle": "Input Campo de Pesquisa Interface Countries Validações Pesquisa Chile",
              "timedOut": null,
              "duration": 1629,
              "state": "passed",
              "speed": "fast",
              "pass": true,
              "fail": false,
              "pending": false,
              "context": null,
              "code": "cy.campoPesquisaChile();",
              "err": {},
              "uuid": "705d3d13-1e3f-4ef9-938b-a3a3fcef6d9f",
              "parentUUID": "0db32a9d-29b8-4dce-81bb-fce91f5f7ccc",
              "isHook": false,
              "skipped": false
            },
            {
              "title": "Validações Pesquisa Costa Rica",
              "fullTitle": "Input Campo de Pesquisa Interface Countries Validações Pesquisa Costa Rica",
              "timedOut": null,
              "duration": 1816,
              "state": "passed",
              "speed": "fast",
              "pass": true,
              "fail": false,
              "pending": false,
              "context": null,
              "code": "cy.campoPesquisaCostaRica();",
              "err": {},
              "uuid": "ad5d8cd9-3a69-40f0-88fc-f3a8c682ad03",
              "parentUUID": "0db32a9d-29b8-4dce-81bb-fce91f5f7ccc",
              "isHook": false,
              "skipped": false
            },
            {
              "title": "Validações Pesquisa Cabo Verde",
              "fullTitle": "Input Campo de Pesquisa Interface Countries Validações Pesquisa Cabo Verde",
              "timedOut": null,
              "duration": 1612,
              "state": "passed",
              "speed": "fast",
              "pass": true,
              "fail": false,
              "pending": false,
              "context": null,
              "code": "cy.campoPesquisaCaboVerde();",
              "err": {},
              "uuid": "61fe5ddc-2fcc-43bf-8d47-068720851100",
              "parentUUID": "0db32a9d-29b8-4dce-81bb-fce91f5f7ccc",
              "isHook": false,
              "skipped": false
            },
            {
              "title": "Validações Pesquisa Dinamarca",
              "fullTitle": "Input Campo de Pesquisa Interface Countries Validações Pesquisa Dinamarca",
              "timedOut": null,
              "duration": 1541,
              "state": "passed",
              "speed": "fast",
              "pass": true,
              "fail": false,
              "pending": false,
              "context": null,
              "code": "cy.campoPesquisaDinamarca();",
              "err": {},
              "uuid": "d66a0f29-c41c-41dd-8214-bafc5bfdad45",
              "parentUUID": "0db32a9d-29b8-4dce-81bb-fce91f5f7ccc",
              "isHook": false,
              "skipped": false
            },
            {
              "title": "Validações Pesquisa Equador",
              "fullTitle": "Input Campo de Pesquisa Interface Countries Validações Pesquisa Equador",
              "timedOut": null,
              "duration": 2091,
              "state": "passed",
              "speed": "fast",
              "pass": true,
              "fail": false,
              "pending": false,
              "context": null,
              "code": "cy.campoPesquisaEquador();",
              "err": {},
              "uuid": "93efe9ca-9139-491d-ba3d-db5bbea29f3f",
              "parentUUID": "0db32a9d-29b8-4dce-81bb-fce91f5f7ccc",
              "isHook": false,
              "skipped": false
            },
            {
              "title": "Validações Pesquisa Espanha",
              "fullTitle": "Input Campo de Pesquisa Interface Countries Validações Pesquisa Espanha",
              "timedOut": null,
              "duration": 1874,
              "state": "passed",
              "speed": "fast",
              "pass": true,
              "fail": false,
              "pending": false,
              "context": null,
              "code": "cy.campoPesquisaEspanha();",
              "err": {},
              "uuid": "e813ff7c-5a1a-4d37-abe4-22014133904a",
              "parentUUID": "0db32a9d-29b8-4dce-81bb-fce91f5f7ccc",
              "isHook": false,
              "skipped": false
            },
            {
              "title": "Validações Pesquisa Eslovenia",
              "fullTitle": "Input Campo de Pesquisa Interface Countries Validações Pesquisa Eslovenia",
              "timedOut": null,
              "duration": 1781,
              "state": "passed",
              "speed": "fast",
              "pass": true,
              "fail": false,
              "pending": false,
              "context": null,
              "code": "cy.campoPesquisaEslovenia();",
              "err": {},
              "uuid": "2ab67372-f422-4e57-a063-4ed3930ad901",
              "parentUUID": "0db32a9d-29b8-4dce-81bb-fce91f5f7ccc",
              "isHook": false,
              "skipped": false
            },
            {
              "title": "Validações Pesquisa Finlandia",
              "fullTitle": "Input Campo de Pesquisa Interface Countries Validações Pesquisa Finlandia",
              "timedOut": null,
              "duration": 2135,
              "state": "passed",
              "speed": "fast",
              "pass": true,
              "fail": false,
              "pending": false,
              "context": null,
              "code": "cy.campoPesquisaFinlandia();",
              "err": {},
              "uuid": "abe2737b-9bfb-4403-bf76-cf000f571c67",
              "parentUUID": "0db32a9d-29b8-4dce-81bb-fce91f5f7ccc",
              "isHook": false,
              "skipped": false
            },
            {
              "title": "Validações Pesquisa Filipinas",
              "fullTitle": "Input Campo de Pesquisa Interface Countries Validações Pesquisa Filipinas",
              "timedOut": null,
              "duration": 1674,
              "state": "passed",
              "speed": "fast",
              "pass": true,
              "fail": false,
              "pending": false,
              "context": null,
              "code": "cy.campoPesquisaFilipinas();",
              "err": {},
              "uuid": "e9d54948-09af-444b-8249-73845226fb0e",
              "parentUUID": "0db32a9d-29b8-4dce-81bb-fce91f5f7ccc",
              "isHook": false,
              "skipped": false
            },
            {
              "title": "Validações Pesquisa França",
              "fullTitle": "Input Campo de Pesquisa Interface Countries Validações Pesquisa França",
              "timedOut": null,
              "duration": 1589,
              "state": "passed",
              "speed": "fast",
              "pass": true,
              "fail": false,
              "pending": false,
              "context": null,
              "code": "cy.campoPesquisaFranca();",
              "err": {},
              "uuid": "8601b2ff-e70c-42d2-a3d2-172b3c308a6e",
              "parentUUID": "0db32a9d-29b8-4dce-81bb-fce91f5f7ccc",
              "isHook": false,
              "skipped": false
            },
            {
              "title": "Validações Pesquisa Grécia",
              "fullTitle": "Input Campo de Pesquisa Interface Countries Validações Pesquisa Grécia",
              "timedOut": null,
              "duration": 1625,
              "state": "passed",
              "speed": "fast",
              "pass": true,
              "fail": false,
              "pending": false,
              "context": null,
              "code": "cy.campoPesquisaGrecia();",
              "err": {},
              "uuid": "84dec783-0177-4d8b-bf11-16a43447c53e",
              "parentUUID": "0db32a9d-29b8-4dce-81bb-fce91f5f7ccc",
              "isHook": false,
              "skipped": false
            },
            {
              "title": "Validações Pesquisa Gana",
              "fullTitle": "Input Campo de Pesquisa Interface Countries Validações Pesquisa Gana",
              "timedOut": null,
              "duration": 1560,
              "state": "passed",
              "speed": "fast",
              "pass": true,
              "fail": false,
              "pending": false,
              "context": null,
              "code": "cy.campoPesquisaGana();",
              "err": {},
              "uuid": "0080bd02-e247-43cc-9760-7ee5a5c5a385",
              "parentUUID": "0db32a9d-29b8-4dce-81bb-fce91f5f7ccc",
              "isHook": false,
              "skipped": false
            },
            {
              "title": "Validações Pesquisa Holanda",
              "fullTitle": "Input Campo de Pesquisa Interface Countries Validações Pesquisa Holanda",
              "timedOut": null,
              "duration": 1695,
              "state": "passed",
              "speed": "fast",
              "pass": true,
              "fail": false,
              "pending": false,
              "context": null,
              "code": "cy.campoPesquisaHolanda();",
              "err": {},
              "uuid": "6e969941-9b9f-4665-83bf-b1874a567f47",
              "parentUUID": "0db32a9d-29b8-4dce-81bb-fce91f5f7ccc",
              "isHook": false,
              "skipped": false
            },
            {
              "title": "Validações Pesquisa Iraque",
              "fullTitle": "Input Campo de Pesquisa Interface Countries Validações Pesquisa Iraque",
              "timedOut": null,
              "duration": 1667,
              "state": "passed",
              "speed": "fast",
              "pass": true,
              "fail": false,
              "pending": false,
              "context": null,
              "code": "cy.campoPesquisaIraque();",
              "err": {},
              "uuid": "6cbe72d0-b149-4fcf-b9a2-3819ae88c1e6",
              "parentUUID": "0db32a9d-29b8-4dce-81bb-fce91f5f7ccc",
              "isHook": false,
              "skipped": false
            },
            {
              "title": "Validações Pesquisa India",
              "fullTitle": "Input Campo de Pesquisa Interface Countries Validações Pesquisa India",
              "timedOut": null,
              "duration": 1672,
              "state": "passed",
              "speed": "fast",
              "pass": true,
              "fail": false,
              "pending": false,
              "context": null,
              "code": "cy.campoPesquisaIndia();",
              "err": {},
              "uuid": "1ceb37eb-926f-4247-9973-436c4daea853",
              "parentUUID": "0db32a9d-29b8-4dce-81bb-fce91f5f7ccc",
              "isHook": false,
              "skipped": false
            },
            {
              "title": "Validações Pesquisa Italia",
              "fullTitle": "Input Campo de Pesquisa Interface Countries Validações Pesquisa Italia",
              "timedOut": null,
              "duration": 3247,
              "state": "passed",
              "speed": "fast",
              "pass": true,
              "fail": false,
              "pending": false,
              "context": null,
              "code": "cy.campoPesquisaItalia();",
              "err": {},
              "uuid": "0654e94a-246f-4049-a89d-b9e36b21d8f6",
              "parentUUID": "0db32a9d-29b8-4dce-81bb-fce91f5f7ccc",
              "isHook": false,
              "skipped": false
            },
            {
              "title": "Validações Pesquisa Israel",
              "fullTitle": "Input Campo de Pesquisa Interface Countries Validações Pesquisa Israel",
              "timedOut": null,
              "duration": 1684,
              "state": "passed",
              "speed": "fast",
              "pass": true,
              "fail": false,
              "pending": false,
              "context": null,
              "code": "cy.campoPesquisaIsrael();",
              "err": {},
              "uuid": "51a82fa2-00b0-4c1e-80c1-2fb336f15ec4",
              "parentUUID": "0db32a9d-29b8-4dce-81bb-fce91f5f7ccc",
              "isHook": false,
              "skipped": false
            }
          ],
          "suites": [],
          "passes": [
            "ecf173d9-44c1-4190-b56d-84207b6fa7ab",
            "4e11c3d0-c410-4089-850b-e81b08136d05",
            "b8dea712-7bb4-472e-a7e2-3c75a92798d1",
            "55d98d8c-a15d-44ce-9161-ac14aa5fbff0",
            "8dd2f84d-98d3-412f-94a9-9549332aa7df",
            "252c0c55-cef1-4a20-9d52-3df0cc5f6e04",
            "dd88ccab-4d39-4f60-8728-493e9c55d869",
            "0c2681e5-3a55-47ca-b646-e56ecc8320f0",
            "b53c2767-ce2d-41c6-9c6f-6716f92b7686",
            "6d4ce842-fde3-44da-919f-794c9fe41baa",
            "51be4fb5-e2e2-485a-92fa-8c4180f9d6c5",
            "88374684-f571-4eb2-9d20-53d6a3ba003a",
            "f1e7c37f-b46e-4d7b-882d-eb681d2207a4",
            "e7bfebba-67b5-4681-8826-95843741e13b",
            "bb9c7458-53ca-4353-896f-ff038a1f35cc",
            "705d3d13-1e3f-4ef9-938b-a3a3fcef6d9f",
            "ad5d8cd9-3a69-40f0-88fc-f3a8c682ad03",
            "61fe5ddc-2fcc-43bf-8d47-068720851100",
            "d66a0f29-c41c-41dd-8214-bafc5bfdad45",
            "93efe9ca-9139-491d-ba3d-db5bbea29f3f",
            "e813ff7c-5a1a-4d37-abe4-22014133904a",
            "2ab67372-f422-4e57-a063-4ed3930ad901",
            "abe2737b-9bfb-4403-bf76-cf000f571c67",
            "e9d54948-09af-444b-8249-73845226fb0e",
            "8601b2ff-e70c-42d2-a3d2-172b3c308a6e",
            "84dec783-0177-4d8b-bf11-16a43447c53e",
            "0080bd02-e247-43cc-9760-7ee5a5c5a385",
            "6e969941-9b9f-4665-83bf-b1874a567f47",
            "6cbe72d0-b149-4fcf-b9a2-3819ae88c1e6",
            "1ceb37eb-926f-4247-9973-436c4daea853",
            "0654e94a-246f-4049-a89d-b9e36b21d8f6",
            "51a82fa2-00b0-4c1e-80c1-2fb336f15ec4"
          ],
          "failures": [],
          "pending": [],
          "skipped": [],
          "duration": 56312,
          "root": false,
          "rootEmpty": false,
          "_timeout": 2000
        }
      ],
      "passes": [],
      "failures": [],
      "pending": [],
      "skipped": [],
      "duration": 0,
      "root": true,
      "rootEmpty": true,
      "_timeout": 2000
    }
  ],
  "meta": {
    "mocha": {
      "version": "7.0.1"
    },
    "mochawesome": {
      "options": {
        "quiet": true,
        "reportFilename": "mochawesome",
        "saveHtml": true,
        "saveJson": true,
        "consoleReporter": "spec",
        "useInlineDiffs": false,
        "code": true
      },
      "version": "7.1.3"
    },
    "marge": {
      "options": {
        "reportDir": "cypress/reports/23-02-2024_10-51-48",
        "quiet": true,
        "overwrite": false,
        "html": true,
        "json": true
      },
      "version": "6.2.0"
    }
  }
}