{
  "stats": {
    "suites": 1,
    "tests": 2,
    "passes": 2,
    "pending": 0,
    "failures": 0,
    "start": "2024-02-19T17:45:19.900Z",
    "end": "2024-02-19T17:45:53.697Z",
    "duration": 33797,
    "testsRegistered": 2,
    "passPercent": 100,
    "pendingPercent": 0,
    "other": 0,
    "hasOther": false,
    "skipped": 0,
    "hasSkipped": false
  },
  "results": [
    {
      "uuid": "09433f56-3ac5-4377-a9de-314a0a097bd6",
      "title": "",
      "fullFile": "cypress\\e2e\\validInterface.cy.js",
      "file": "cypress\\e2e\\validInterface.cy.js",
      "beforeHooks": [],
      "afterHooks": [],
      "tests": [],
      "suites": [
        {
          "uuid": "18e57a72-92d8-4f53-b250-4079915faaed",
          "title": "Área do Projeto validações de Informações da Interface",
          "fullFile": "",
          "file": "",
          "beforeHooks": [],
          "afterHooks": [],
          "tests": [
            {
              "title": "Confirmações de informações do Projeto",
              "fullTitle": "Área do Projeto validações de Informações da Interface Confirmações de informações do Projeto",
              "timedOut": null,
              "duration": 19302,
              "state": "passed",
              "speed": "slow",
              "pass": true,
              "fail": false,
              "pending": false,
              "context": null,
              "code": "cy.projeto();\ncy.fields();\ncy.endpoits();",
              "err": {},
              "uuid": "6da6beb5-cd6c-496a-bb2d-a410e7190acd",
              "parentUUID": "18e57a72-92d8-4f53-b250-4079915faaed",
              "isHook": false,
              "skipped": false
            },
            {
              "title": "Confirmações de informações do Projeto",
              "fullTitle": "Área do Projeto validações de Informações da Interface Confirmações de informações do Projeto",
              "timedOut": null,
              "duration": 11535,
              "state": "passed",
              "speed": "slow",
              "pass": true,
              "fail": false,
              "pending": false,
              "context": null,
              "code": "cy.contributing();\ncy.donations();",
              "err": {},
              "uuid": "9a14520b-0eaf-4b4a-821b-04de8913641e",
              "parentUUID": "18e57a72-92d8-4f53-b250-4079915faaed",
              "isHook": false,
              "skipped": false
            }
          ],
          "suites": [],
          "passes": [
            "6da6beb5-cd6c-496a-bb2d-a410e7190acd",
            "9a14520b-0eaf-4b4a-821b-04de8913641e"
          ],
          "failures": [],
          "pending": [],
          "skipped": [],
          "duration": 30837,
          "root": false,
          "rootEmpty": false,
          "_timeout": 2000
        }
      ],
      "passes": [],
      "failures": [],
      "pending": [],
      "skipped": [],
      "duration": 0,
      "root": true,
      "rootEmpty": true,
      "_timeout": 2000
    }
  ],
  "meta": {
    "mocha": {
      "version": "7.0.1"
    },
    "mochawesome": {
      "options": {
        "quiet": true,
        "reportFilename": "mochawesome",
        "saveHtml": true,
        "saveJson": true,
        "consoleReporter": "spec",
        "useInlineDiffs": false,
        "code": true
      },
      "version": "7.1.3"
    },
    "marge": {
      "options": {
        "reportDir": "cypress/reports/19-02-2024_14-44-08",
        "quiet": true,
        "overwrite": false,
        "html": true,
        "json": true
      },
      "version": "6.2.0"
    }
  }
}