{
  "stats": {
    "suites": 1,
    "tests": 32,
    "passes": 31,
    "pending": 0,
    "failures": 1,
    "start": "2024-02-20T17:04:37.326Z",
    "end": "2024-02-20T17:05:35.498Z",
    "duration": 58172,
    "testsRegistered": 32,
    "passPercent": 96.875,
    "pendingPercent": 0,
    "other": 0,
    "hasOther": false,
    "skipped": 0,
    "hasSkipped": false
  },
  "results": [
    {
      "uuid": "c7d31893-3db7-447f-acfe-0045e983078f",
      "title": "",
      "fullFile": "cypress\\e2e\\pesquisaInterface.cy.js",
      "file": "cypress\\e2e\\pesquisaInterface.cy.js",
      "beforeHooks": [],
      "afterHooks": [],
      "tests": [],
      "suites": [
        {
          "uuid": "9238e97b-62f2-41bc-a227-89997d0ac44d",
          "title": "Input Campo de Pesquisa Interface Countries",
          "fullFile": "",
          "file": "",
          "beforeHooks": [],
          "afterHooks": [],
          "tests": [
            {
              "title": "Validações Pesquisa Brasil",
              "fullTitle": "Input Campo de Pesquisa Interface Countries Validações Pesquisa Brasil",
              "timedOut": null,
              "duration": 3577,
              "state": "passed",
              "speed": "fast",
              "pass": true,
              "fail": false,
              "pending": false,
              "context": null,
              "code": "cy.campoPesquisaBrasil();",
              "err": {},
              "uuid": "091a1b7c-f767-4971-a877-3d1015f2ae38",
              "parentUUID": "9238e97b-62f2-41bc-a227-89997d0ac44d",
              "isHook": false,
              "skipped": false
            },
            {
              "title": "Validações Pesquisa Argentina",
              "fullTitle": "Input Campo de Pesquisa Interface Countries Validações Pesquisa Argentina",
              "timedOut": null,
              "duration": 1594,
              "state": "passed",
              "speed": "fast",
              "pass": true,
              "fail": false,
              "pending": false,
              "context": null,
              "code": "cy.campoPesquisaArgentina();",
              "err": {},
              "uuid": "c66ba9f5-a9f0-42f3-9c93-a304b82ea846",
              "parentUUID": "9238e97b-62f2-41bc-a227-89997d0ac44d",
              "isHook": false,
              "skipped": false
            },
            {
              "title": "Validações Pesquisa Portugal",
              "fullTitle": "Input Campo de Pesquisa Interface Countries Validações Pesquisa Portugal",
              "timedOut": null,
              "duration": 1588,
              "state": "passed",
              "speed": "fast",
              "pass": true,
              "fail": false,
              "pending": false,
              "context": null,
              "code": "cy.campoPesquisaPortugal();",
              "err": {},
              "uuid": "1aee18a7-eefb-4663-a620-99b062a418a6",
              "parentUUID": "9238e97b-62f2-41bc-a227-89997d0ac44d",
              "isHook": false,
              "skipped": false
            },
            {
              "title": "Validações Pesquisa Mexico",
              "fullTitle": "Input Campo de Pesquisa Interface Countries Validações Pesquisa Mexico",
              "timedOut": null,
              "duration": 1696,
              "state": "passed",
              "speed": "fast",
              "pass": true,
              "fail": false,
              "pending": false,
              "context": null,
              "code": "cy.campoPesquisaMexico();",
              "err": {},
              "uuid": "afe98726-3bee-4490-8c49-ba4ccbc6d70c",
              "parentUUID": "9238e97b-62f2-41bc-a227-89997d0ac44d",
              "isHook": false,
              "skipped": false
            },
            {
              "title": "Validações Pesquisa EUA",
              "fullTitle": "Input Campo de Pesquisa Interface Countries Validações Pesquisa EUA",
              "timedOut": null,
              "duration": 4857,
              "state": "failed",
              "speed": null,
              "pass": false,
              "fail": true,
              "pending": false,
              "context": null,
              "code": "cy.campoPesquisaEUA();",
              "err": {
                "message": "AssertionError: Timed out retrying after 4000ms: Expected to find element: `:nth-child(5) > td1`, but never found it.",
                "estack": "AssertionError: Timed out retrying after 4000ms: Expected to find element: `:nth-child(5) > td1`, but never found it.\n    at Context.eval (webpack://modelo_restcountries/./cypress/support/pesquisaInterface.js:60:34)",
                "diff": null
              },
              "uuid": "37572161-c14d-4fc3-8cc6-67012449a1f4",
              "parentUUID": "9238e97b-62f2-41bc-a227-89997d0ac44d",
              "isHook": false,
              "skipped": false
            },
            {
              "title": "Validações Pesquisa China",
              "fullTitle": "Input Campo de Pesquisa Interface Countries Validações Pesquisa China",
              "timedOut": null,
              "duration": 1705,
              "state": "passed",
              "speed": "fast",
              "pass": true,
              "fail": false,
              "pending": false,
              "context": null,
              "code": "cy.campoPesquisaChina();",
              "err": {},
              "uuid": "37e7e4d0-f156-4368-abdc-e9ba291ae7be",
              "parentUUID": "9238e97b-62f2-41bc-a227-89997d0ac44d",
              "isHook": false,
              "skipped": false
            },
            {
              "title": "Validações Pesquisa Japão",
              "fullTitle": "Input Campo de Pesquisa Interface Countries Validações Pesquisa Japão",
              "timedOut": null,
              "duration": 1515,
              "state": "passed",
              "speed": "fast",
              "pass": true,
              "fail": false,
              "pending": false,
              "context": null,
              "code": "cy.campoPesquisaJapao();",
              "err": {},
              "uuid": "068a7bf7-8d5e-4cdc-9661-076ff76ef11e",
              "parentUUID": "9238e97b-62f2-41bc-a227-89997d0ac44d",
              "isHook": false,
              "skipped": false
            },
            {
              "title": "Validações Pesquisa Russia",
              "fullTitle": "Input Campo de Pesquisa Interface Countries Validações Pesquisa Russia",
              "timedOut": null,
              "duration": 1537,
              "state": "passed",
              "speed": "fast",
              "pass": true,
              "fail": false,
              "pending": false,
              "context": null,
              "code": "cy.campoPesquisaRussia();",
              "err": {},
              "uuid": "6f87ed12-f87e-4c15-be0a-dc0165eabafd",
              "parentUUID": "9238e97b-62f2-41bc-a227-89997d0ac44d",
              "isHook": false,
              "skipped": false
            },
            {
              "title": "Validações Pesquisa Armenia",
              "fullTitle": "Input Campo de Pesquisa Interface Countries Validações Pesquisa Armenia",
              "timedOut": null,
              "duration": 1536,
              "state": "passed",
              "speed": "fast",
              "pass": true,
              "fail": false,
              "pending": false,
              "context": null,
              "code": "cy.campoPesquisaArmenia();",
              "err": {},
              "uuid": "49bb0792-7584-4bad-ac99-92e6ad91650c",
              "parentUUID": "9238e97b-62f2-41bc-a227-89997d0ac44d",
              "isHook": false,
              "skipped": false
            },
            {
              "title": "Validações Pesquisa Angola",
              "fullTitle": "Input Campo de Pesquisa Interface Countries Validações Pesquisa Angola",
              "timedOut": null,
              "duration": 1588,
              "state": "passed",
              "speed": "fast",
              "pass": true,
              "fail": false,
              "pending": false,
              "context": null,
              "code": "cy.campoPesquisaAngola();",
              "err": {},
              "uuid": "ba0786ef-dd4e-41c9-b54d-0bb36345b536",
              "parentUUID": "9238e97b-62f2-41bc-a227-89997d0ac44d",
              "isHook": false,
              "skipped": false
            },
            {
              "title": "Validações Pesquisa Andorra",
              "fullTitle": "Input Campo de Pesquisa Interface Countries Validações Pesquisa Andorra",
              "timedOut": null,
              "duration": 1505,
              "state": "passed",
              "speed": "fast",
              "pass": true,
              "fail": false,
              "pending": false,
              "context": null,
              "code": "cy.campoPesquisaAndorra();",
              "err": {},
              "uuid": "dabc6506-63d0-4e21-96a3-6e6d707e0789",
              "parentUUID": "9238e97b-62f2-41bc-a227-89997d0ac44d",
              "isHook": false,
              "skipped": false
            },
            {
              "title": "Validações Pesquisa Belgica",
              "fullTitle": "Input Campo de Pesquisa Interface Countries Validações Pesquisa Belgica",
              "timedOut": null,
              "duration": 1557,
              "state": "passed",
              "speed": "fast",
              "pass": true,
              "fail": false,
              "pending": false,
              "context": null,
              "code": "cy.campoPesquisaBelgica();",
              "err": {},
              "uuid": "887029a8-30b9-4218-a310-19684644f03a",
              "parentUUID": "9238e97b-62f2-41bc-a227-89997d0ac44d",
              "isHook": false,
              "skipped": false
            },
            {
              "title": "Validações Pesquisa Bulgária",
              "fullTitle": "Input Campo de Pesquisa Interface Countries Validações Pesquisa Bulgária",
              "timedOut": null,
              "duration": 1623,
              "state": "passed",
              "speed": "fast",
              "pass": true,
              "fail": false,
              "pending": false,
              "context": null,
              "code": "cy.campoPesquisaBulgaria();",
              "err": {},
              "uuid": "2a0146f8-8923-42f3-b6a9-2ea0cd89a2ff",
              "parentUUID": "9238e97b-62f2-41bc-a227-89997d0ac44d",
              "isHook": false,
              "skipped": false
            },
            {
              "title": "Validações Pesquisa Bolivia",
              "fullTitle": "Input Campo de Pesquisa Interface Countries Validações Pesquisa Bolivia",
              "timedOut": null,
              "duration": 1572,
              "state": "passed",
              "speed": "fast",
              "pass": true,
              "fail": false,
              "pending": false,
              "context": null,
              "code": "cy.campoPesquisaBolivia();",
              "err": {},
              "uuid": "95c622cb-6450-4e13-beb7-060063148566",
              "parentUUID": "9238e97b-62f2-41bc-a227-89997d0ac44d",
              "isHook": false,
              "skipped": false
            },
            {
              "title": "Validações Pesquisa Cuba",
              "fullTitle": "Input Campo de Pesquisa Interface Countries Validações Pesquisa Cuba",
              "timedOut": null,
              "duration": 1462,
              "state": "passed",
              "speed": "fast",
              "pass": true,
              "fail": false,
              "pending": false,
              "context": null,
              "code": "cy.campoPesquisaCuba();",
              "err": {},
              "uuid": "9eccd960-2bab-4cf5-91be-320a18c70deb",
              "parentUUID": "9238e97b-62f2-41bc-a227-89997d0ac44d",
              "isHook": false,
              "skipped": false
            },
            {
              "title": "Validações Pesquisa Chile",
              "fullTitle": "Input Campo de Pesquisa Interface Countries Validações Pesquisa Chile",
              "timedOut": null,
              "duration": 1491,
              "state": "passed",
              "speed": "fast",
              "pass": true,
              "fail": false,
              "pending": false,
              "context": null,
              "code": "cy.campoPesquisaChile();",
              "err": {},
              "uuid": "0ba017cf-448e-4c97-bdaf-8c96963401bc",
              "parentUUID": "9238e97b-62f2-41bc-a227-89997d0ac44d",
              "isHook": false,
              "skipped": false
            },
            {
              "title": "Validações Pesquisa Costa Rica",
              "fullTitle": "Input Campo de Pesquisa Interface Countries Validações Pesquisa Costa Rica",
              "timedOut": null,
              "duration": 1718,
              "state": "passed",
              "speed": "fast",
              "pass": true,
              "fail": false,
              "pending": false,
              "context": null,
              "code": "cy.campoPesquisaCostaRica();",
              "err": {},
              "uuid": "e81157da-fd54-446c-989a-4e3012263ac2",
              "parentUUID": "9238e97b-62f2-41bc-a227-89997d0ac44d",
              "isHook": false,
              "skipped": false
            },
            {
              "title": "Validações Pesquisa Cabo Verde",
              "fullTitle": "Input Campo de Pesquisa Interface Countries Validações Pesquisa Cabo Verde",
              "timedOut": null,
              "duration": 1747,
              "state": "passed",
              "speed": "fast",
              "pass": true,
              "fail": false,
              "pending": false,
              "context": null,
              "code": "cy.campoPesquisaCaboVerde();",
              "err": {},
              "uuid": "7c36ffd6-f59c-4eb6-9015-96d713651ed3",
              "parentUUID": "9238e97b-62f2-41bc-a227-89997d0ac44d",
              "isHook": false,
              "skipped": false
            },
            {
              "title": "Validações Pesquisa Dinamarca",
              "fullTitle": "Input Campo de Pesquisa Interface Countries Validações Pesquisa Dinamarca",
              "timedOut": null,
              "duration": 1659,
              "state": "passed",
              "speed": "fast",
              "pass": true,
              "fail": false,
              "pending": false,
              "context": null,
              "code": "cy.campoPesquisaDinamarca();",
              "err": {},
              "uuid": "10906d89-8a89-4437-8be9-770c794740a6",
              "parentUUID": "9238e97b-62f2-41bc-a227-89997d0ac44d",
              "isHook": false,
              "skipped": false
            },
            {
              "title": "Validações Pesquisa Equador",
              "fullTitle": "Input Campo de Pesquisa Interface Countries Validações Pesquisa Equador",
              "timedOut": null,
              "duration": 1566,
              "state": "passed",
              "speed": "fast",
              "pass": true,
              "fail": false,
              "pending": false,
              "context": null,
              "code": "cy.campoPesquisaEquador();",
              "err": {},
              "uuid": "6be232a0-23a5-4878-94d9-2a82472b46f6",
              "parentUUID": "9238e97b-62f2-41bc-a227-89997d0ac44d",
              "isHook": false,
              "skipped": false
            },
            {
              "title": "Validações Pesquisa Espanha",
              "fullTitle": "Input Campo de Pesquisa Interface Countries Validações Pesquisa Espanha",
              "timedOut": null,
              "duration": 1659,
              "state": "passed",
              "speed": "fast",
              "pass": true,
              "fail": false,
              "pending": false,
              "context": null,
              "code": "cy.campoPesquisaEspanha();",
              "err": {},
              "uuid": "80b16770-8081-4aa5-8cb9-8c05d10e9d00",
              "parentUUID": "9238e97b-62f2-41bc-a227-89997d0ac44d",
              "isHook": false,
              "skipped": false
            },
            {
              "title": "Validações Pesquisa Eslovenia",
              "fullTitle": "Input Campo de Pesquisa Interface Countries Validações Pesquisa Eslovenia",
              "timedOut": null,
              "duration": 1690,
              "state": "passed",
              "speed": "fast",
              "pass": true,
              "fail": false,
              "pending": false,
              "context": null,
              "code": "cy.campoPesquisaEslovenia();",
              "err": {},
              "uuid": "ce81f22e-359d-4ceb-90b4-b681e2b40333",
              "parentUUID": "9238e97b-62f2-41bc-a227-89997d0ac44d",
              "isHook": false,
              "skipped": false
            },
            {
              "title": "Validações Pesquisa Finlandia",
              "fullTitle": "Input Campo de Pesquisa Interface Countries Validações Pesquisa Finlandia",
              "timedOut": null,
              "duration": 1717,
              "state": "passed",
              "speed": "fast",
              "pass": true,
              "fail": false,
              "pending": false,
              "context": null,
              "code": "cy.campoPesquisaFinlandia();",
              "err": {},
              "uuid": "fe038eb6-55f0-4e3c-8807-eaf696204b44",
              "parentUUID": "9238e97b-62f2-41bc-a227-89997d0ac44d",
              "isHook": false,
              "skipped": false
            },
            {
              "title": "Validações Pesquisa Filipinas",
              "fullTitle": "Input Campo de Pesquisa Interface Countries Validações Pesquisa Filipinas",
              "timedOut": null,
              "duration": 1579,
              "state": "passed",
              "speed": "fast",
              "pass": true,
              "fail": false,
              "pending": false,
              "context": null,
              "code": "cy.campoPesquisaFilipinas();",
              "err": {},
              "uuid": "cf38b6b0-297b-4a8f-aa40-0d6ac2de8ede",
              "parentUUID": "9238e97b-62f2-41bc-a227-89997d0ac44d",
              "isHook": false,
              "skipped": false
            },
            {
              "title": "Validações Pesquisa França",
              "fullTitle": "Input Campo de Pesquisa Interface Countries Validações Pesquisa França",
              "timedOut": null,
              "duration": 1557,
              "state": "passed",
              "speed": "fast",
              "pass": true,
              "fail": false,
              "pending": false,
              "context": null,
              "code": "cy.campoPesquisaFranca();",
              "err": {},
              "uuid": "5ef54ccc-4348-4cd6-b6f1-13584717d454",
              "parentUUID": "9238e97b-62f2-41bc-a227-89997d0ac44d",
              "isHook": false,
              "skipped": false
            },
            {
              "title": "Validações Pesquisa Grécia",
              "fullTitle": "Input Campo de Pesquisa Interface Countries Validações Pesquisa Grécia",
              "timedOut": null,
              "duration": 1482,
              "state": "passed",
              "speed": "fast",
              "pass": true,
              "fail": false,
              "pending": false,
              "context": null,
              "code": "cy.campoPesquisaGrecia();",
              "err": {},
              "uuid": "e752ade9-ee1e-41c3-bd12-5a5cdccf5280",
              "parentUUID": "9238e97b-62f2-41bc-a227-89997d0ac44d",
              "isHook": false,
              "skipped": false
            },
            {
              "title": "Validações Pesquisa Gana",
              "fullTitle": "Input Campo de Pesquisa Interface Countries Validações Pesquisa Gana",
              "timedOut": null,
              "duration": 1447,
              "state": "passed",
              "speed": "fast",
              "pass": true,
              "fail": false,
              "pending": false,
              "context": null,
              "code": "cy.campoPesquisaGana();",
              "err": {},
              "uuid": "6f0efe96-ee2c-44af-9749-51faf184e749",
              "parentUUID": "9238e97b-62f2-41bc-a227-89997d0ac44d",
              "isHook": false,
              "skipped": false
            },
            {
              "title": "Validações Pesquisa Holanda",
              "fullTitle": "Input Campo de Pesquisa Interface Countries Validações Pesquisa Holanda",
              "timedOut": null,
              "duration": 1523,
              "state": "passed",
              "speed": "fast",
              "pass": true,
              "fail": false,
              "pending": false,
              "context": null,
              "code": "cy.campoPesquisaHolanda();",
              "err": {},
              "uuid": "bf6d9f29-ea63-4105-8a8d-1adccbc83ed1",
              "parentUUID": "9238e97b-62f2-41bc-a227-89997d0ac44d",
              "isHook": false,
              "skipped": false
            },
            {
              "title": "Validações Pesquisa Iraque",
              "fullTitle": "Input Campo de Pesquisa Interface Countries Validações Pesquisa Iraque",
              "timedOut": null,
              "duration": 1515,
              "state": "passed",
              "speed": "fast",
              "pass": true,
              "fail": false,
              "pending": false,
              "context": null,
              "code": "cy.campoPesquisaIraque();",
              "err": {},
              "uuid": "62b5ce45-41af-48d6-9a0f-71125639bd5e",
              "parentUUID": "9238e97b-62f2-41bc-a227-89997d0ac44d",
              "isHook": false,
              "skipped": false
            },
            {
              "title": "Validações Pesquisa India",
              "fullTitle": "Input Campo de Pesquisa Interface Countries Validações Pesquisa India",
              "timedOut": null,
              "duration": 1572,
              "state": "passed",
              "speed": "fast",
              "pass": true,
              "fail": false,
              "pending": false,
              "context": null,
              "code": "cy.campoPesquisaIndia();",
              "err": {},
              "uuid": "9f8a12af-552b-454f-b608-ed63df5c9d5e",
              "parentUUID": "9238e97b-62f2-41bc-a227-89997d0ac44d",
              "isHook": false,
              "skipped": false
            },
            {
              "title": "Validações Pesquisa Italia",
              "fullTitle": "Input Campo de Pesquisa Interface Countries Validações Pesquisa Italia",
              "timedOut": null,
              "duration": 1647,
              "state": "passed",
              "speed": "fast",
              "pass": true,
              "fail": false,
              "pending": false,
              "context": null,
              "code": "cy.campoPesquisaItalia();",
              "err": {},
              "uuid": "3a7ee291-b3a2-4542-b504-b30625fc5741",
              "parentUUID": "9238e97b-62f2-41bc-a227-89997d0ac44d",
              "isHook": false,
              "skipped": false
            },
            {
              "title": "Validações Pesquisa Israel",
              "fullTitle": "Input Campo de Pesquisa Interface Countries Validações Pesquisa Israel",
              "timedOut": null,
              "duration": 1536,
              "state": "passed",
              "speed": "fast",
              "pass": true,
              "fail": false,
              "pending": false,
              "context": null,
              "code": "cy.campoPesquisaIsrael();",
              "err": {},
              "uuid": "83811dab-7fc6-43f8-89cd-09d12b85a8c8",
              "parentUUID": "9238e97b-62f2-41bc-a227-89997d0ac44d",
              "isHook": false,
              "skipped": false
            }
          ],
          "suites": [],
          "passes": [
            "091a1b7c-f767-4971-a877-3d1015f2ae38",
            "c66ba9f5-a9f0-42f3-9c93-a304b82ea846",
            "1aee18a7-eefb-4663-a620-99b062a418a6",
            "afe98726-3bee-4490-8c49-ba4ccbc6d70c",
            "37e7e4d0-f156-4368-abdc-e9ba291ae7be",
            "068a7bf7-8d5e-4cdc-9661-076ff76ef11e",
            "6f87ed12-f87e-4c15-be0a-dc0165eabafd",
            "49bb0792-7584-4bad-ac99-92e6ad91650c",
            "ba0786ef-dd4e-41c9-b54d-0bb36345b536",
            "dabc6506-63d0-4e21-96a3-6e6d707e0789",
            "887029a8-30b9-4218-a310-19684644f03a",
            "2a0146f8-8923-42f3-b6a9-2ea0cd89a2ff",
            "95c622cb-6450-4e13-beb7-060063148566",
            "9eccd960-2bab-4cf5-91be-320a18c70deb",
            "0ba017cf-448e-4c97-bdaf-8c96963401bc",
            "e81157da-fd54-446c-989a-4e3012263ac2",
            "7c36ffd6-f59c-4eb6-9015-96d713651ed3",
            "10906d89-8a89-4437-8be9-770c794740a6",
            "6be232a0-23a5-4878-94d9-2a82472b46f6",
            "80b16770-8081-4aa5-8cb9-8c05d10e9d00",
            "ce81f22e-359d-4ceb-90b4-b681e2b40333",
            "fe038eb6-55f0-4e3c-8807-eaf696204b44",
            "cf38b6b0-297b-4a8f-aa40-0d6ac2de8ede",
            "5ef54ccc-4348-4cd6-b6f1-13584717d454",
            "e752ade9-ee1e-41c3-bd12-5a5cdccf5280",
            "6f0efe96-ee2c-44af-9749-51faf184e749",
            "bf6d9f29-ea63-4105-8a8d-1adccbc83ed1",
            "62b5ce45-41af-48d6-9a0f-71125639bd5e",
            "9f8a12af-552b-454f-b608-ed63df5c9d5e",
            "3a7ee291-b3a2-4542-b504-b30625fc5741",
            "83811dab-7fc6-43f8-89cd-09d12b85a8c8"
          ],
          "failures": [
            "37572161-c14d-4fc3-8cc6-67012449a1f4"
          ],
          "pending": [],
          "skipped": [],
          "duration": 56017,
          "root": false,
          "rootEmpty": false,
          "_timeout": 2000
        }
      ],
      "passes": [],
      "failures": [],
      "pending": [],
      "skipped": [],
      "duration": 0,
      "root": true,
      "rootEmpty": true,
      "_timeout": 2000
    }
  ],
  "meta": {
    "mocha": {
      "version": "7.0.1"
    },
    "mochawesome": {
      "options": {
        "quiet": true,
        "reportFilename": "mochawesome",
        "saveHtml": true,
        "saveJson": true,
        "consoleReporter": "spec",
        "useInlineDiffs": false,
        "code": true
      },
      "version": "7.1.3"
    },
    "marge": {
      "options": {
        "reportDir": "cypress/reports/20-02-2024_14-04-27",
        "quiet": true,
        "overwrite": false,
        "html": true,
        "json": true
      },
      "version": "6.2.0"
    }
  }
}