{
  "stats": {
    "suites": 1,
    "tests": 1,
    "passes": 1,
    "pending": 0,
    "failures": 0,
    "start": "2024-02-16T18:58:18.943Z",
    "end": "2024-02-16T18:58:36.429Z",
    "duration": 17486,
    "testsRegistered": 1,
    "passPercent": 100,
    "pendingPercent": 0,
    "other": 0,
    "hasOther": false,
    "skipped": 0,
    "hasSkipped": false
  },
  "results": [
    {
      "uuid": "010c50c2-cab8-4aaf-8a56-6227aa0b757f",
      "title": "",
      "fullFile": "cypress\\e2e\\projeto.cy.js",
      "file": "cypress\\e2e\\projeto.cy.js",
      "beforeHooks": [],
      "afterHooks": [],
      "tests": [],
      "suites": [
        {
          "uuid": "ebf88b3e-64eb-4481-8188-318f562c9e07",
          "title": "Área do Projeto",
          "fullFile": "",
          "file": "",
          "beforeHooks": [],
          "afterHooks": [],
          "tests": [
            {
              "title": "Confirmações de informações do Projeto",
              "fullTitle": "Área do Projeto Confirmações de informações do Projeto",
              "timedOut": null,
              "duration": 15174,
              "state": "passed",
              "speed": "slow",
              "pass": true,
              "fail": false,
              "pending": false,
              "context": null,
              "code": "cy.projeto();\ncy.fields();\ncy.endpoits();",
              "err": {},
              "uuid": "457257e8-35bf-4ee3-96d3-e32d7b5db724",
              "parentUUID": "ebf88b3e-64eb-4481-8188-318f562c9e07",
              "isHook": false,
              "skipped": false
            }
          ],
          "suites": [],
          "passes": [
            "457257e8-35bf-4ee3-96d3-e32d7b5db724"
          ],
          "failures": [],
          "pending": [],
          "skipped": [],
          "duration": 15174,
          "root": false,
          "rootEmpty": false,
          "_timeout": 2000
        }
      ],
      "passes": [],
      "failures": [],
      "pending": [],
      "skipped": [],
      "duration": 0,
      "root": true,
      "rootEmpty": true,
      "_timeout": 2000
    }
  ],
  "meta": {
    "mocha": {
      "version": "7.0.1"
    },
    "mochawesome": {
      "options": {
        "quiet": true,
        "reportFilename": "mochawesome",
        "saveHtml": true,
        "saveJson": true,
        "consoleReporter": "spec",
        "useInlineDiffs": false,
        "code": true
      },
      "version": "7.1.3"
    },
    "marge": {
      "options": {
        "reportDir": "cypress/reports/16-02-2024_15-57-08",
        "quiet": true,
        "overwrite": false,
        "html": true,
        "json": true
      },
      "version": "6.2.0"
    }
  }
}