{
  "stats": {
    "suites": 1,
    "tests": 8,
    "passes": 8,
    "pending": 0,
    "failures": 0,
    "start": "2024-02-16T18:57:44.447Z",
    "end": "2024-02-16T18:58:15.689Z",
    "duration": 31242,
    "testsRegistered": 8,
    "passPercent": 100,
    "pendingPercent": 0,
    "other": 0,
    "hasOther": false,
    "skipped": 0,
    "hasSkipped": false
  },
  "results": [
    {
      "uuid": "212f3b34-96c2-410e-ad43-bd011b553bb1",
      "title": "",
      "fullFile": "cypress\\e2e\\pesquisaInterface.cy.js",
      "file": "cypress\\e2e\\pesquisaInterface.cy.js",
      "beforeHooks": [],
      "afterHooks": [],
      "tests": [],
      "suites": [
        {
          "uuid": "70a3d629-13e8-4c72-804a-383d7f83deb8",
          "title": "Input Campo de Pesquisa Interface Countries",
          "fullFile": "",
          "file": "",
          "beforeHooks": [],
          "afterHooks": [],
          "tests": [
            {
              "title": "Validações Pesquisa Brasil",
              "fullTitle": "Input Campo de Pesquisa Interface Countries Validações Pesquisa Brasil",
              "timedOut": null,
              "duration": 5238,
              "state": "passed",
              "speed": "medium",
              "pass": true,
              "fail": false,
              "pending": false,
              "context": null,
              "code": "cy.campoPesquisaBrasil();",
              "err": {},
              "uuid": "9bf3bca7-7391-413d-9d11-45ad94a429a7",
              "parentUUID": "70a3d629-13e8-4c72-804a-383d7f83deb8",
              "isHook": false,
              "skipped": false
            },
            {
              "title": "Validações Pesquisa Argentina",
              "fullTitle": "Input Campo de Pesquisa Interface Countries Validações Pesquisa Argentina",
              "timedOut": null,
              "duration": 3959,
              "state": "passed",
              "speed": "fast",
              "pass": true,
              "fail": false,
              "pending": false,
              "context": null,
              "code": "cy.campoPesquisaArgentina();",
              "err": {},
              "uuid": "7a1d4bde-0b87-4b0d-bd10-c0909ff2d5e5",
              "parentUUID": "70a3d629-13e8-4c72-804a-383d7f83deb8",
              "isHook": false,
              "skipped": false
            },
            {
              "title": "Validações Pesquisa Portugal",
              "fullTitle": "Input Campo de Pesquisa Interface Countries Validações Pesquisa Portugal",
              "timedOut": null,
              "duration": 3856,
              "state": "passed",
              "speed": "fast",
              "pass": true,
              "fail": false,
              "pending": false,
              "context": null,
              "code": "cy.campoPesquisaPortugal();",
              "err": {},
              "uuid": "49a950b9-ab69-4174-b53a-74c7c565afb9",
              "parentUUID": "70a3d629-13e8-4c72-804a-383d7f83deb8",
              "isHook": false,
              "skipped": false
            },
            {
              "title": "Validações Pesquisa Mexico",
              "fullTitle": "Input Campo de Pesquisa Interface Countries Validações Pesquisa Mexico",
              "timedOut": null,
              "duration": 3509,
              "state": "passed",
              "speed": "fast",
              "pass": true,
              "fail": false,
              "pending": false,
              "context": null,
              "code": "cy.campoPesquisaMexico();",
              "err": {},
              "uuid": "f0560a14-f719-4815-b24b-896b7a12cdf5",
              "parentUUID": "70a3d629-13e8-4c72-804a-383d7f83deb8",
              "isHook": false,
              "skipped": false
            },
            {
              "title": "Validações Pesquisa EUA",
              "fullTitle": "Input Campo de Pesquisa Interface Countries Validações Pesquisa EUA",
              "timedOut": null,
              "duration": 3597,
              "state": "passed",
              "speed": "fast",
              "pass": true,
              "fail": false,
              "pending": false,
              "context": null,
              "code": "cy.campoPesquisaEUA();",
              "err": {},
              "uuid": "e7913dbd-0218-4c7e-82a4-2fd550320f99",
              "parentUUID": "70a3d629-13e8-4c72-804a-383d7f83deb8",
              "isHook": false,
              "skipped": false
            },
            {
              "title": "Validações Pesquisa China",
              "fullTitle": "Input Campo de Pesquisa Interface Countries Validações Pesquisa China",
              "timedOut": null,
              "duration": 3537,
              "state": "passed",
              "speed": "fast",
              "pass": true,
              "fail": false,
              "pending": false,
              "context": null,
              "code": "cy.campoPesquisaChina();",
              "err": {},
              "uuid": "e50e4d53-0687-41c0-88aa-aaf95d0da562",
              "parentUUID": "70a3d629-13e8-4c72-804a-383d7f83deb8",
              "isHook": false,
              "skipped": false
            },
            {
              "title": "Validações Pesquisa Japão",
              "fullTitle": "Input Campo de Pesquisa Interface Countries Validações Pesquisa Japão",
              "timedOut": null,
              "duration": 3593,
              "state": "passed",
              "speed": "fast",
              "pass": true,
              "fail": false,
              "pending": false,
              "context": null,
              "code": "cy.campoPesquisaJapao();",
              "err": {},
              "uuid": "f7ee9a5e-bb0f-4f75-b207-38a8d85b0d9a",
              "parentUUID": "70a3d629-13e8-4c72-804a-383d7f83deb8",
              "isHook": false,
              "skipped": false
            },
            {
              "title": "Validações Pesquisa Russia",
              "fullTitle": "Input Campo de Pesquisa Interface Countries Validações Pesquisa Russia",
              "timedOut": null,
              "duration": 3552,
              "state": "passed",
              "speed": "fast",
              "pass": true,
              "fail": false,
              "pending": false,
              "context": null,
              "code": "cy.campoPesquisaRussia();",
              "err": {},
              "uuid": "a90aaf27-416e-4ed6-b70f-916732943c63",
              "parentUUID": "70a3d629-13e8-4c72-804a-383d7f83deb8",
              "isHook": false,
              "skipped": false
            }
          ],
          "suites": [],
          "passes": [
            "9bf3bca7-7391-413d-9d11-45ad94a429a7",
            "7a1d4bde-0b87-4b0d-bd10-c0909ff2d5e5",
            "49a950b9-ab69-4174-b53a-74c7c565afb9",
            "f0560a14-f719-4815-b24b-896b7a12cdf5",
            "e7913dbd-0218-4c7e-82a4-2fd550320f99",
            "e50e4d53-0687-41c0-88aa-aaf95d0da562",
            "f7ee9a5e-bb0f-4f75-b207-38a8d85b0d9a",
            "a90aaf27-416e-4ed6-b70f-916732943c63"
          ],
          "failures": [],
          "pending": [],
          "skipped": [],
          "duration": 30841,
          "root": false,
          "rootEmpty": false,
          "_timeout": 2000
        }
      ],
      "passes": [],
      "failures": [],
      "pending": [],
      "skipped": [],
      "duration": 0,
      "root": true,
      "rootEmpty": true,
      "_timeout": 2000
    }
  ],
  "meta": {
    "mocha": {
      "version": "7.0.1"
    },
    "mochawesome": {
      "options": {
        "quiet": true,
        "reportFilename": "mochawesome",
        "saveHtml": true,
        "saveJson": true,
        "consoleReporter": "spec",
        "useInlineDiffs": false,
        "code": true
      },
      "version": "7.1.3"
    },
    "marge": {
      "options": {
        "reportDir": "cypress/reports/16-02-2024_15-57-08",
        "quiet": true,
        "overwrite": false,
        "html": true,
        "json": true
      },
      "version": "6.2.0"
    }
  }
}