{
  "stats": {
    "suites": 1,
    "tests": 32,
    "passes": 32,
    "pending": 0,
    "failures": 0,
    "start": "2024-02-16T23:01:45.574Z",
    "end": "2024-02-16T23:02:41.045Z",
    "duration": 55471,
    "testsRegistered": 32,
    "passPercent": 100,
    "pendingPercent": 0,
    "other": 0,
    "hasOther": false,
    "skipped": 0,
    "hasSkipped": false
  },
  "results": [
    {
      "uuid": "bb7f2722-6c16-4db1-b8c4-8bc4a31f53a6",
      "title": "",
      "fullFile": "cypress\\e2e\\pesquisaInterface.cy.js",
      "file": "cypress\\e2e\\pesquisaInterface.cy.js",
      "beforeHooks": [],
      "afterHooks": [],
      "tests": [],
      "suites": [
        {
          "uuid": "0218a26d-ab69-4b4e-b70b-8e678b5cbc2e",
          "title": "Input Campo de Pesquisa Interface Countries",
          "fullFile": "",
          "file": "",
          "beforeHooks": [],
          "afterHooks": [],
          "tests": [
            {
              "title": "Validações Pesquisa Brasil",
              "fullTitle": "Input Campo de Pesquisa Interface Countries Validações Pesquisa Brasil",
              "timedOut": null,
              "duration": 4186,
              "state": "passed",
              "speed": "fast",
              "pass": true,
              "fail": false,
              "pending": false,
              "context": null,
              "code": "cy.campoPesquisaBrasil();",
              "err": {},
              "uuid": "7ba73819-c805-42e7-abe3-c4b8098f1058",
              "parentUUID": "0218a26d-ab69-4b4e-b70b-8e678b5cbc2e",
              "isHook": false,
              "skipped": false
            },
            {
              "title": "Validações Pesquisa Argentina",
              "fullTitle": "Input Campo de Pesquisa Interface Countries Validações Pesquisa Argentina",
              "timedOut": null,
              "duration": 1733,
              "state": "passed",
              "speed": "fast",
              "pass": true,
              "fail": false,
              "pending": false,
              "context": null,
              "code": "cy.campoPesquisaArgentina();",
              "err": {},
              "uuid": "7a7702ae-e67b-4ed9-ad29-0686498fdc63",
              "parentUUID": "0218a26d-ab69-4b4e-b70b-8e678b5cbc2e",
              "isHook": false,
              "skipped": false
            },
            {
              "title": "Validações Pesquisa Portugal",
              "fullTitle": "Input Campo de Pesquisa Interface Countries Validações Pesquisa Portugal",
              "timedOut": null,
              "duration": 1615,
              "state": "passed",
              "speed": "fast",
              "pass": true,
              "fail": false,
              "pending": false,
              "context": null,
              "code": "cy.campoPesquisaPortugal();",
              "err": {},
              "uuid": "122dce8f-2b77-4f96-be4d-e58424500792",
              "parentUUID": "0218a26d-ab69-4b4e-b70b-8e678b5cbc2e",
              "isHook": false,
              "skipped": false
            },
            {
              "title": "Validações Pesquisa Mexico",
              "fullTitle": "Input Campo de Pesquisa Interface Countries Validações Pesquisa Mexico",
              "timedOut": null,
              "duration": 1667,
              "state": "passed",
              "speed": "fast",
              "pass": true,
              "fail": false,
              "pending": false,
              "context": null,
              "code": "cy.campoPesquisaMexico();",
              "err": {},
              "uuid": "21309a86-5e79-41cd-9048-f88b7df54f68",
              "parentUUID": "0218a26d-ab69-4b4e-b70b-8e678b5cbc2e",
              "isHook": false,
              "skipped": false
            },
            {
              "title": "Validações Pesquisa EUA",
              "fullTitle": "Input Campo de Pesquisa Interface Countries Validações Pesquisa EUA",
              "timedOut": null,
              "duration": 1720,
              "state": "passed",
              "speed": "fast",
              "pass": true,
              "fail": false,
              "pending": false,
              "context": null,
              "code": "cy.campoPesquisaEUA();",
              "err": {},
              "uuid": "fd8e03c5-b0e9-4393-b2a5-7f67648d59f1",
              "parentUUID": "0218a26d-ab69-4b4e-b70b-8e678b5cbc2e",
              "isHook": false,
              "skipped": false
            },
            {
              "title": "Validações Pesquisa China",
              "fullTitle": "Input Campo de Pesquisa Interface Countries Validações Pesquisa China",
              "timedOut": null,
              "duration": 1561,
              "state": "passed",
              "speed": "fast",
              "pass": true,
              "fail": false,
              "pending": false,
              "context": null,
              "code": "cy.campoPesquisaChina();",
              "err": {},
              "uuid": "6fa6ecf0-b028-46af-aeea-2381496ac641",
              "parentUUID": "0218a26d-ab69-4b4e-b70b-8e678b5cbc2e",
              "isHook": false,
              "skipped": false
            },
            {
              "title": "Validações Pesquisa Japão",
              "fullTitle": "Input Campo de Pesquisa Interface Countries Validações Pesquisa Japão",
              "timedOut": null,
              "duration": 1604,
              "state": "passed",
              "speed": "fast",
              "pass": true,
              "fail": false,
              "pending": false,
              "context": null,
              "code": "cy.campoPesquisaJapao();",
              "err": {},
              "uuid": "99e7e903-2b1b-4599-80f9-2f18475dc278",
              "parentUUID": "0218a26d-ab69-4b4e-b70b-8e678b5cbc2e",
              "isHook": false,
              "skipped": false
            },
            {
              "title": "Validações Pesquisa Russia",
              "fullTitle": "Input Campo de Pesquisa Interface Countries Validações Pesquisa Russia",
              "timedOut": null,
              "duration": 1612,
              "state": "passed",
              "speed": "fast",
              "pass": true,
              "fail": false,
              "pending": false,
              "context": null,
              "code": "cy.campoPesquisaRussia();",
              "err": {},
              "uuid": "2ebbf0a4-4e80-48ab-9cfa-718c81c2bd58",
              "parentUUID": "0218a26d-ab69-4b4e-b70b-8e678b5cbc2e",
              "isHook": false,
              "skipped": false
            },
            {
              "title": "Validações Pesquisa Armenia",
              "fullTitle": "Input Campo de Pesquisa Interface Countries Validações Pesquisa Armenia",
              "timedOut": null,
              "duration": 1702,
              "state": "passed",
              "speed": "fast",
              "pass": true,
              "fail": false,
              "pending": false,
              "context": null,
              "code": "cy.campoPesquisaArmenia();",
              "err": {},
              "uuid": "3fa12268-4cc5-4d82-80f6-cc0801c81173",
              "parentUUID": "0218a26d-ab69-4b4e-b70b-8e678b5cbc2e",
              "isHook": false,
              "skipped": false
            },
            {
              "title": "Validações Pesquisa Angola",
              "fullTitle": "Input Campo de Pesquisa Interface Countries Validações Pesquisa Angola",
              "timedOut": null,
              "duration": 1671,
              "state": "passed",
              "speed": "fast",
              "pass": true,
              "fail": false,
              "pending": false,
              "context": null,
              "code": "cy.campoPesquisaAngola();",
              "err": {},
              "uuid": "97035f8e-fac1-48e1-b971-aba8f09c5c9a",
              "parentUUID": "0218a26d-ab69-4b4e-b70b-8e678b5cbc2e",
              "isHook": false,
              "skipped": false
            },
            {
              "title": "Validações Pesquisa Andorra",
              "fullTitle": "Input Campo de Pesquisa Interface Countries Validações Pesquisa Andorra",
              "timedOut": null,
              "duration": 1687,
              "state": "passed",
              "speed": "fast",
              "pass": true,
              "fail": false,
              "pending": false,
              "context": null,
              "code": "cy.campoPesquisaAndorra();",
              "err": {},
              "uuid": "dcbd6b6e-177c-4a51-bd50-bb72144c7fdf",
              "parentUUID": "0218a26d-ab69-4b4e-b70b-8e678b5cbc2e",
              "isHook": false,
              "skipped": false
            },
            {
              "title": "Validações Pesquisa Belgica",
              "fullTitle": "Input Campo de Pesquisa Interface Countries Validações Pesquisa Belgica",
              "timedOut": null,
              "duration": 1551,
              "state": "passed",
              "speed": "fast",
              "pass": true,
              "fail": false,
              "pending": false,
              "context": null,
              "code": "cy.campoPesquisaBelgica();",
              "err": {},
              "uuid": "e71c32f1-3f2b-4515-8bfe-eb2a28bdd664",
              "parentUUID": "0218a26d-ab69-4b4e-b70b-8e678b5cbc2e",
              "isHook": false,
              "skipped": false
            },
            {
              "title": "Validações Pesquisa Bulgária",
              "fullTitle": "Input Campo de Pesquisa Interface Countries Validações Pesquisa Bulgária",
              "timedOut": null,
              "duration": 1671,
              "state": "passed",
              "speed": "fast",
              "pass": true,
              "fail": false,
              "pending": false,
              "context": null,
              "code": "cy.campoPesquisaBulgaria();",
              "err": {},
              "uuid": "44225a27-1cf3-463d-922d-b3b6fd4b0e6b",
              "parentUUID": "0218a26d-ab69-4b4e-b70b-8e678b5cbc2e",
              "isHook": false,
              "skipped": false
            },
            {
              "title": "Validações Pesquisa Bolivia",
              "fullTitle": "Input Campo de Pesquisa Interface Countries Validações Pesquisa Bolivia",
              "timedOut": null,
              "duration": 1547,
              "state": "passed",
              "speed": "fast",
              "pass": true,
              "fail": false,
              "pending": false,
              "context": null,
              "code": "cy.campoPesquisaBolivia();",
              "err": {},
              "uuid": "e3c16a8e-f3a8-4815-9cfe-e51139ce94a0",
              "parentUUID": "0218a26d-ab69-4b4e-b70b-8e678b5cbc2e",
              "isHook": false,
              "skipped": false
            },
            {
              "title": "Validações Pesquisa Cuba",
              "fullTitle": "Input Campo de Pesquisa Interface Countries Validações Pesquisa Cuba",
              "timedOut": null,
              "duration": 1539,
              "state": "passed",
              "speed": "fast",
              "pass": true,
              "fail": false,
              "pending": false,
              "context": null,
              "code": "cy.campoPesquisaCuba();",
              "err": {},
              "uuid": "1fbaa0d5-dd70-4081-a869-126238e58c71",
              "parentUUID": "0218a26d-ab69-4b4e-b70b-8e678b5cbc2e",
              "isHook": false,
              "skipped": false
            },
            {
              "title": "Validações Pesquisa Chile",
              "fullTitle": "Input Campo de Pesquisa Interface Countries Validações Pesquisa Chile",
              "timedOut": null,
              "duration": 1535,
              "state": "passed",
              "speed": "fast",
              "pass": true,
              "fail": false,
              "pending": false,
              "context": null,
              "code": "cy.campoPesquisaChile();",
              "err": {},
              "uuid": "ab54bb3b-21da-4730-9790-7de07f142a3b",
              "parentUUID": "0218a26d-ab69-4b4e-b70b-8e678b5cbc2e",
              "isHook": false,
              "skipped": false
            },
            {
              "title": "Validações Pesquisa Costa Rica",
              "fullTitle": "Input Campo de Pesquisa Interface Countries Validações Pesquisa Costa Rica",
              "timedOut": null,
              "duration": 1659,
              "state": "passed",
              "speed": "fast",
              "pass": true,
              "fail": false,
              "pending": false,
              "context": null,
              "code": "cy.campoPesquisaCostaRica();",
              "err": {},
              "uuid": "4df34bdf-2eff-4be3-8866-b87a0e723826",
              "parentUUID": "0218a26d-ab69-4b4e-b70b-8e678b5cbc2e",
              "isHook": false,
              "skipped": false
            },
            {
              "title": "Validações Pesquisa Cabo Verde",
              "fullTitle": "Input Campo de Pesquisa Interface Countries Validações Pesquisa Cabo Verde",
              "timedOut": null,
              "duration": 1699,
              "state": "passed",
              "speed": "fast",
              "pass": true,
              "fail": false,
              "pending": false,
              "context": null,
              "code": "cy.campoPesquisaCaboVerde();",
              "err": {},
              "uuid": "8316fbbf-e557-40c7-9ca5-d37d8afc604d",
              "parentUUID": "0218a26d-ab69-4b4e-b70b-8e678b5cbc2e",
              "isHook": false,
              "skipped": false
            },
            {
              "title": "Validações Pesquisa Dinamarca",
              "fullTitle": "Input Campo de Pesquisa Interface Countries Validações Pesquisa Dinamarca",
              "timedOut": null,
              "duration": 1561,
              "state": "passed",
              "speed": "fast",
              "pass": true,
              "fail": false,
              "pending": false,
              "context": null,
              "code": "cy.campoPesquisaDinamarca();",
              "err": {},
              "uuid": "28ba8a8c-475b-44a4-a742-d88b4ba3167b",
              "parentUUID": "0218a26d-ab69-4b4e-b70b-8e678b5cbc2e",
              "isHook": false,
              "skipped": false
            },
            {
              "title": "Validações Pesquisa Equador",
              "fullTitle": "Input Campo de Pesquisa Interface Countries Validações Pesquisa Equador",
              "timedOut": null,
              "duration": 1565,
              "state": "passed",
              "speed": "fast",
              "pass": true,
              "fail": false,
              "pending": false,
              "context": null,
              "code": "cy.campoPesquisaEquador();",
              "err": {},
              "uuid": "7a0464a8-9b48-4e65-8bfa-db1674c3e4d4",
              "parentUUID": "0218a26d-ab69-4b4e-b70b-8e678b5cbc2e",
              "isHook": false,
              "skipped": false
            },
            {
              "title": "Validações Pesquisa Espanha",
              "fullTitle": "Input Campo de Pesquisa Interface Countries Validações Pesquisa Espanha",
              "timedOut": null,
              "duration": 1579,
              "state": "passed",
              "speed": "fast",
              "pass": true,
              "fail": false,
              "pending": false,
              "context": null,
              "code": "cy.campoPesquisaEspanha();",
              "err": {},
              "uuid": "4875b70f-4bcd-4893-a92e-28e2c4e01ae9",
              "parentUUID": "0218a26d-ab69-4b4e-b70b-8e678b5cbc2e",
              "isHook": false,
              "skipped": false
            },
            {
              "title": "Validações Pesquisa Eslovenia",
              "fullTitle": "Input Campo de Pesquisa Interface Countries Validações Pesquisa Eslovenia",
              "timedOut": null,
              "duration": 1645,
              "state": "passed",
              "speed": "fast",
              "pass": true,
              "fail": false,
              "pending": false,
              "context": null,
              "code": "cy.campoPesquisaEslovenia();",
              "err": {},
              "uuid": "a3b8fde6-655a-403f-871a-c2e14210ce37",
              "parentUUID": "0218a26d-ab69-4b4e-b70b-8e678b5cbc2e",
              "isHook": false,
              "skipped": false
            },
            {
              "title": "Validações Pesquisa Finlandia",
              "fullTitle": "Input Campo de Pesquisa Interface Countries Validações Pesquisa Finlandia",
              "timedOut": null,
              "duration": 1540,
              "state": "passed",
              "speed": "fast",
              "pass": true,
              "fail": false,
              "pending": false,
              "context": null,
              "code": "cy.campoPesquisaFinlandia();",
              "err": {},
              "uuid": "86372e8d-417d-4c2e-a0f1-50dc1c5ef2b7",
              "parentUUID": "0218a26d-ab69-4b4e-b70b-8e678b5cbc2e",
              "isHook": false,
              "skipped": false
            },
            {
              "title": "Validações Pesquisa Filipinas",
              "fullTitle": "Input Campo de Pesquisa Interface Countries Validações Pesquisa Filipinas",
              "timedOut": null,
              "duration": 1618,
              "state": "passed",
              "speed": "fast",
              "pass": true,
              "fail": false,
              "pending": false,
              "context": null,
              "code": "cy.campoPesquisaFilipinas();",
              "err": {},
              "uuid": "d89407f6-5b42-469c-9351-918d674ee3ac",
              "parentUUID": "0218a26d-ab69-4b4e-b70b-8e678b5cbc2e",
              "isHook": false,
              "skipped": false
            },
            {
              "title": "Validações Pesquisa França",
              "fullTitle": "Input Campo de Pesquisa Interface Countries Validações Pesquisa França",
              "timedOut": null,
              "duration": 1547,
              "state": "passed",
              "speed": "fast",
              "pass": true,
              "fail": false,
              "pending": false,
              "context": null,
              "code": "cy.campoPesquisaFranca();",
              "err": {},
              "uuid": "d2cbb2b7-bd9e-4916-af15-b536eeb6cc11",
              "parentUUID": "0218a26d-ab69-4b4e-b70b-8e678b5cbc2e",
              "isHook": false,
              "skipped": false
            },
            {
              "title": "Validações Pesquisa Grécia",
              "fullTitle": "Input Campo de Pesquisa Interface Countries Validações Pesquisa Grécia",
              "timedOut": null,
              "duration": 1522,
              "state": "passed",
              "speed": "fast",
              "pass": true,
              "fail": false,
              "pending": false,
              "context": null,
              "code": "cy.campoPesquisaGrecia();",
              "err": {},
              "uuid": "5b5ded3e-ac0d-4ff0-b1f3-b7b0ea69a459",
              "parentUUID": "0218a26d-ab69-4b4e-b70b-8e678b5cbc2e",
              "isHook": false,
              "skipped": false
            },
            {
              "title": "Validações Pesquisa Gana",
              "fullTitle": "Input Campo de Pesquisa Interface Countries Validações Pesquisa Gana",
              "timedOut": null,
              "duration": 1495,
              "state": "passed",
              "speed": "fast",
              "pass": true,
              "fail": false,
              "pending": false,
              "context": null,
              "code": "cy.campoPesquisaGana();",
              "err": {},
              "uuid": "361e211c-86d8-434e-bbe7-1f399b4f614f",
              "parentUUID": "0218a26d-ab69-4b4e-b70b-8e678b5cbc2e",
              "isHook": false,
              "skipped": false
            },
            {
              "title": "Validações Pesquisa Holanda",
              "fullTitle": "Input Campo de Pesquisa Interface Countries Validações Pesquisa Holanda",
              "timedOut": null,
              "duration": 1502,
              "state": "passed",
              "speed": "fast",
              "pass": true,
              "fail": false,
              "pending": false,
              "context": null,
              "code": "cy.campoPesquisaHolanda();",
              "err": {},
              "uuid": "6230ea3f-c0c9-43da-8e61-f77d0a82c62a",
              "parentUUID": "0218a26d-ab69-4b4e-b70b-8e678b5cbc2e",
              "isHook": false,
              "skipped": false
            },
            {
              "title": "Validações Pesquisa Iraque",
              "fullTitle": "Input Campo de Pesquisa Interface Countries Validações Pesquisa Iraque",
              "timedOut": null,
              "duration": 1511,
              "state": "passed",
              "speed": "fast",
              "pass": true,
              "fail": false,
              "pending": false,
              "context": null,
              "code": "cy.campoPesquisaIraque();",
              "err": {},
              "uuid": "64852142-43fd-4134-a4e1-f0bd66bfcf3b",
              "parentUUID": "0218a26d-ab69-4b4e-b70b-8e678b5cbc2e",
              "isHook": false,
              "skipped": false
            },
            {
              "title": "Validações Pesquisa India",
              "fullTitle": "Input Campo de Pesquisa Interface Countries Validações Pesquisa India",
              "timedOut": null,
              "duration": 1596,
              "state": "passed",
              "speed": "fast",
              "pass": true,
              "fail": false,
              "pending": false,
              "context": null,
              "code": "cy.campoPesquisaIndia();",
              "err": {},
              "uuid": "4f77c623-4f3d-47e2-9b4c-46cd5684a16b",
              "parentUUID": "0218a26d-ab69-4b4e-b70b-8e678b5cbc2e",
              "isHook": false,
              "skipped": false
            },
            {
              "title": "Validações Pesquisa Italia",
              "fullTitle": "Input Campo de Pesquisa Interface Countries Validações Pesquisa Italia",
              "timedOut": null,
              "duration": 1513,
              "state": "passed",
              "speed": "fast",
              "pass": true,
              "fail": false,
              "pending": false,
              "context": null,
              "code": "cy.campoPesquisaItalia();",
              "err": {},
              "uuid": "32a32e5d-c5ca-44c5-bb0d-3f7883582f62",
              "parentUUID": "0218a26d-ab69-4b4e-b70b-8e678b5cbc2e",
              "isHook": false,
              "skipped": false
            },
            {
              "title": "Validações Pesquisa Israel",
              "fullTitle": "Input Campo de Pesquisa Interface Countries Validações Pesquisa Israel",
              "timedOut": null,
              "duration": 1528,
              "state": "passed",
              "speed": "fast",
              "pass": true,
              "fail": false,
              "pending": false,
              "context": null,
              "code": "cy.campoPesquisaIsrael();",
              "err": {},
              "uuid": "0a368af7-fe67-409b-aed6-d5df1d5fe3d9",
              "parentUUID": "0218a26d-ab69-4b4e-b70b-8e678b5cbc2e",
              "isHook": false,
              "skipped": false
            }
          ],
          "suites": [],
          "passes": [
            "7ba73819-c805-42e7-abe3-c4b8098f1058",
            "7a7702ae-e67b-4ed9-ad29-0686498fdc63",
            "122dce8f-2b77-4f96-be4d-e58424500792",
            "21309a86-5e79-41cd-9048-f88b7df54f68",
            "fd8e03c5-b0e9-4393-b2a5-7f67648d59f1",
            "6fa6ecf0-b028-46af-aeea-2381496ac641",
            "99e7e903-2b1b-4599-80f9-2f18475dc278",
            "2ebbf0a4-4e80-48ab-9cfa-718c81c2bd58",
            "3fa12268-4cc5-4d82-80f6-cc0801c81173",
            "97035f8e-fac1-48e1-b971-aba8f09c5c9a",
            "dcbd6b6e-177c-4a51-bd50-bb72144c7fdf",
            "e71c32f1-3f2b-4515-8bfe-eb2a28bdd664",
            "44225a27-1cf3-463d-922d-b3b6fd4b0e6b",
            "e3c16a8e-f3a8-4815-9cfe-e51139ce94a0",
            "1fbaa0d5-dd70-4081-a869-126238e58c71",
            "ab54bb3b-21da-4730-9790-7de07f142a3b",
            "4df34bdf-2eff-4be3-8866-b87a0e723826",
            "8316fbbf-e557-40c7-9ca5-d37d8afc604d",
            "28ba8a8c-475b-44a4-a742-d88b4ba3167b",
            "7a0464a8-9b48-4e65-8bfa-db1674c3e4d4",
            "4875b70f-4bcd-4893-a92e-28e2c4e01ae9",
            "a3b8fde6-655a-403f-871a-c2e14210ce37",
            "86372e8d-417d-4c2e-a0f1-50dc1c5ef2b7",
            "d89407f6-5b42-469c-9351-918d674ee3ac",
            "d2cbb2b7-bd9e-4916-af15-b536eeb6cc11",
            "5b5ded3e-ac0d-4ff0-b1f3-b7b0ea69a459",
            "361e211c-86d8-434e-bbe7-1f399b4f614f",
            "6230ea3f-c0c9-43da-8e61-f77d0a82c62a",
            "64852142-43fd-4134-a4e1-f0bd66bfcf3b",
            "4f77c623-4f3d-47e2-9b4c-46cd5684a16b",
            "32a32e5d-c5ca-44c5-bb0d-3f7883582f62",
            "0a368af7-fe67-409b-aed6-d5df1d5fe3d9"
          ],
          "failures": [],
          "pending": [],
          "skipped": [],
          "duration": 53681,
          "root": false,
          "rootEmpty": false,
          "_timeout": 2000
        }
      ],
      "passes": [],
      "failures": [],
      "pending": [],
      "skipped": [],
      "duration": 0,
      "root": true,
      "rootEmpty": true,
      "_timeout": 2000
    }
  ],
  "meta": {
    "mocha": {
      "version": "7.0.1"
    },
    "mochawesome": {
      "options": {
        "quiet": true,
        "reportFilename": "mochawesome",
        "saveHtml": true,
        "saveJson": true,
        "consoleReporter": "spec",
        "useInlineDiffs": false,
        "code": true
      },
      "version": "7.1.3"
    },
    "marge": {
      "options": {
        "reportDir": "cypress/reports/16-02-2024_20-01-32",
        "quiet": true,
        "overwrite": false,
        "html": true,
        "json": true
      },
      "version": "6.2.0"
    }
  }
}