{
  "stats": {
    "suites": 1,
    "tests": 2,
    "passes": 2,
    "pending": 0,
    "failures": 0,
    "start": "2024-02-19T14:05:20.394Z",
    "end": "2024-02-19T14:05:54.347Z",
    "duration": 33953,
    "testsRegistered": 2,
    "passPercent": 100,
    "pendingPercent": 0,
    "other": 0,
    "hasOther": false,
    "skipped": 0,
    "hasSkipped": false
  },
  "results": [
    {
      "uuid": "89b0ea0d-aabd-4144-bc45-524977a312c1",
      "title": "",
      "fullFile": "cypress\\e2e\\validInterface.cy.js",
      "file": "cypress\\e2e\\validInterface.cy.js",
      "beforeHooks": [],
      "afterHooks": [],
      "tests": [],
      "suites": [
        {
          "uuid": "bd4cc0ba-7e0f-4955-939a-6b447e4d5bcf",
          "title": "Área do Projeto validações de Informações da Interface",
          "fullFile": "",
          "file": "",
          "beforeHooks": [],
          "afterHooks": [],
          "tests": [
            {
              "title": "Confirmações de informações do Projeto",
              "fullTitle": "Área do Projeto validações de Informações da Interface Confirmações de informações do Projeto",
              "timedOut": null,
              "duration": 19969,
              "state": "passed",
              "speed": "slow",
              "pass": true,
              "fail": false,
              "pending": false,
              "context": null,
              "code": "cy.projeto();\ncy.fields();\ncy.endpoits();",
              "err": {},
              "uuid": "0030b8d4-c214-4262-aeaf-2fe5c278fce0",
              "parentUUID": "bd4cc0ba-7e0f-4955-939a-6b447e4d5bcf",
              "isHook": false,
              "skipped": false
            },
            {
              "title": "Confirmações de informações do Projeto",
              "fullTitle": "Área do Projeto validações de Informações da Interface Confirmações de informações do Projeto",
              "timedOut": null,
              "duration": 11012,
              "state": "passed",
              "speed": "slow",
              "pass": true,
              "fail": false,
              "pending": false,
              "context": null,
              "code": "cy.contributing();\ncy.donations();",
              "err": {},
              "uuid": "eb310b35-92dd-4a9e-86b4-e7c4765287fa",
              "parentUUID": "bd4cc0ba-7e0f-4955-939a-6b447e4d5bcf",
              "isHook": false,
              "skipped": false
            }
          ],
          "suites": [],
          "passes": [
            "0030b8d4-c214-4262-aeaf-2fe5c278fce0",
            "eb310b35-92dd-4a9e-86b4-e7c4765287fa"
          ],
          "failures": [],
          "pending": [],
          "skipped": [],
          "duration": 30981,
          "root": false,
          "rootEmpty": false,
          "_timeout": 2000
        }
      ],
      "passes": [],
      "failures": [],
      "pending": [],
      "skipped": [],
      "duration": 0,
      "root": true,
      "rootEmpty": true,
      "_timeout": 2000
    }
  ],
  "meta": {
    "mocha": {
      "version": "7.0.1"
    },
    "mochawesome": {
      "options": {
        "quiet": true,
        "reportFilename": "mochawesome",
        "saveHtml": true,
        "saveJson": true,
        "consoleReporter": "spec",
        "useInlineDiffs": false,
        "code": true
      },
      "version": "7.1.3"
    },
    "marge": {
      "options": {
        "reportDir": "cypress/reports/19-02-2024_11-04-06",
        "quiet": true,
        "overwrite": false,
        "html": true,
        "json": true
      },
      "version": "6.2.0"
    }
  }
}