{
  "stats": {
    "suites": 1,
    "tests": 2,
    "passes": 2,
    "pending": 0,
    "failures": 0,
    "start": "2024-02-19T14:28:18.969Z",
    "end": "2024-02-19T14:28:52.880Z",
    "duration": 33911,
    "testsRegistered": 2,
    "passPercent": 100,
    "pendingPercent": 0,
    "other": 0,
    "hasOther": false,
    "skipped": 0,
    "hasSkipped": false
  },
  "results": [
    {
      "uuid": "4418c391-4c17-4df6-8a0e-5e5d5bed0347",
      "title": "",
      "fullFile": "cypress\\e2e\\validInterface.cy.js",
      "file": "cypress\\e2e\\validInterface.cy.js",
      "beforeHooks": [],
      "afterHooks": [],
      "tests": [],
      "suites": [
        {
          "uuid": "347084df-7085-4b8c-afc8-888ce25736fa",
          "title": "Área do Projeto validações de Informações da Interface",
          "fullFile": "",
          "file": "",
          "beforeHooks": [],
          "afterHooks": [],
          "tests": [
            {
              "title": "Confirmações de informações do Projeto",
              "fullTitle": "Área do Projeto validações de Informações da Interface Confirmações de informações do Projeto",
              "timedOut": null,
              "duration": 20674,
              "state": "passed",
              "speed": "slow",
              "pass": true,
              "fail": false,
              "pending": false,
              "context": null,
              "code": "cy.projeto();\ncy.fields();\ncy.endpoits();",
              "err": {},
              "uuid": "55b98476-697b-410b-981a-da2d49a24e62",
              "parentUUID": "347084df-7085-4b8c-afc8-888ce25736fa",
              "isHook": false,
              "skipped": false
            },
            {
              "title": "Confirmações de informações do Projeto",
              "fullTitle": "Área do Projeto validações de Informações da Interface Confirmações de informações do Projeto",
              "timedOut": null,
              "duration": 10175,
              "state": "passed",
              "speed": "slow",
              "pass": true,
              "fail": false,
              "pending": false,
              "context": null,
              "code": "cy.contributing();\ncy.donations();",
              "err": {},
              "uuid": "91b007ca-3be6-40b9-93fd-41f9a498653a",
              "parentUUID": "347084df-7085-4b8c-afc8-888ce25736fa",
              "isHook": false,
              "skipped": false
            }
          ],
          "suites": [],
          "passes": [
            "55b98476-697b-410b-981a-da2d49a24e62",
            "91b007ca-3be6-40b9-93fd-41f9a498653a"
          ],
          "failures": [],
          "pending": [],
          "skipped": [],
          "duration": 30849,
          "root": false,
          "rootEmpty": false,
          "_timeout": 2000
        }
      ],
      "passes": [],
      "failures": [],
      "pending": [],
      "skipped": [],
      "duration": 0,
      "root": true,
      "rootEmpty": true,
      "_timeout": 2000
    }
  ],
  "meta": {
    "mocha": {
      "version": "7.0.1"
    },
    "mochawesome": {
      "options": {
        "quiet": true,
        "reportFilename": "mochawesome",
        "saveHtml": true,
        "saveJson": true,
        "consoleReporter": "spec",
        "useInlineDiffs": false,
        "code": true
      },
      "version": "7.1.3"
    },
    "marge": {
      "options": {
        "reportDir": "cypress/reports/19-02-2024_11-26-55",
        "quiet": true,
        "overwrite": false,
        "html": true,
        "json": true
      },
      "version": "6.2.0"
    }
  }
}