{
  "stats": {
    "suites": 1,
    "tests": 32,
    "passes": 31,
    "pending": 0,
    "failures": 1,
    "start": "2024-02-19T14:27:06.162Z",
    "end": "2024-02-19T14:28:14.453Z",
    "duration": 68291,
    "testsRegistered": 32,
    "passPercent": 96.875,
    "pendingPercent": 0,
    "other": 0,
    "hasOther": false,
    "skipped": 0,
    "hasSkipped": false
  },
  "results": [
    {
      "uuid": "fa8ebb20-734c-449c-a211-6b48f4440798",
      "title": "",
      "fullFile": "cypress\\e2e\\pesquisaInterface.cy.js",
      "file": "cypress\\e2e\\pesquisaInterface.cy.js",
      "beforeHooks": [],
      "afterHooks": [],
      "tests": [],
      "suites": [
        {
          "uuid": "dcf5a00b-ef5c-4959-9bd0-7111db52cd00",
          "title": "Input Campo de Pesquisa Interface Countries",
          "fullFile": "",
          "file": "",
          "beforeHooks": [],
          "afterHooks": [],
          "tests": [
            {
              "title": "Validações Pesquisa Brasil",
              "fullTitle": "Input Campo de Pesquisa Interface Countries Validações Pesquisa Brasil",
              "timedOut": null,
              "duration": 5901,
              "state": "passed",
              "speed": "medium",
              "pass": true,
              "fail": false,
              "pending": false,
              "context": null,
              "code": "cy.campoPesquisaBrasil();",
              "err": {},
              "uuid": "f3a3c580-bc64-448b-bbf0-a3c28a03a386",
              "parentUUID": "dcf5a00b-ef5c-4959-9bd0-7111db52cd00",
              "isHook": false,
              "skipped": false
            },
            {
              "title": "Validações Pesquisa Argentina",
              "fullTitle": "Input Campo de Pesquisa Interface Countries Validações Pesquisa Argentina",
              "timedOut": null,
              "duration": 2407,
              "state": "passed",
              "speed": "fast",
              "pass": true,
              "fail": false,
              "pending": false,
              "context": null,
              "code": "cy.campoPesquisaArgentina();",
              "err": {},
              "uuid": "2864d783-de57-4dfd-9ac5-f7b76ae5395e",
              "parentUUID": "dcf5a00b-ef5c-4959-9bd0-7111db52cd00",
              "isHook": false,
              "skipped": false
            },
            {
              "title": "Validações Pesquisa Portugal",
              "fullTitle": "Input Campo de Pesquisa Interface Countries Validações Pesquisa Portugal",
              "timedOut": null,
              "duration": 1786,
              "state": "passed",
              "speed": "fast",
              "pass": true,
              "fail": false,
              "pending": false,
              "context": null,
              "code": "cy.campoPesquisaPortugal();",
              "err": {},
              "uuid": "c0045f22-e0ef-4bdc-9d2c-a98131d0b8e3",
              "parentUUID": "dcf5a00b-ef5c-4959-9bd0-7111db52cd00",
              "isHook": false,
              "skipped": false
            },
            {
              "title": "Validações Pesquisa Mexico",
              "fullTitle": "Input Campo de Pesquisa Interface Countries Validações Pesquisa Mexico",
              "timedOut": null,
              "duration": 1796,
              "state": "passed",
              "speed": "fast",
              "pass": true,
              "fail": false,
              "pending": false,
              "context": null,
              "code": "cy.campoPesquisaMexico();",
              "err": {},
              "uuid": "7dc835a9-94b6-4e16-b03a-16f4524af07e",
              "parentUUID": "dcf5a00b-ef5c-4959-9bd0-7111db52cd00",
              "isHook": false,
              "skipped": false
            },
            {
              "title": "Validações Pesquisa EUA",
              "fullTitle": "Input Campo de Pesquisa Interface Countries Validações Pesquisa EUA",
              "timedOut": null,
              "duration": 5690,
              "state": "failed",
              "speed": null,
              "pass": false,
              "fail": true,
              "pending": false,
              "context": null,
              "code": "cy.campoPesquisaEUA();",
              "err": {
                "message": "AssertionError: Timed out retrying after 4000ms: Expected to find element: `:nth-child(5) > td1`, but never found it.",
                "estack": "AssertionError: Timed out retrying after 4000ms: Expected to find element: `:nth-child(5) > td1`, but never found it.\n    at Context.eval (webpack://modelo_restcountries/./cypress/support/pesquisaInterface.js:60:34)",
                "diff": null
              },
              "uuid": "d81a2a56-0596-471f-9f34-fd54834f6186",
              "parentUUID": "dcf5a00b-ef5c-4959-9bd0-7111db52cd00",
              "isHook": false,
              "skipped": false
            },
            {
              "title": "Validações Pesquisa China",
              "fullTitle": "Input Campo de Pesquisa Interface Countries Validações Pesquisa China",
              "timedOut": null,
              "duration": 2105,
              "state": "passed",
              "speed": "fast",
              "pass": true,
              "fail": false,
              "pending": false,
              "context": null,
              "code": "cy.campoPesquisaChina();",
              "err": {},
              "uuid": "868ff3b5-f799-4081-b51f-2185378d624f",
              "parentUUID": "dcf5a00b-ef5c-4959-9bd0-7111db52cd00",
              "isHook": false,
              "skipped": false
            },
            {
              "title": "Validações Pesquisa Japão",
              "fullTitle": "Input Campo de Pesquisa Interface Countries Validações Pesquisa Japão",
              "timedOut": null,
              "duration": 2102,
              "state": "passed",
              "speed": "fast",
              "pass": true,
              "fail": false,
              "pending": false,
              "context": null,
              "code": "cy.campoPesquisaJapao();",
              "err": {},
              "uuid": "58085e46-d9b7-4046-a148-8d5e70cd27d3",
              "parentUUID": "dcf5a00b-ef5c-4959-9bd0-7111db52cd00",
              "isHook": false,
              "skipped": false
            },
            {
              "title": "Validações Pesquisa Russia",
              "fullTitle": "Input Campo de Pesquisa Interface Countries Validações Pesquisa Russia",
              "timedOut": null,
              "duration": 1822,
              "state": "passed",
              "speed": "fast",
              "pass": true,
              "fail": false,
              "pending": false,
              "context": null,
              "code": "cy.campoPesquisaRussia();",
              "err": {},
              "uuid": "27f607eb-ba27-45b6-96e9-55770e7b6048",
              "parentUUID": "dcf5a00b-ef5c-4959-9bd0-7111db52cd00",
              "isHook": false,
              "skipped": false
            },
            {
              "title": "Validações Pesquisa Armenia",
              "fullTitle": "Input Campo de Pesquisa Interface Countries Validações Pesquisa Armenia",
              "timedOut": null,
              "duration": 1732,
              "state": "passed",
              "speed": "fast",
              "pass": true,
              "fail": false,
              "pending": false,
              "context": null,
              "code": "cy.campoPesquisaArmenia();",
              "err": {},
              "uuid": "94ea64f6-1a11-4c6b-a583-3365fba4d2e0",
              "parentUUID": "dcf5a00b-ef5c-4959-9bd0-7111db52cd00",
              "isHook": false,
              "skipped": false
            },
            {
              "title": "Validações Pesquisa Angola",
              "fullTitle": "Input Campo de Pesquisa Interface Countries Validações Pesquisa Angola",
              "timedOut": null,
              "duration": 1671,
              "state": "passed",
              "speed": "fast",
              "pass": true,
              "fail": false,
              "pending": false,
              "context": null,
              "code": "cy.campoPesquisaAngola();",
              "err": {},
              "uuid": "ca1a2264-b1f1-482b-87cc-08ec228a6ffd",
              "parentUUID": "dcf5a00b-ef5c-4959-9bd0-7111db52cd00",
              "isHook": false,
              "skipped": false
            },
            {
              "title": "Validações Pesquisa Andorra",
              "fullTitle": "Input Campo de Pesquisa Interface Countries Validações Pesquisa Andorra",
              "timedOut": null,
              "duration": 1748,
              "state": "passed",
              "speed": "fast",
              "pass": true,
              "fail": false,
              "pending": false,
              "context": null,
              "code": "cy.campoPesquisaAndorra();",
              "err": {},
              "uuid": "b18accdc-c2f8-40de-aacb-9059bb3d0d75",
              "parentUUID": "dcf5a00b-ef5c-4959-9bd0-7111db52cd00",
              "isHook": false,
              "skipped": false
            },
            {
              "title": "Validações Pesquisa Belgica",
              "fullTitle": "Input Campo de Pesquisa Interface Countries Validações Pesquisa Belgica",
              "timedOut": null,
              "duration": 1748,
              "state": "passed",
              "speed": "fast",
              "pass": true,
              "fail": false,
              "pending": false,
              "context": null,
              "code": "cy.campoPesquisaBelgica();",
              "err": {},
              "uuid": "be3da14f-6b67-45b6-af9f-b98a56eea98e",
              "parentUUID": "dcf5a00b-ef5c-4959-9bd0-7111db52cd00",
              "isHook": false,
              "skipped": false
            },
            {
              "title": "Validações Pesquisa Bulgária",
              "fullTitle": "Input Campo de Pesquisa Interface Countries Validações Pesquisa Bulgária",
              "timedOut": null,
              "duration": 1679,
              "state": "passed",
              "speed": "fast",
              "pass": true,
              "fail": false,
              "pending": false,
              "context": null,
              "code": "cy.campoPesquisaBulgaria();",
              "err": {},
              "uuid": "31cda3be-349f-49e2-8361-d25d2d50337d",
              "parentUUID": "dcf5a00b-ef5c-4959-9bd0-7111db52cd00",
              "isHook": false,
              "skipped": false
            },
            {
              "title": "Validações Pesquisa Bolivia",
              "fullTitle": "Input Campo de Pesquisa Interface Countries Validações Pesquisa Bolivia",
              "timedOut": null,
              "duration": 1763,
              "state": "passed",
              "speed": "fast",
              "pass": true,
              "fail": false,
              "pending": false,
              "context": null,
              "code": "cy.campoPesquisaBolivia();",
              "err": {},
              "uuid": "fbb5498b-18a5-4bae-b932-cece89fe7420",
              "parentUUID": "dcf5a00b-ef5c-4959-9bd0-7111db52cd00",
              "isHook": false,
              "skipped": false
            },
            {
              "title": "Validações Pesquisa Cuba",
              "fullTitle": "Input Campo de Pesquisa Interface Countries Validações Pesquisa Cuba",
              "timedOut": null,
              "duration": 1701,
              "state": "passed",
              "speed": "fast",
              "pass": true,
              "fail": false,
              "pending": false,
              "context": null,
              "code": "cy.campoPesquisaCuba();",
              "err": {},
              "uuid": "270dac6b-f202-484d-a978-50a18e3cf62c",
              "parentUUID": "dcf5a00b-ef5c-4959-9bd0-7111db52cd00",
              "isHook": false,
              "skipped": false
            },
            {
              "title": "Validações Pesquisa Chile",
              "fullTitle": "Input Campo de Pesquisa Interface Countries Validações Pesquisa Chile",
              "timedOut": null,
              "duration": 1670,
              "state": "passed",
              "speed": "fast",
              "pass": true,
              "fail": false,
              "pending": false,
              "context": null,
              "code": "cy.campoPesquisaChile();",
              "err": {},
              "uuid": "323a5bff-2d55-4b51-a22c-a593e5252e1f",
              "parentUUID": "dcf5a00b-ef5c-4959-9bd0-7111db52cd00",
              "isHook": false,
              "skipped": false
            },
            {
              "title": "Validações Pesquisa Costa Rica",
              "fullTitle": "Input Campo de Pesquisa Interface Countries Validações Pesquisa Costa Rica",
              "timedOut": null,
              "duration": 1764,
              "state": "passed",
              "speed": "fast",
              "pass": true,
              "fail": false,
              "pending": false,
              "context": null,
              "code": "cy.campoPesquisaCostaRica();",
              "err": {},
              "uuid": "164331a9-f013-4397-ada1-342e155ac8fc",
              "parentUUID": "dcf5a00b-ef5c-4959-9bd0-7111db52cd00",
              "isHook": false,
              "skipped": false
            },
            {
              "title": "Validações Pesquisa Cabo Verde",
              "fullTitle": "Input Campo de Pesquisa Interface Countries Validações Pesquisa Cabo Verde",
              "timedOut": null,
              "duration": 1702,
              "state": "passed",
              "speed": "fast",
              "pass": true,
              "fail": false,
              "pending": false,
              "context": null,
              "code": "cy.campoPesquisaCaboVerde();",
              "err": {},
              "uuid": "24d34288-2a8a-40e9-abc0-a82cc8c2a684",
              "parentUUID": "dcf5a00b-ef5c-4959-9bd0-7111db52cd00",
              "isHook": false,
              "skipped": false
            },
            {
              "title": "Validações Pesquisa Dinamarca",
              "fullTitle": "Input Campo de Pesquisa Interface Countries Validações Pesquisa Dinamarca",
              "timedOut": null,
              "duration": 1820,
              "state": "passed",
              "speed": "fast",
              "pass": true,
              "fail": false,
              "pending": false,
              "context": null,
              "code": "cy.campoPesquisaDinamarca();",
              "err": {},
              "uuid": "3c581971-38e5-4ab6-83a4-189a993cbb97",
              "parentUUID": "dcf5a00b-ef5c-4959-9bd0-7111db52cd00",
              "isHook": false,
              "skipped": false
            },
            {
              "title": "Validações Pesquisa Equador",
              "fullTitle": "Input Campo de Pesquisa Interface Countries Validações Pesquisa Equador",
              "timedOut": null,
              "duration": 1651,
              "state": "passed",
              "speed": "fast",
              "pass": true,
              "fail": false,
              "pending": false,
              "context": null,
              "code": "cy.campoPesquisaEquador();",
              "err": {},
              "uuid": "5ea56bf4-bf6f-474f-aa6e-1c302d27c68e",
              "parentUUID": "dcf5a00b-ef5c-4959-9bd0-7111db52cd00",
              "isHook": false,
              "skipped": false
            },
            {
              "title": "Validações Pesquisa Espanha",
              "fullTitle": "Input Campo de Pesquisa Interface Countries Validações Pesquisa Espanha",
              "timedOut": null,
              "duration": 1614,
              "state": "passed",
              "speed": "fast",
              "pass": true,
              "fail": false,
              "pending": false,
              "context": null,
              "code": "cy.campoPesquisaEspanha();",
              "err": {},
              "uuid": "ad94cb47-51cb-419d-85da-3d114981fa1a",
              "parentUUID": "dcf5a00b-ef5c-4959-9bd0-7111db52cd00",
              "isHook": false,
              "skipped": false
            },
            {
              "title": "Validações Pesquisa Eslovenia",
              "fullTitle": "Input Campo de Pesquisa Interface Countries Validações Pesquisa Eslovenia",
              "timedOut": null,
              "duration": 1641,
              "state": "passed",
              "speed": "fast",
              "pass": true,
              "fail": false,
              "pending": false,
              "context": null,
              "code": "cy.campoPesquisaEslovenia();",
              "err": {},
              "uuid": "2822b4df-043f-4d29-b847-250993eb7d9f",
              "parentUUID": "dcf5a00b-ef5c-4959-9bd0-7111db52cd00",
              "isHook": false,
              "skipped": false
            },
            {
              "title": "Validações Pesquisa Finlandia",
              "fullTitle": "Input Campo de Pesquisa Interface Countries Validações Pesquisa Finlandia",
              "timedOut": null,
              "duration": 2084,
              "state": "passed",
              "speed": "fast",
              "pass": true,
              "fail": false,
              "pending": false,
              "context": null,
              "code": "cy.campoPesquisaFinlandia();",
              "err": {},
              "uuid": "5d9fe511-ecf2-49b9-8be9-bdd6d10185b8",
              "parentUUID": "dcf5a00b-ef5c-4959-9bd0-7111db52cd00",
              "isHook": false,
              "skipped": false
            },
            {
              "title": "Validações Pesquisa Filipinas",
              "fullTitle": "Input Campo de Pesquisa Interface Countries Validações Pesquisa Filipinas",
              "timedOut": null,
              "duration": 1709,
              "state": "passed",
              "speed": "fast",
              "pass": true,
              "fail": false,
              "pending": false,
              "context": null,
              "code": "cy.campoPesquisaFilipinas();",
              "err": {},
              "uuid": "82163769-d757-4757-acc7-b1878268bdd7",
              "parentUUID": "dcf5a00b-ef5c-4959-9bd0-7111db52cd00",
              "isHook": false,
              "skipped": false
            },
            {
              "title": "Validações Pesquisa França",
              "fullTitle": "Input Campo de Pesquisa Interface Countries Validações Pesquisa França",
              "timedOut": null,
              "duration": 1542,
              "state": "passed",
              "speed": "fast",
              "pass": true,
              "fail": false,
              "pending": false,
              "context": null,
              "code": "cy.campoPesquisaFranca();",
              "err": {},
              "uuid": "94bc5325-449d-4fb8-846a-adb42ea077a0",
              "parentUUID": "dcf5a00b-ef5c-4959-9bd0-7111db52cd00",
              "isHook": false,
              "skipped": false
            },
            {
              "title": "Validações Pesquisa Grécia",
              "fullTitle": "Input Campo de Pesquisa Interface Countries Validações Pesquisa Grécia",
              "timedOut": null,
              "duration": 1596,
              "state": "passed",
              "speed": "fast",
              "pass": true,
              "fail": false,
              "pending": false,
              "context": null,
              "code": "cy.campoPesquisaGrecia();",
              "err": {},
              "uuid": "6b7bf30c-acc9-4201-93a1-89d23b9269fe",
              "parentUUID": "dcf5a00b-ef5c-4959-9bd0-7111db52cd00",
              "isHook": false,
              "skipped": false
            },
            {
              "title": "Validações Pesquisa Gana",
              "fullTitle": "Input Campo de Pesquisa Interface Countries Validações Pesquisa Gana",
              "timedOut": null,
              "duration": 1791,
              "state": "passed",
              "speed": "fast",
              "pass": true,
              "fail": false,
              "pending": false,
              "context": null,
              "code": "cy.campoPesquisaGana();",
              "err": {},
              "uuid": "517e1148-4689-4bd6-afa6-b012d0ec1430",
              "parentUUID": "dcf5a00b-ef5c-4959-9bd0-7111db52cd00",
              "isHook": false,
              "skipped": false
            },
            {
              "title": "Validações Pesquisa Holanda",
              "fullTitle": "Input Campo de Pesquisa Interface Countries Validações Pesquisa Holanda",
              "timedOut": null,
              "duration": 1707,
              "state": "passed",
              "speed": "fast",
              "pass": true,
              "fail": false,
              "pending": false,
              "context": null,
              "code": "cy.campoPesquisaHolanda();",
              "err": {},
              "uuid": "82e8878f-0217-4d4a-a548-9a8f7f913fb9",
              "parentUUID": "dcf5a00b-ef5c-4959-9bd0-7111db52cd00",
              "isHook": false,
              "skipped": false
            },
            {
              "title": "Validações Pesquisa Iraque",
              "fullTitle": "Input Campo de Pesquisa Interface Countries Validações Pesquisa Iraque",
              "timedOut": null,
              "duration": 1509,
              "state": "passed",
              "speed": "fast",
              "pass": true,
              "fail": false,
              "pending": false,
              "context": null,
              "code": "cy.campoPesquisaIraque();",
              "err": {},
              "uuid": "b43e7d65-209e-420c-b380-516c69ba8fea",
              "parentUUID": "dcf5a00b-ef5c-4959-9bd0-7111db52cd00",
              "isHook": false,
              "skipped": false
            },
            {
              "title": "Validações Pesquisa India",
              "fullTitle": "Input Campo de Pesquisa Interface Countries Validações Pesquisa India",
              "timedOut": null,
              "duration": 1585,
              "state": "passed",
              "speed": "fast",
              "pass": true,
              "fail": false,
              "pending": false,
              "context": null,
              "code": "cy.campoPesquisaIndia();",
              "err": {},
              "uuid": "88c196b4-01fc-4f8e-9955-702032b28e20",
              "parentUUID": "dcf5a00b-ef5c-4959-9bd0-7111db52cd00",
              "isHook": false,
              "skipped": false
            },
            {
              "title": "Validações Pesquisa Italia",
              "fullTitle": "Input Campo de Pesquisa Interface Countries Validações Pesquisa Italia",
              "timedOut": null,
              "duration": 1576,
              "state": "passed",
              "speed": "fast",
              "pass": true,
              "fail": false,
              "pending": false,
              "context": null,
              "code": "cy.campoPesquisaItalia();",
              "err": {},
              "uuid": "e8d52e9a-9534-420e-abc8-04b240effe78",
              "parentUUID": "dcf5a00b-ef5c-4959-9bd0-7111db52cd00",
              "isHook": false,
              "skipped": false
            },
            {
              "title": "Validações Pesquisa Israel",
              "fullTitle": "Input Campo de Pesquisa Interface Countries Validações Pesquisa Israel",
              "timedOut": null,
              "duration": 1598,
              "state": "passed",
              "speed": "fast",
              "pass": true,
              "fail": false,
              "pending": false,
              "context": null,
              "code": "cy.campoPesquisaIsrael();",
              "err": {},
              "uuid": "36c795f0-a098-4267-9e18-2c920292df06",
              "parentUUID": "dcf5a00b-ef5c-4959-9bd0-7111db52cd00",
              "isHook": false,
              "skipped": false
            }
          ],
          "suites": [],
          "passes": [
            "f3a3c580-bc64-448b-bbf0-a3c28a03a386",
            "2864d783-de57-4dfd-9ac5-f7b76ae5395e",
            "c0045f22-e0ef-4bdc-9d2c-a98131d0b8e3",
            "7dc835a9-94b6-4e16-b03a-16f4524af07e",
            "868ff3b5-f799-4081-b51f-2185378d624f",
            "58085e46-d9b7-4046-a148-8d5e70cd27d3",
            "27f607eb-ba27-45b6-96e9-55770e7b6048",
            "94ea64f6-1a11-4c6b-a583-3365fba4d2e0",
            "ca1a2264-b1f1-482b-87cc-08ec228a6ffd",
            "b18accdc-c2f8-40de-aacb-9059bb3d0d75",
            "be3da14f-6b67-45b6-af9f-b98a56eea98e",
            "31cda3be-349f-49e2-8361-d25d2d50337d",
            "fbb5498b-18a5-4bae-b932-cece89fe7420",
            "270dac6b-f202-484d-a978-50a18e3cf62c",
            "323a5bff-2d55-4b51-a22c-a593e5252e1f",
            "164331a9-f013-4397-ada1-342e155ac8fc",
            "24d34288-2a8a-40e9-abc0-a82cc8c2a684",
            "3c581971-38e5-4ab6-83a4-189a993cbb97",
            "5ea56bf4-bf6f-474f-aa6e-1c302d27c68e",
            "ad94cb47-51cb-419d-85da-3d114981fa1a",
            "2822b4df-043f-4d29-b847-250993eb7d9f",
            "5d9fe511-ecf2-49b9-8be9-bdd6d10185b8",
            "82163769-d757-4757-acc7-b1878268bdd7",
            "94bc5325-449d-4fb8-846a-adb42ea077a0",
            "6b7bf30c-acc9-4201-93a1-89d23b9269fe",
            "517e1148-4689-4bd6-afa6-b012d0ec1430",
            "82e8878f-0217-4d4a-a548-9a8f7f913fb9",
            "b43e7d65-209e-420c-b380-516c69ba8fea",
            "88c196b4-01fc-4f8e-9955-702032b28e20",
            "e8d52e9a-9534-420e-abc8-04b240effe78",
            "36c795f0-a098-4267-9e18-2c920292df06"
          ],
          "failures": [
            "d81a2a56-0596-471f-9f34-fd54834f6186"
          ],
          "pending": [],
          "skipped": [],
          "duration": 64210,
          "root": false,
          "rootEmpty": false,
          "_timeout": 2000
        }
      ],
      "passes": [],
      "failures": [],
      "pending": [],
      "skipped": [],
      "duration": 0,
      "root": true,
      "rootEmpty": true,
      "_timeout": 2000
    }
  ],
  "meta": {
    "mocha": {
      "version": "7.0.1"
    },
    "mochawesome": {
      "options": {
        "quiet": true,
        "reportFilename": "mochawesome",
        "saveHtml": true,
        "saveJson": true,
        "consoleReporter": "spec",
        "useInlineDiffs": false,
        "code": true
      },
      "version": "7.1.3"
    },
    "marge": {
      "options": {
        "reportDir": "cypress/reports/19-02-2024_11-26-55",
        "quiet": true,
        "overwrite": false,
        "html": true,
        "json": true
      },
      "version": "6.2.0"
    }
  }
}