{
  "stats": {
    "suites": 1,
    "tests": 2,
    "passes": 2,
    "pending": 0,
    "failures": 0,
    "start": "2024-02-19T14:31:00.637Z",
    "end": "2024-02-19T14:31:31.662Z",
    "duration": 31025,
    "testsRegistered": 2,
    "passPercent": 100,
    "pendingPercent": 0,
    "other": 0,
    "hasOther": false,
    "skipped": 0,
    "hasSkipped": false
  },
  "results": [
    {
      "uuid": "84829102-f6e6-4374-8dbf-f347a233aa07",
      "title": "",
      "fullFile": "cypress\\e2e\\validInterface.cy.js",
      "file": "cypress\\e2e\\validInterface.cy.js",
      "beforeHooks": [],
      "afterHooks": [],
      "tests": [],
      "suites": [
        {
          "uuid": "2a8b4428-a63e-4c03-a47f-37adb002a2ed",
          "title": "Área do Projeto validações de Informações da Interface",
          "fullFile": "",
          "file": "",
          "beforeHooks": [],
          "afterHooks": [],
          "tests": [
            {
              "title": "Confirmações de informações do Projeto",
              "fullTitle": "Área do Projeto validações de Informações da Interface Confirmações de informações do Projeto",
              "timedOut": null,
              "duration": 17754,
              "state": "passed",
              "speed": "slow",
              "pass": true,
              "fail": false,
              "pending": false,
              "context": null,
              "code": "cy.projeto();\ncy.fields();\ncy.endpoits();",
              "err": {},
              "uuid": "08cb98ce-fef9-4d9f-b7e0-fc3535f063c1",
              "parentUUID": "2a8b4428-a63e-4c03-a47f-37adb002a2ed",
              "isHook": false,
              "skipped": false
            },
            {
              "title": "Confirmações de informações do Projeto",
              "fullTitle": "Área do Projeto validações de Informações da Interface Confirmações de informações do Projeto",
              "timedOut": null,
              "duration": 10286,
              "state": "passed",
              "speed": "slow",
              "pass": true,
              "fail": false,
              "pending": false,
              "context": null,
              "code": "cy.contributing();\ncy.donations();",
              "err": {},
              "uuid": "dc097427-fb0a-414b-a2b2-4549c475dc91",
              "parentUUID": "2a8b4428-a63e-4c03-a47f-37adb002a2ed",
              "isHook": false,
              "skipped": false
            }
          ],
          "suites": [],
          "passes": [
            "08cb98ce-fef9-4d9f-b7e0-fc3535f063c1",
            "dc097427-fb0a-414b-a2b2-4549c475dc91"
          ],
          "failures": [],
          "pending": [],
          "skipped": [],
          "duration": 28040,
          "root": false,
          "rootEmpty": false,
          "_timeout": 2000
        }
      ],
      "passes": [],
      "failures": [],
      "pending": [],
      "skipped": [],
      "duration": 0,
      "root": true,
      "rootEmpty": true,
      "_timeout": 2000
    }
  ],
  "meta": {
    "mocha": {
      "version": "7.0.1"
    },
    "mochawesome": {
      "options": {
        "quiet": true,
        "reportFilename": "mochawesome",
        "saveHtml": true,
        "saveJson": true,
        "consoleReporter": "spec",
        "useInlineDiffs": false,
        "code": true
      },
      "version": "7.1.3"
    },
    "marge": {
      "options": {
        "reportDir": "cypress/reports/19-02-2024_11-29-52",
        "quiet": true,
        "overwrite": false,
        "html": true,
        "json": true
      },
      "version": "6.2.0"
    }
  }
}