{
  "stats": {
    "suites": 1,
    "tests": 1,
    "passes": 1,
    "pending": 0,
    "failures": 0,
    "start": "2024-02-16T15:47:24.148Z",
    "end": "2024-02-16T15:47:25.242Z",
    "duration": 1094,
    "testsRegistered": 1,
    "passPercent": 100,
    "pendingPercent": 0,
    "other": 0,
    "hasOther": false,
    "skipped": 0,
    "hasSkipped": false
  },
  "results": [
    {
      "uuid": "6b66256b-1cf7-426f-be98-d7eef4814750",
      "title": "",
      "fullFile": "cypress\\e2e\\restPaises.cy.js",
      "file": "cypress\\e2e\\restPaises.cy.js",
      "beforeHooks": [],
      "afterHooks": [],
      "tests": [],
      "suites": [
        {
          "uuid": "78e7f0c1-4b19-4836-a775-c0f9ee199066",
          "title": "Acesso ao Site da restcountries",
          "fullFile": "",
          "file": "",
          "beforeHooks": [],
          "afterHooks": [],
          "tests": [
            {
              "title": "passes",
              "fullTitle": "Acesso ao Site da restcountries passes",
              "timedOut": null,
              "duration": 1015,
              "state": "passed",
              "speed": "fast",
              "pass": true,
              "fail": false,
              "pending": false,
              "context": null,
              "code": "cy.restPaises();",
              "err": {},
              "uuid": "36838b76-74a0-4218-83cc-d8ddd4940f76",
              "parentUUID": "78e7f0c1-4b19-4836-a775-c0f9ee199066",
              "isHook": false,
              "skipped": false
            }
          ],
          "suites": [],
          "passes": [
            "36838b76-74a0-4218-83cc-d8ddd4940f76"
          ],
          "failures": [],
          "pending": [],
          "skipped": [],
          "duration": 1015,
          "root": false,
          "rootEmpty": false,
          "_timeout": 2000
        }
      ],
      "passes": [],
      "failures": [],
      "pending": [],
      "skipped": [],
      "duration": 0,
      "root": true,
      "rootEmpty": true,
      "_timeout": 2000
    }
  ],
  "meta": {
    "mocha": {
      "version": "7.0.1"
    },
    "mochawesome": {
      "options": {
        "quiet": true,
        "reportFilename": "mochawesome",
        "saveHtml": true,
        "saveJson": true,
        "consoleReporter": "spec",
        "useInlineDiffs": false,
        "code": true
      },
      "version": "7.1.3"
    },
    "marge": {
      "options": {
        "reportDir": "cypress/reports/16-02-2024_12-46-58",
        "quiet": true,
        "overwrite": false,
        "html": true,
        "json": true
      },
      "version": "6.2.0"
    }
  }
}