{
  "stats": {
    "suites": 1,
    "tests": 32,
    "passes": 32,
    "pending": 0,
    "failures": 0,
    "start": "2024-03-05T14:14:31.436Z",
    "end": "2024-03-05T14:15:27.723Z",
    "duration": 56287,
    "testsRegistered": 32,
    "passPercent": 100,
    "pendingPercent": 0,
    "other": 0,
    "hasOther": false,
    "skipped": 0,
    "hasSkipped": false
  },
  "results": [
    {
      "uuid": "4609dc63-c62d-4301-bf6b-3d88f7b308d4",
      "title": "",
      "fullFile": "cypress\\e2e\\pesquisaInterface.cy.js",
      "file": "cypress\\e2e\\pesquisaInterface.cy.js",
      "beforeHooks": [],
      "afterHooks": [],
      "tests": [],
      "suites": [
        {
          "uuid": "e74d4924-c507-4c31-9247-9336b1aea0ac",
          "title": "Input Campo de Pesquisa Interface Countries",
          "fullFile": "",
          "file": "",
          "beforeHooks": [],
          "afterHooks": [],
          "tests": [
            {
              "title": "Validações Pesquisa Brasil",
              "fullTitle": "Input Campo de Pesquisa Interface Countries Validações Pesquisa Brasil",
              "timedOut": null,
              "duration": 4519,
              "state": "passed",
              "speed": "fast",
              "pass": true,
              "fail": false,
              "pending": false,
              "context": null,
              "code": "cy.campoPesquisaBrasil();",
              "err": {},
              "uuid": "2e2226d7-9e0d-4e68-8345-fcdc774fd248",
              "parentUUID": "e74d4924-c507-4c31-9247-9336b1aea0ac",
              "isHook": false,
              "skipped": false
            },
            {
              "title": "Validações Pesquisa Argentina",
              "fullTitle": "Input Campo de Pesquisa Interface Countries Validações Pesquisa Argentina",
              "timedOut": null,
              "duration": 1754,
              "state": "passed",
              "speed": "fast",
              "pass": true,
              "fail": false,
              "pending": false,
              "context": null,
              "code": "cy.campoPesquisaArgentina();",
              "err": {},
              "uuid": "93e0978f-ab3d-49a6-9369-8e96db3c714f",
              "parentUUID": "e74d4924-c507-4c31-9247-9336b1aea0ac",
              "isHook": false,
              "skipped": false
            },
            {
              "title": "Validações Pesquisa Portugal",
              "fullTitle": "Input Campo de Pesquisa Interface Countries Validações Pesquisa Portugal",
              "timedOut": null,
              "duration": 1921,
              "state": "passed",
              "speed": "fast",
              "pass": true,
              "fail": false,
              "pending": false,
              "context": null,
              "code": "cy.campoPesquisaPortugal();",
              "err": {},
              "uuid": "e1ca734d-1d28-481e-bcad-c3151ed9a030",
              "parentUUID": "e74d4924-c507-4c31-9247-9336b1aea0ac",
              "isHook": false,
              "skipped": false
            },
            {
              "title": "Validações Pesquisa Mexico",
              "fullTitle": "Input Campo de Pesquisa Interface Countries Validações Pesquisa Mexico",
              "timedOut": null,
              "duration": 1782,
              "state": "passed",
              "speed": "fast",
              "pass": true,
              "fail": false,
              "pending": false,
              "context": null,
              "code": "cy.campoPesquisaMexico();",
              "err": {},
              "uuid": "9ec1c4bc-492b-4e85-9ea3-49902d6e31d8",
              "parentUUID": "e74d4924-c507-4c31-9247-9336b1aea0ac",
              "isHook": false,
              "skipped": false
            },
            {
              "title": "Validações Pesquisa EUA",
              "fullTitle": "Input Campo de Pesquisa Interface Countries Validações Pesquisa EUA",
              "timedOut": null,
              "duration": 1756,
              "state": "passed",
              "speed": "fast",
              "pass": true,
              "fail": false,
              "pending": false,
              "context": null,
              "code": "cy.campoPesquisaEUA();",
              "err": {},
              "uuid": "f864c625-5d41-43dd-80dc-1395b0a5ad61",
              "parentUUID": "e74d4924-c507-4c31-9247-9336b1aea0ac",
              "isHook": false,
              "skipped": false
            },
            {
              "title": "Validações Pesquisa China",
              "fullTitle": "Input Campo de Pesquisa Interface Countries Validações Pesquisa China",
              "timedOut": null,
              "duration": 1591,
              "state": "passed",
              "speed": "fast",
              "pass": true,
              "fail": false,
              "pending": false,
              "context": null,
              "code": "cy.campoPesquisaChina();",
              "err": {},
              "uuid": "9e6e6390-fc05-417d-acee-a2ae323b792d",
              "parentUUID": "e74d4924-c507-4c31-9247-9336b1aea0ac",
              "isHook": false,
              "skipped": false
            },
            {
              "title": "Validações Pesquisa Japão",
              "fullTitle": "Input Campo de Pesquisa Interface Countries Validações Pesquisa Japão",
              "timedOut": null,
              "duration": 1793,
              "state": "passed",
              "speed": "fast",
              "pass": true,
              "fail": false,
              "pending": false,
              "context": null,
              "code": "cy.campoPesquisaJapao();",
              "err": {},
              "uuid": "216b4ecb-920a-4de4-9c5f-71d7997cb5d3",
              "parentUUID": "e74d4924-c507-4c31-9247-9336b1aea0ac",
              "isHook": false,
              "skipped": false
            },
            {
              "title": "Validações Pesquisa Russia",
              "fullTitle": "Input Campo de Pesquisa Interface Countries Validações Pesquisa Russia",
              "timedOut": null,
              "duration": 1557,
              "state": "passed",
              "speed": "fast",
              "pass": true,
              "fail": false,
              "pending": false,
              "context": null,
              "code": "cy.campoPesquisaRussia();",
              "err": {},
              "uuid": "b0cf5332-572f-48ba-87c4-8bee2407fcc6",
              "parentUUID": "e74d4924-c507-4c31-9247-9336b1aea0ac",
              "isHook": false,
              "skipped": false
            },
            {
              "title": "Validações Pesquisa Armenia",
              "fullTitle": "Input Campo de Pesquisa Interface Countries Validações Pesquisa Armenia",
              "timedOut": null,
              "duration": 1548,
              "state": "passed",
              "speed": "fast",
              "pass": true,
              "fail": false,
              "pending": false,
              "context": null,
              "code": "cy.campoPesquisaArmenia();",
              "err": {},
              "uuid": "f8444326-3bb0-4812-ad84-241d91f1a0e0",
              "parentUUID": "e74d4924-c507-4c31-9247-9336b1aea0ac",
              "isHook": false,
              "skipped": false
            },
            {
              "title": "Validações Pesquisa Angola",
              "fullTitle": "Input Campo de Pesquisa Interface Countries Validações Pesquisa Angola",
              "timedOut": null,
              "duration": 1549,
              "state": "passed",
              "speed": "fast",
              "pass": true,
              "fail": false,
              "pending": false,
              "context": null,
              "code": "cy.campoPesquisaAngola();",
              "err": {},
              "uuid": "5773d677-27d1-414e-a1ff-a1f611b0e7a9",
              "parentUUID": "e74d4924-c507-4c31-9247-9336b1aea0ac",
              "isHook": false,
              "skipped": false
            },
            {
              "title": "Validações Pesquisa Andorra",
              "fullTitle": "Input Campo de Pesquisa Interface Countries Validações Pesquisa Andorra",
              "timedOut": null,
              "duration": 1519,
              "state": "passed",
              "speed": "fast",
              "pass": true,
              "fail": false,
              "pending": false,
              "context": null,
              "code": "cy.campoPesquisaAndorra();",
              "err": {},
              "uuid": "561e69e7-7a75-4a23-882e-10faacfded52",
              "parentUUID": "e74d4924-c507-4c31-9247-9336b1aea0ac",
              "isHook": false,
              "skipped": false
            },
            {
              "title": "Validações Pesquisa Belgica",
              "fullTitle": "Input Campo de Pesquisa Interface Countries Validações Pesquisa Belgica",
              "timedOut": null,
              "duration": 1504,
              "state": "passed",
              "speed": "fast",
              "pass": true,
              "fail": false,
              "pending": false,
              "context": null,
              "code": "cy.campoPesquisaBelgica();",
              "err": {},
              "uuid": "08d92f5f-e3dd-40c8-b571-080057c6c185",
              "parentUUID": "e74d4924-c507-4c31-9247-9336b1aea0ac",
              "isHook": false,
              "skipped": false
            },
            {
              "title": "Validações Pesquisa Bulgária",
              "fullTitle": "Input Campo de Pesquisa Interface Countries Validações Pesquisa Bulgária",
              "timedOut": null,
              "duration": 1543,
              "state": "passed",
              "speed": "fast",
              "pass": true,
              "fail": false,
              "pending": false,
              "context": null,
              "code": "cy.campoPesquisaBulgaria();",
              "err": {},
              "uuid": "aec9defc-0333-428d-8b08-8f334ab39515",
              "parentUUID": "e74d4924-c507-4c31-9247-9336b1aea0ac",
              "isHook": false,
              "skipped": false
            },
            {
              "title": "Validações Pesquisa Bolivia",
              "fullTitle": "Input Campo de Pesquisa Interface Countries Validações Pesquisa Bolivia",
              "timedOut": null,
              "duration": 1536,
              "state": "passed",
              "speed": "fast",
              "pass": true,
              "fail": false,
              "pending": false,
              "context": null,
              "code": "cy.campoPesquisaBolivia();",
              "err": {},
              "uuid": "3c774e58-3dcf-4a73-a414-797c01b326f9",
              "parentUUID": "e74d4924-c507-4c31-9247-9336b1aea0ac",
              "isHook": false,
              "skipped": false
            },
            {
              "title": "Validações Pesquisa Cuba",
              "fullTitle": "Input Campo de Pesquisa Interface Countries Validações Pesquisa Cuba",
              "timedOut": null,
              "duration": 1500,
              "state": "passed",
              "speed": "fast",
              "pass": true,
              "fail": false,
              "pending": false,
              "context": null,
              "code": "cy.campoPesquisaCuba();",
              "err": {},
              "uuid": "8312aac5-6a13-4f72-8b72-bcfc4436eef7",
              "parentUUID": "e74d4924-c507-4c31-9247-9336b1aea0ac",
              "isHook": false,
              "skipped": false
            },
            {
              "title": "Validações Pesquisa Chile",
              "fullTitle": "Input Campo de Pesquisa Interface Countries Validações Pesquisa Chile",
              "timedOut": null,
              "duration": 1647,
              "state": "passed",
              "speed": "fast",
              "pass": true,
              "fail": false,
              "pending": false,
              "context": null,
              "code": "cy.campoPesquisaChile();",
              "err": {},
              "uuid": "15f6ec8c-a1d9-45bb-9dfa-f71afbeead3d",
              "parentUUID": "e74d4924-c507-4c31-9247-9336b1aea0ac",
              "isHook": false,
              "skipped": false
            },
            {
              "title": "Validações Pesquisa Costa Rica",
              "fullTitle": "Input Campo de Pesquisa Interface Countries Validações Pesquisa Costa Rica",
              "timedOut": null,
              "duration": 1635,
              "state": "passed",
              "speed": "fast",
              "pass": true,
              "fail": false,
              "pending": false,
              "context": null,
              "code": "cy.campoPesquisaCostaRica();",
              "err": {},
              "uuid": "44b7df4a-45f0-4f28-a469-2ef82189bdeb",
              "parentUUID": "e74d4924-c507-4c31-9247-9336b1aea0ac",
              "isHook": false,
              "skipped": false
            },
            {
              "title": "Validações Pesquisa Cabo Verde",
              "fullTitle": "Input Campo de Pesquisa Interface Countries Validações Pesquisa Cabo Verde",
              "timedOut": null,
              "duration": 1588,
              "state": "passed",
              "speed": "fast",
              "pass": true,
              "fail": false,
              "pending": false,
              "context": null,
              "code": "cy.campoPesquisaCaboVerde();",
              "err": {},
              "uuid": "ed8da473-3b3e-4f6b-8a2b-cba47658e00d",
              "parentUUID": "e74d4924-c507-4c31-9247-9336b1aea0ac",
              "isHook": false,
              "skipped": false
            },
            {
              "title": "Validações Pesquisa Dinamarca",
              "fullTitle": "Input Campo de Pesquisa Interface Countries Validações Pesquisa Dinamarca",
              "timedOut": null,
              "duration": 1589,
              "state": "passed",
              "speed": "fast",
              "pass": true,
              "fail": false,
              "pending": false,
              "context": null,
              "code": "cy.campoPesquisaDinamarca();",
              "err": {},
              "uuid": "b2421533-4d6a-47e7-83af-e6b862dfabbf",
              "parentUUID": "e74d4924-c507-4c31-9247-9336b1aea0ac",
              "isHook": false,
              "skipped": false
            },
            {
              "title": "Validações Pesquisa Equador",
              "fullTitle": "Input Campo de Pesquisa Interface Countries Validações Pesquisa Equador",
              "timedOut": null,
              "duration": 1501,
              "state": "passed",
              "speed": "fast",
              "pass": true,
              "fail": false,
              "pending": false,
              "context": null,
              "code": "cy.campoPesquisaEquador();",
              "err": {},
              "uuid": "dd0673c5-366f-4910-864a-142c351195e8",
              "parentUUID": "e74d4924-c507-4c31-9247-9336b1aea0ac",
              "isHook": false,
              "skipped": false
            },
            {
              "title": "Validações Pesquisa Espanha",
              "fullTitle": "Input Campo de Pesquisa Interface Countries Validações Pesquisa Espanha",
              "timedOut": null,
              "duration": 1563,
              "state": "passed",
              "speed": "fast",
              "pass": true,
              "fail": false,
              "pending": false,
              "context": null,
              "code": "cy.campoPesquisaEspanha();",
              "err": {},
              "uuid": "e8212cd8-b563-4da5-a859-4a7baa790133",
              "parentUUID": "e74d4924-c507-4c31-9247-9336b1aea0ac",
              "isHook": false,
              "skipped": false
            },
            {
              "title": "Validações Pesquisa Eslovenia",
              "fullTitle": "Input Campo de Pesquisa Interface Countries Validações Pesquisa Eslovenia",
              "timedOut": null,
              "duration": 2052,
              "state": "passed",
              "speed": "fast",
              "pass": true,
              "fail": false,
              "pending": false,
              "context": null,
              "code": "cy.campoPesquisaEslovenia();",
              "err": {},
              "uuid": "dc9b246a-e3b3-424a-90f0-83bcff7c307b",
              "parentUUID": "e74d4924-c507-4c31-9247-9336b1aea0ac",
              "isHook": false,
              "skipped": false
            },
            {
              "title": "Validações Pesquisa Finlandia",
              "fullTitle": "Input Campo de Pesquisa Interface Countries Validações Pesquisa Finlandia",
              "timedOut": null,
              "duration": 1644,
              "state": "passed",
              "speed": "fast",
              "pass": true,
              "fail": false,
              "pending": false,
              "context": null,
              "code": "cy.campoPesquisaFinlandia();",
              "err": {},
              "uuid": "c92929ba-d7c8-4f75-90c5-c05ce6d4f5c1",
              "parentUUID": "e74d4924-c507-4c31-9247-9336b1aea0ac",
              "isHook": false,
              "skipped": false
            },
            {
              "title": "Validações Pesquisa Filipinas",
              "fullTitle": "Input Campo de Pesquisa Interface Countries Validações Pesquisa Filipinas",
              "timedOut": null,
              "duration": 1549,
              "state": "passed",
              "speed": "fast",
              "pass": true,
              "fail": false,
              "pending": false,
              "context": null,
              "code": "cy.campoPesquisaFilipinas();",
              "err": {},
              "uuid": "dc435f65-c962-4a71-a4da-ced5bedc749a",
              "parentUUID": "e74d4924-c507-4c31-9247-9336b1aea0ac",
              "isHook": false,
              "skipped": false
            },
            {
              "title": "Validações Pesquisa França",
              "fullTitle": "Input Campo de Pesquisa Interface Countries Validações Pesquisa França",
              "timedOut": null,
              "duration": 1610,
              "state": "passed",
              "speed": "fast",
              "pass": true,
              "fail": false,
              "pending": false,
              "context": null,
              "code": "cy.campoPesquisaFranca();",
              "err": {},
              "uuid": "f7bc4f6d-7885-42d0-9add-d6d9973db052",
              "parentUUID": "e74d4924-c507-4c31-9247-9336b1aea0ac",
              "isHook": false,
              "skipped": false
            },
            {
              "title": "Validações Pesquisa Grécia",
              "fullTitle": "Input Campo de Pesquisa Interface Countries Validações Pesquisa Grécia",
              "timedOut": null,
              "duration": 1584,
              "state": "passed",
              "speed": "fast",
              "pass": true,
              "fail": false,
              "pending": false,
              "context": null,
              "code": "cy.campoPesquisaGrecia();",
              "err": {},
              "uuid": "880233c7-be2d-4058-82db-479f045ab80d",
              "parentUUID": "e74d4924-c507-4c31-9247-9336b1aea0ac",
              "isHook": false,
              "skipped": false
            },
            {
              "title": "Validações Pesquisa Gana",
              "fullTitle": "Input Campo de Pesquisa Interface Countries Validações Pesquisa Gana",
              "timedOut": null,
              "duration": 1616,
              "state": "passed",
              "speed": "fast",
              "pass": true,
              "fail": false,
              "pending": false,
              "context": null,
              "code": "cy.campoPesquisaGana();",
              "err": {},
              "uuid": "8f0aa25a-a86e-4325-9a6c-f6e0fe29b956",
              "parentUUID": "e74d4924-c507-4c31-9247-9336b1aea0ac",
              "isHook": false,
              "skipped": false
            },
            {
              "title": "Validações Pesquisa Holanda",
              "fullTitle": "Input Campo de Pesquisa Interface Countries Validações Pesquisa Holanda",
              "timedOut": null,
              "duration": 1576,
              "state": "passed",
              "speed": "fast",
              "pass": true,
              "fail": false,
              "pending": false,
              "context": null,
              "code": "cy.campoPesquisaHolanda();",
              "err": {},
              "uuid": "ecaab388-c7e7-4de4-bc5e-eb179ebabff7",
              "parentUUID": "e74d4924-c507-4c31-9247-9336b1aea0ac",
              "isHook": false,
              "skipped": false
            },
            {
              "title": "Validações Pesquisa Iraque",
              "fullTitle": "Input Campo de Pesquisa Interface Countries Validações Pesquisa Iraque",
              "timedOut": null,
              "duration": 1536,
              "state": "passed",
              "speed": "fast",
              "pass": true,
              "fail": false,
              "pending": false,
              "context": null,
              "code": "cy.campoPesquisaIraque();",
              "err": {},
              "uuid": "c1936f0d-cdf2-4101-922b-e021ac5015b7",
              "parentUUID": "e74d4924-c507-4c31-9247-9336b1aea0ac",
              "isHook": false,
              "skipped": false
            },
            {
              "title": "Validações Pesquisa India",
              "fullTitle": "Input Campo de Pesquisa Interface Countries Validações Pesquisa India",
              "timedOut": null,
              "duration": 1598,
              "state": "passed",
              "speed": "fast",
              "pass": true,
              "fail": false,
              "pending": false,
              "context": null,
              "code": "cy.campoPesquisaIndia();",
              "err": {},
              "uuid": "18e79c85-3cec-47ca-a9a0-9d57ff743c47",
              "parentUUID": "e74d4924-c507-4c31-9247-9336b1aea0ac",
              "isHook": false,
              "skipped": false
            },
            {
              "title": "Validações Pesquisa Italia",
              "fullTitle": "Input Campo de Pesquisa Interface Countries Validações Pesquisa Italia",
              "timedOut": null,
              "duration": 1557,
              "state": "passed",
              "speed": "fast",
              "pass": true,
              "fail": false,
              "pending": false,
              "context": null,
              "code": "cy.campoPesquisaItalia();",
              "err": {},
              "uuid": "7fd7b68e-5b3b-4e3e-b103-a3cd84fad908",
              "parentUUID": "e74d4924-c507-4c31-9247-9336b1aea0ac",
              "isHook": false,
              "skipped": false
            },
            {
              "title": "Validações Pesquisa Israel",
              "fullTitle": "Input Campo de Pesquisa Interface Countries Validações Pesquisa Israel",
              "timedOut": null,
              "duration": 1491,
              "state": "passed",
              "speed": "fast",
              "pass": true,
              "fail": false,
              "pending": false,
              "context": null,
              "code": "cy.campoPesquisaIsrael();",
              "err": {},
              "uuid": "04bf685e-4fe2-4685-b09a-bfae4720974d",
              "parentUUID": "e74d4924-c507-4c31-9247-9336b1aea0ac",
              "isHook": false,
              "skipped": false
            }
          ],
          "suites": [],
          "passes": [
            "2e2226d7-9e0d-4e68-8345-fcdc774fd248",
            "93e0978f-ab3d-49a6-9369-8e96db3c714f",
            "e1ca734d-1d28-481e-bcad-c3151ed9a030",
            "9ec1c4bc-492b-4e85-9ea3-49902d6e31d8",
            "f864c625-5d41-43dd-80dc-1395b0a5ad61",
            "9e6e6390-fc05-417d-acee-a2ae323b792d",
            "216b4ecb-920a-4de4-9c5f-71d7997cb5d3",
            "b0cf5332-572f-48ba-87c4-8bee2407fcc6",
            "f8444326-3bb0-4812-ad84-241d91f1a0e0",
            "5773d677-27d1-414e-a1ff-a1f611b0e7a9",
            "561e69e7-7a75-4a23-882e-10faacfded52",
            "08d92f5f-e3dd-40c8-b571-080057c6c185",
            "aec9defc-0333-428d-8b08-8f334ab39515",
            "3c774e58-3dcf-4a73-a414-797c01b326f9",
            "8312aac5-6a13-4f72-8b72-bcfc4436eef7",
            "15f6ec8c-a1d9-45bb-9dfa-f71afbeead3d",
            "44b7df4a-45f0-4f28-a469-2ef82189bdeb",
            "ed8da473-3b3e-4f6b-8a2b-cba47658e00d",
            "b2421533-4d6a-47e7-83af-e6b862dfabbf",
            "dd0673c5-366f-4910-864a-142c351195e8",
            "e8212cd8-b563-4da5-a859-4a7baa790133",
            "dc9b246a-e3b3-424a-90f0-83bcff7c307b",
            "c92929ba-d7c8-4f75-90c5-c05ce6d4f5c1",
            "dc435f65-c962-4a71-a4da-ced5bedc749a",
            "f7bc4f6d-7885-42d0-9add-d6d9973db052",
            "880233c7-be2d-4058-82db-479f045ab80d",
            "8f0aa25a-a86e-4325-9a6c-f6e0fe29b956",
            "ecaab388-c7e7-4de4-bc5e-eb179ebabff7",
            "c1936f0d-cdf2-4101-922b-e021ac5015b7",
            "18e79c85-3cec-47ca-a9a0-9d57ff743c47",
            "7fd7b68e-5b3b-4e3e-b103-a3cd84fad908",
            "04bf685e-4fe2-4685-b09a-bfae4720974d"
          ],
          "failures": [],
          "pending": [],
          "skipped": [],
          "duration": 54708,
          "root": false,
          "rootEmpty": false,
          "_timeout": 2000
        }
      ],
      "passes": [],
      "failures": [],
      "pending": [],
      "skipped": [],
      "duration": 0,
      "root": true,
      "rootEmpty": true,
      "_timeout": 2000
    }
  ],
  "meta": {
    "mocha": {
      "version": "7.0.1"
    },
    "mochawesome": {
      "options": {
        "quiet": true,
        "reportFilename": "mochawesome",
        "saveHtml": true,
        "saveJson": true,
        "consoleReporter": "spec",
        "useInlineDiffs": false,
        "code": true
      },
      "version": "7.1.3"
    },
    "marge": {
      "options": {
        "reportDir": "cypress/reports/05-03-2024_11-14-14",
        "quiet": true,
        "overwrite": false,
        "html": true,
        "json": true
      },
      "version": "6.2.0"
    }
  }
}