{
  "stats": {
    "suites": 1,
    "tests": 32,
    "passes": 32,
    "pending": 0,
    "failures": 0,
    "start": "2024-02-23T13:49:31.332Z",
    "end": "2024-02-23T13:50:25.220Z",
    "duration": 53888,
    "testsRegistered": 32,
    "passPercent": 100,
    "pendingPercent": 0,
    "other": 0,
    "hasOther": false,
    "skipped": 0,
    "hasSkipped": false
  },
  "results": [
    {
      "uuid": "7b763552-505f-4ce6-b15f-6788780ca4bf",
      "title": "",
      "fullFile": "cypress\\e2e\\pesquisaInterface.cy.js",
      "file": "cypress\\e2e\\pesquisaInterface.cy.js",
      "beforeHooks": [],
      "afterHooks": [],
      "tests": [],
      "suites": [
        {
          "uuid": "ac762159-e544-413d-9d74-7b153f7dc928",
          "title": "Input Campo de Pesquisa Interface Countries",
          "fullFile": "",
          "file": "",
          "beforeHooks": [],
          "afterHooks": [],
          "tests": [
            {
              "title": "Validações Pesquisa Brasil",
              "fullTitle": "Input Campo de Pesquisa Interface Countries Validações Pesquisa Brasil",
              "timedOut": null,
              "duration": 3392,
              "state": "passed",
              "speed": "fast",
              "pass": true,
              "fail": false,
              "pending": false,
              "context": null,
              "code": "cy.campoPesquisaBrasil();",
              "err": {},
              "uuid": "3ddfe450-f095-4c0a-9421-b648072b5cf0",
              "parentUUID": "ac762159-e544-413d-9d74-7b153f7dc928",
              "isHook": false,
              "skipped": false
            },
            {
              "title": "Validações Pesquisa Argentina",
              "fullTitle": "Input Campo de Pesquisa Interface Countries Validações Pesquisa Argentina",
              "timedOut": null,
              "duration": 1750,
              "state": "passed",
              "speed": "fast",
              "pass": true,
              "fail": false,
              "pending": false,
              "context": null,
              "code": "cy.campoPesquisaArgentina();",
              "err": {},
              "uuid": "cd7af83e-1dc4-4d3b-9c19-e5f85a0b02bc",
              "parentUUID": "ac762159-e544-413d-9d74-7b153f7dc928",
              "isHook": false,
              "skipped": false
            },
            {
              "title": "Validações Pesquisa Portugal",
              "fullTitle": "Input Campo de Pesquisa Interface Countries Validações Pesquisa Portugal",
              "timedOut": null,
              "duration": 1606,
              "state": "passed",
              "speed": "fast",
              "pass": true,
              "fail": false,
              "pending": false,
              "context": null,
              "code": "cy.campoPesquisaPortugal();",
              "err": {},
              "uuid": "6d4b75b0-aaea-45e7-859a-b29625507f39",
              "parentUUID": "ac762159-e544-413d-9d74-7b153f7dc928",
              "isHook": false,
              "skipped": false
            },
            {
              "title": "Validações Pesquisa Mexico",
              "fullTitle": "Input Campo de Pesquisa Interface Countries Validações Pesquisa Mexico",
              "timedOut": null,
              "duration": 1823,
              "state": "passed",
              "speed": "fast",
              "pass": true,
              "fail": false,
              "pending": false,
              "context": null,
              "code": "cy.campoPesquisaMexico();",
              "err": {},
              "uuid": "2d39248e-9871-49d2-9800-de931bd4f2ca",
              "parentUUID": "ac762159-e544-413d-9d74-7b153f7dc928",
              "isHook": false,
              "skipped": false
            },
            {
              "title": "Validações Pesquisa EUA",
              "fullTitle": "Input Campo de Pesquisa Interface Countries Validações Pesquisa EUA",
              "timedOut": null,
              "duration": 1619,
              "state": "passed",
              "speed": "fast",
              "pass": true,
              "fail": false,
              "pending": false,
              "context": null,
              "code": "cy.campoPesquisaEUA();",
              "err": {},
              "uuid": "01399a05-ed0e-41e7-a670-32f0431e5822",
              "parentUUID": "ac762159-e544-413d-9d74-7b153f7dc928",
              "isHook": false,
              "skipped": false
            },
            {
              "title": "Validações Pesquisa China",
              "fullTitle": "Input Campo de Pesquisa Interface Countries Validações Pesquisa China",
              "timedOut": null,
              "duration": 1581,
              "state": "passed",
              "speed": "fast",
              "pass": true,
              "fail": false,
              "pending": false,
              "context": null,
              "code": "cy.campoPesquisaChina();",
              "err": {},
              "uuid": "46ca0535-a441-4247-94a0-5aa4c59f2f09",
              "parentUUID": "ac762159-e544-413d-9d74-7b153f7dc928",
              "isHook": false,
              "skipped": false
            },
            {
              "title": "Validações Pesquisa Japão",
              "fullTitle": "Input Campo de Pesquisa Interface Countries Validações Pesquisa Japão",
              "timedOut": null,
              "duration": 1593,
              "state": "passed",
              "speed": "fast",
              "pass": true,
              "fail": false,
              "pending": false,
              "context": null,
              "code": "cy.campoPesquisaJapao();",
              "err": {},
              "uuid": "d7473aa3-c837-462c-aabb-493405f26550",
              "parentUUID": "ac762159-e544-413d-9d74-7b153f7dc928",
              "isHook": false,
              "skipped": false
            },
            {
              "title": "Validações Pesquisa Russia",
              "fullTitle": "Input Campo de Pesquisa Interface Countries Validações Pesquisa Russia",
              "timedOut": null,
              "duration": 1501,
              "state": "passed",
              "speed": "fast",
              "pass": true,
              "fail": false,
              "pending": false,
              "context": null,
              "code": "cy.campoPesquisaRussia();",
              "err": {},
              "uuid": "b0576518-533a-4482-bbc1-5ccffbb92822",
              "parentUUID": "ac762159-e544-413d-9d74-7b153f7dc928",
              "isHook": false,
              "skipped": false
            },
            {
              "title": "Validações Pesquisa Armenia",
              "fullTitle": "Input Campo de Pesquisa Interface Countries Validações Pesquisa Armenia",
              "timedOut": null,
              "duration": 1549,
              "state": "passed",
              "speed": "fast",
              "pass": true,
              "fail": false,
              "pending": false,
              "context": null,
              "code": "cy.campoPesquisaArmenia();",
              "err": {},
              "uuid": "676d3c36-5ea2-4963-a439-bde0975b45fa",
              "parentUUID": "ac762159-e544-413d-9d74-7b153f7dc928",
              "isHook": false,
              "skipped": false
            },
            {
              "title": "Validações Pesquisa Angola",
              "fullTitle": "Input Campo de Pesquisa Interface Countries Validações Pesquisa Angola",
              "timedOut": null,
              "duration": 1585,
              "state": "passed",
              "speed": "fast",
              "pass": true,
              "fail": false,
              "pending": false,
              "context": null,
              "code": "cy.campoPesquisaAngola();",
              "err": {},
              "uuid": "10cb060a-0778-45ed-9e48-b96dacd7eb73",
              "parentUUID": "ac762159-e544-413d-9d74-7b153f7dc928",
              "isHook": false,
              "skipped": false
            },
            {
              "title": "Validações Pesquisa Andorra",
              "fullTitle": "Input Campo de Pesquisa Interface Countries Validações Pesquisa Andorra",
              "timedOut": null,
              "duration": 1546,
              "state": "passed",
              "speed": "fast",
              "pass": true,
              "fail": false,
              "pending": false,
              "context": null,
              "code": "cy.campoPesquisaAndorra();",
              "err": {},
              "uuid": "0da3da4e-09e7-4692-a87f-f66da068ada0",
              "parentUUID": "ac762159-e544-413d-9d74-7b153f7dc928",
              "isHook": false,
              "skipped": false
            },
            {
              "title": "Validações Pesquisa Belgica",
              "fullTitle": "Input Campo de Pesquisa Interface Countries Validações Pesquisa Belgica",
              "timedOut": null,
              "duration": 1518,
              "state": "passed",
              "speed": "fast",
              "pass": true,
              "fail": false,
              "pending": false,
              "context": null,
              "code": "cy.campoPesquisaBelgica();",
              "err": {},
              "uuid": "6fd2f22d-2a60-488d-b5dc-5419edbeeed1",
              "parentUUID": "ac762159-e544-413d-9d74-7b153f7dc928",
              "isHook": false,
              "skipped": false
            },
            {
              "title": "Validações Pesquisa Bulgária",
              "fullTitle": "Input Campo de Pesquisa Interface Countries Validações Pesquisa Bulgária",
              "timedOut": null,
              "duration": 1552,
              "state": "passed",
              "speed": "fast",
              "pass": true,
              "fail": false,
              "pending": false,
              "context": null,
              "code": "cy.campoPesquisaBulgaria();",
              "err": {},
              "uuid": "29b4cb85-eb9b-4ced-aa4b-2617b7869ef5",
              "parentUUID": "ac762159-e544-413d-9d74-7b153f7dc928",
              "isHook": false,
              "skipped": false
            },
            {
              "title": "Validações Pesquisa Bolivia",
              "fullTitle": "Input Campo de Pesquisa Interface Countries Validações Pesquisa Bolivia",
              "timedOut": null,
              "duration": 1542,
              "state": "passed",
              "speed": "fast",
              "pass": true,
              "fail": false,
              "pending": false,
              "context": null,
              "code": "cy.campoPesquisaBolivia();",
              "err": {},
              "uuid": "d768d128-4074-41c7-997f-e11376a0c741",
              "parentUUID": "ac762159-e544-413d-9d74-7b153f7dc928",
              "isHook": false,
              "skipped": false
            },
            {
              "title": "Validações Pesquisa Cuba",
              "fullTitle": "Input Campo de Pesquisa Interface Countries Validações Pesquisa Cuba",
              "timedOut": null,
              "duration": 1463,
              "state": "passed",
              "speed": "fast",
              "pass": true,
              "fail": false,
              "pending": false,
              "context": null,
              "code": "cy.campoPesquisaCuba();",
              "err": {},
              "uuid": "c0fdd511-ad10-49c0-8fb7-b0d62662cc78",
              "parentUUID": "ac762159-e544-413d-9d74-7b153f7dc928",
              "isHook": false,
              "skipped": false
            },
            {
              "title": "Validações Pesquisa Chile",
              "fullTitle": "Input Campo de Pesquisa Interface Countries Validações Pesquisa Chile",
              "timedOut": null,
              "duration": 1512,
              "state": "passed",
              "speed": "fast",
              "pass": true,
              "fail": false,
              "pending": false,
              "context": null,
              "code": "cy.campoPesquisaChile();",
              "err": {},
              "uuid": "11ff8bc1-27ea-4ea0-808e-ba807ed03ad2",
              "parentUUID": "ac762159-e544-413d-9d74-7b153f7dc928",
              "isHook": false,
              "skipped": false
            },
            {
              "title": "Validações Pesquisa Costa Rica",
              "fullTitle": "Input Campo de Pesquisa Interface Countries Validações Pesquisa Costa Rica",
              "timedOut": null,
              "duration": 1690,
              "state": "passed",
              "speed": "fast",
              "pass": true,
              "fail": false,
              "pending": false,
              "context": null,
              "code": "cy.campoPesquisaCostaRica();",
              "err": {},
              "uuid": "1325bbe2-bfff-406b-97ff-eac454b49e0f",
              "parentUUID": "ac762159-e544-413d-9d74-7b153f7dc928",
              "isHook": false,
              "skipped": false
            },
            {
              "title": "Validações Pesquisa Cabo Verde",
              "fullTitle": "Input Campo de Pesquisa Interface Countries Validações Pesquisa Cabo Verde",
              "timedOut": null,
              "duration": 1563,
              "state": "passed",
              "speed": "fast",
              "pass": true,
              "fail": false,
              "pending": false,
              "context": null,
              "code": "cy.campoPesquisaCaboVerde();",
              "err": {},
              "uuid": "22d66df6-df13-4e92-b112-78789b946257",
              "parentUUID": "ac762159-e544-413d-9d74-7b153f7dc928",
              "isHook": false,
              "skipped": false
            },
            {
              "title": "Validações Pesquisa Dinamarca",
              "fullTitle": "Input Campo de Pesquisa Interface Countries Validações Pesquisa Dinamarca",
              "timedOut": null,
              "duration": 1547,
              "state": "passed",
              "speed": "fast",
              "pass": true,
              "fail": false,
              "pending": false,
              "context": null,
              "code": "cy.campoPesquisaDinamarca();",
              "err": {},
              "uuid": "d7d80cfd-fb25-4d4f-8fd2-a8c115c38c16",
              "parentUUID": "ac762159-e544-413d-9d74-7b153f7dc928",
              "isHook": false,
              "skipped": false
            },
            {
              "title": "Validações Pesquisa Equador",
              "fullTitle": "Input Campo de Pesquisa Interface Countries Validações Pesquisa Equador",
              "timedOut": null,
              "duration": 1514,
              "state": "passed",
              "speed": "fast",
              "pass": true,
              "fail": false,
              "pending": false,
              "context": null,
              "code": "cy.campoPesquisaEquador();",
              "err": {},
              "uuid": "39945f8f-269a-489c-ba4b-ece9a634872b",
              "parentUUID": "ac762159-e544-413d-9d74-7b153f7dc928",
              "isHook": false,
              "skipped": false
            },
            {
              "title": "Validações Pesquisa Espanha",
              "fullTitle": "Input Campo de Pesquisa Interface Countries Validações Pesquisa Espanha",
              "timedOut": null,
              "duration": 1651,
              "state": "passed",
              "speed": "fast",
              "pass": true,
              "fail": false,
              "pending": false,
              "context": null,
              "code": "cy.campoPesquisaEspanha();",
              "err": {},
              "uuid": "77efe18b-d4c6-4f29-87fd-44b15b88b58a",
              "parentUUID": "ac762159-e544-413d-9d74-7b153f7dc928",
              "isHook": false,
              "skipped": false
            },
            {
              "title": "Validações Pesquisa Eslovenia",
              "fullTitle": "Input Campo de Pesquisa Interface Countries Validações Pesquisa Eslovenia",
              "timedOut": null,
              "duration": 1542,
              "state": "passed",
              "speed": "fast",
              "pass": true,
              "fail": false,
              "pending": false,
              "context": null,
              "code": "cy.campoPesquisaEslovenia();",
              "err": {},
              "uuid": "025d18b7-6254-471a-bef6-564c31c59a57",
              "parentUUID": "ac762159-e544-413d-9d74-7b153f7dc928",
              "isHook": false,
              "skipped": false
            },
            {
              "title": "Validações Pesquisa Finlandia",
              "fullTitle": "Input Campo de Pesquisa Interface Countries Validações Pesquisa Finlandia",
              "timedOut": null,
              "duration": 1534,
              "state": "passed",
              "speed": "fast",
              "pass": true,
              "fail": false,
              "pending": false,
              "context": null,
              "code": "cy.campoPesquisaFinlandia();",
              "err": {},
              "uuid": "ceefbb45-336d-4189-8e00-168b760f7641",
              "parentUUID": "ac762159-e544-413d-9d74-7b153f7dc928",
              "isHook": false,
              "skipped": false
            },
            {
              "title": "Validações Pesquisa Filipinas",
              "fullTitle": "Input Campo de Pesquisa Interface Countries Validações Pesquisa Filipinas",
              "timedOut": null,
              "duration": 1547,
              "state": "passed",
              "speed": "fast",
              "pass": true,
              "fail": false,
              "pending": false,
              "context": null,
              "code": "cy.campoPesquisaFilipinas();",
              "err": {},
              "uuid": "20e91bfb-d0fb-4a1a-9fac-a0fe427118bd",
              "parentUUID": "ac762159-e544-413d-9d74-7b153f7dc928",
              "isHook": false,
              "skipped": false
            },
            {
              "title": "Validações Pesquisa França",
              "fullTitle": "Input Campo de Pesquisa Interface Countries Validações Pesquisa França",
              "timedOut": null,
              "duration": 1557,
              "state": "passed",
              "speed": "fast",
              "pass": true,
              "fail": false,
              "pending": false,
              "context": null,
              "code": "cy.campoPesquisaFranca();",
              "err": {},
              "uuid": "824c5b23-3590-428e-b931-4e05ede2900f",
              "parentUUID": "ac762159-e544-413d-9d74-7b153f7dc928",
              "isHook": false,
              "skipped": false
            },
            {
              "title": "Validações Pesquisa Grécia",
              "fullTitle": "Input Campo de Pesquisa Interface Countries Validações Pesquisa Grécia",
              "timedOut": null,
              "duration": 1495,
              "state": "passed",
              "speed": "fast",
              "pass": true,
              "fail": false,
              "pending": false,
              "context": null,
              "code": "cy.campoPesquisaGrecia();",
              "err": {},
              "uuid": "721bc462-db18-43fc-bc1b-47c65f8f3cd7",
              "parentUUID": "ac762159-e544-413d-9d74-7b153f7dc928",
              "isHook": false,
              "skipped": false
            },
            {
              "title": "Validações Pesquisa Gana",
              "fullTitle": "Input Campo de Pesquisa Interface Countries Validações Pesquisa Gana",
              "timedOut": null,
              "duration": 1545,
              "state": "passed",
              "speed": "fast",
              "pass": true,
              "fail": false,
              "pending": false,
              "context": null,
              "code": "cy.campoPesquisaGana();",
              "err": {},
              "uuid": "8fb128d9-9b7e-4f0d-bd4e-2f0f6aa9898e",
              "parentUUID": "ac762159-e544-413d-9d74-7b153f7dc928",
              "isHook": false,
              "skipped": false
            },
            {
              "title": "Validações Pesquisa Holanda",
              "fullTitle": "Input Campo de Pesquisa Interface Countries Validações Pesquisa Holanda",
              "timedOut": null,
              "duration": 1529,
              "state": "passed",
              "speed": "fast",
              "pass": true,
              "fail": false,
              "pending": false,
              "context": null,
              "code": "cy.campoPesquisaHolanda();",
              "err": {},
              "uuid": "f30ff49d-c150-4320-80e4-9e9eac0cddbf",
              "parentUUID": "ac762159-e544-413d-9d74-7b153f7dc928",
              "isHook": false,
              "skipped": false
            },
            {
              "title": "Validações Pesquisa Iraque",
              "fullTitle": "Input Campo de Pesquisa Interface Countries Validações Pesquisa Iraque",
              "timedOut": null,
              "duration": 1482,
              "state": "passed",
              "speed": "fast",
              "pass": true,
              "fail": false,
              "pending": false,
              "context": null,
              "code": "cy.campoPesquisaIraque();",
              "err": {},
              "uuid": "fbbb44b1-3f66-4d7f-8b3b-310354b3de55",
              "parentUUID": "ac762159-e544-413d-9d74-7b153f7dc928",
              "isHook": false,
              "skipped": false
            },
            {
              "title": "Validações Pesquisa India",
              "fullTitle": "Input Campo de Pesquisa Interface Countries Validações Pesquisa India",
              "timedOut": null,
              "duration": 1631,
              "state": "passed",
              "speed": "fast",
              "pass": true,
              "fail": false,
              "pending": false,
              "context": null,
              "code": "cy.campoPesquisaIndia();",
              "err": {},
              "uuid": "6aa1180e-7f8b-401e-a0b5-a834b666235a",
              "parentUUID": "ac762159-e544-413d-9d74-7b153f7dc928",
              "isHook": false,
              "skipped": false
            },
            {
              "title": "Validações Pesquisa Italia",
              "fullTitle": "Input Campo de Pesquisa Interface Countries Validações Pesquisa Italia",
              "timedOut": null,
              "duration": 1641,
              "state": "passed",
              "speed": "fast",
              "pass": true,
              "fail": false,
              "pending": false,
              "context": null,
              "code": "cy.campoPesquisaItalia();",
              "err": {},
              "uuid": "d20a4a89-278e-4056-8ec0-7c7a7c5bdae0",
              "parentUUID": "ac762159-e544-413d-9d74-7b153f7dc928",
              "isHook": false,
              "skipped": false
            },
            {
              "title": "Validações Pesquisa Israel",
              "fullTitle": "Input Campo de Pesquisa Interface Countries Validações Pesquisa Israel",
              "timedOut": null,
              "duration": 1623,
              "state": "passed",
              "speed": "fast",
              "pass": true,
              "fail": false,
              "pending": false,
              "context": null,
              "code": "cy.campoPesquisaIsrael();",
              "err": {},
              "uuid": "dff16c25-ff6a-4977-8123-3ed910eecb70",
              "parentUUID": "ac762159-e544-413d-9d74-7b153f7dc928",
              "isHook": false,
              "skipped": false
            }
          ],
          "suites": [],
          "passes": [
            "3ddfe450-f095-4c0a-9421-b648072b5cf0",
            "cd7af83e-1dc4-4d3b-9c19-e5f85a0b02bc",
            "6d4b75b0-aaea-45e7-859a-b29625507f39",
            "2d39248e-9871-49d2-9800-de931bd4f2ca",
            "01399a05-ed0e-41e7-a670-32f0431e5822",
            "46ca0535-a441-4247-94a0-5aa4c59f2f09",
            "d7473aa3-c837-462c-aabb-493405f26550",
            "b0576518-533a-4482-bbc1-5ccffbb92822",
            "676d3c36-5ea2-4963-a439-bde0975b45fa",
            "10cb060a-0778-45ed-9e48-b96dacd7eb73",
            "0da3da4e-09e7-4692-a87f-f66da068ada0",
            "6fd2f22d-2a60-488d-b5dc-5419edbeeed1",
            "29b4cb85-eb9b-4ced-aa4b-2617b7869ef5",
            "d768d128-4074-41c7-997f-e11376a0c741",
            "c0fdd511-ad10-49c0-8fb7-b0d62662cc78",
            "11ff8bc1-27ea-4ea0-808e-ba807ed03ad2",
            "1325bbe2-bfff-406b-97ff-eac454b49e0f",
            "22d66df6-df13-4e92-b112-78789b946257",
            "d7d80cfd-fb25-4d4f-8fd2-a8c115c38c16",
            "39945f8f-269a-489c-ba4b-ece9a634872b",
            "77efe18b-d4c6-4f29-87fd-44b15b88b58a",
            "025d18b7-6254-471a-bef6-564c31c59a57",
            "ceefbb45-336d-4189-8e00-168b760f7641",
            "20e91bfb-d0fb-4a1a-9fac-a0fe427118bd",
            "824c5b23-3590-428e-b931-4e05ede2900f",
            "721bc462-db18-43fc-bc1b-47c65f8f3cd7",
            "8fb128d9-9b7e-4f0d-bd4e-2f0f6aa9898e",
            "f30ff49d-c150-4320-80e4-9e9eac0cddbf",
            "fbbb44b1-3f66-4d7f-8b3b-310354b3de55",
            "6aa1180e-7f8b-401e-a0b5-a834b666235a",
            "d20a4a89-278e-4056-8ec0-7c7a7c5bdae0",
            "dff16c25-ff6a-4977-8123-3ed910eecb70"
          ],
          "failures": [],
          "pending": [],
          "skipped": [],
          "duration": 52223,
          "root": false,
          "rootEmpty": false,
          "_timeout": 2000
        }
      ],
      "passes": [],
      "failures": [],
      "pending": [],
      "skipped": [],
      "duration": 0,
      "root": true,
      "rootEmpty": true,
      "_timeout": 2000
    }
  ],
  "meta": {
    "mocha": {
      "version": "7.0.1"
    },
    "mochawesome": {
      "options": {
        "quiet": true,
        "reportFilename": "mochawesome",
        "saveHtml": true,
        "saveJson": true,
        "consoleReporter": "spec",
        "useInlineDiffs": false,
        "code": true
      },
      "version": "7.1.3"
    },
    "marge": {
      "options": {
        "reportDir": "cypress/reports/23-02-2024_10-49-21",
        "quiet": true,
        "overwrite": false,
        "html": true,
        "json": true
      },
      "version": "6.2.0"
    }
  }
}