{
  "stats": {
    "suites": 1,
    "tests": 32,
    "passes": 32,
    "pending": 0,
    "failures": 0,
    "start": "2024-02-28T23:59:44.824Z",
    "end": "2024-02-29T00:00:46.003Z",
    "duration": 61179,
    "testsRegistered": 32,
    "passPercent": 100,
    "pendingPercent": 0,
    "other": 0,
    "hasOther": false,
    "skipped": 0,
    "hasSkipped": false
  },
  "results": [
    {
      "uuid": "bc61b917-00c0-4712-b1aa-c975bd1afe31",
      "title": "",
      "fullFile": "cypress\\e2e\\pesquisaInterface.cy.js",
      "file": "cypress\\e2e\\pesquisaInterface.cy.js",
      "beforeHooks": [],
      "afterHooks": [],
      "tests": [],
      "suites": [
        {
          "uuid": "959995fb-1e20-4428-87b3-94ffae48f437",
          "title": "Input Campo de Pesquisa Interface Countries",
          "fullFile": "",
          "file": "",
          "beforeHooks": [],
          "afterHooks": [],
          "tests": [
            {
              "title": "Validações Pesquisa Brasil",
              "fullTitle": "Input Campo de Pesquisa Interface Countries Validações Pesquisa Brasil",
              "timedOut": null,
              "duration": 4129,
              "state": "passed",
              "speed": "fast",
              "pass": true,
              "fail": false,
              "pending": false,
              "context": null,
              "code": "cy.campoPesquisaBrasil();",
              "err": {},
              "uuid": "32bb1da0-92b8-4ac3-9bae-40e409fdcf19",
              "parentUUID": "959995fb-1e20-4428-87b3-94ffae48f437",
              "isHook": false,
              "skipped": false
            },
            {
              "title": "Validações Pesquisa Argentina",
              "fullTitle": "Input Campo de Pesquisa Interface Countries Validações Pesquisa Argentina",
              "timedOut": null,
              "duration": 2007,
              "state": "passed",
              "speed": "fast",
              "pass": true,
              "fail": false,
              "pending": false,
              "context": null,
              "code": "cy.campoPesquisaArgentina();",
              "err": {},
              "uuid": "7544cf0e-3b15-4276-80c6-d2881af07f15",
              "parentUUID": "959995fb-1e20-4428-87b3-94ffae48f437",
              "isHook": false,
              "skipped": false
            },
            {
              "title": "Validações Pesquisa Portugal",
              "fullTitle": "Input Campo de Pesquisa Interface Countries Validações Pesquisa Portugal",
              "timedOut": null,
              "duration": 2011,
              "state": "passed",
              "speed": "fast",
              "pass": true,
              "fail": false,
              "pending": false,
              "context": null,
              "code": "cy.campoPesquisaPortugal();",
              "err": {},
              "uuid": "cd145bd3-110b-4d11-9f85-4902fa28ce7f",
              "parentUUID": "959995fb-1e20-4428-87b3-94ffae48f437",
              "isHook": false,
              "skipped": false
            },
            {
              "title": "Validações Pesquisa Mexico",
              "fullTitle": "Input Campo de Pesquisa Interface Countries Validações Pesquisa Mexico",
              "timedOut": null,
              "duration": 1730,
              "state": "passed",
              "speed": "fast",
              "pass": true,
              "fail": false,
              "pending": false,
              "context": null,
              "code": "cy.campoPesquisaMexico();",
              "err": {},
              "uuid": "37cd6a73-a93d-45e6-9fc8-f939fa9d1b47",
              "parentUUID": "959995fb-1e20-4428-87b3-94ffae48f437",
              "isHook": false,
              "skipped": false
            },
            {
              "title": "Validações Pesquisa EUA",
              "fullTitle": "Input Campo de Pesquisa Interface Countries Validações Pesquisa EUA",
              "timedOut": null,
              "duration": 1756,
              "state": "passed",
              "speed": "fast",
              "pass": true,
              "fail": false,
              "pending": false,
              "context": null,
              "code": "cy.campoPesquisaEUA();",
              "err": {},
              "uuid": "85929d47-47d3-4ce7-ab1e-b24b5f3cb301",
              "parentUUID": "959995fb-1e20-4428-87b3-94ffae48f437",
              "isHook": false,
              "skipped": false
            },
            {
              "title": "Validações Pesquisa China",
              "fullTitle": "Input Campo de Pesquisa Interface Countries Validações Pesquisa China",
              "timedOut": null,
              "duration": 1687,
              "state": "passed",
              "speed": "fast",
              "pass": true,
              "fail": false,
              "pending": false,
              "context": null,
              "code": "cy.campoPesquisaChina();",
              "err": {},
              "uuid": "c62371a6-af28-47ec-859b-ea224dce0584",
              "parentUUID": "959995fb-1e20-4428-87b3-94ffae48f437",
              "isHook": false,
              "skipped": false
            },
            {
              "title": "Validações Pesquisa Japão",
              "fullTitle": "Input Campo de Pesquisa Interface Countries Validações Pesquisa Japão",
              "timedOut": null,
              "duration": 1693,
              "state": "passed",
              "speed": "fast",
              "pass": true,
              "fail": false,
              "pending": false,
              "context": null,
              "code": "cy.campoPesquisaJapao();",
              "err": {},
              "uuid": "1f75c00c-2890-4aec-bd41-b940c2d94e45",
              "parentUUID": "959995fb-1e20-4428-87b3-94ffae48f437",
              "isHook": false,
              "skipped": false
            },
            {
              "title": "Validações Pesquisa Russia",
              "fullTitle": "Input Campo de Pesquisa Interface Countries Validações Pesquisa Russia",
              "timedOut": null,
              "duration": 1773,
              "state": "passed",
              "speed": "fast",
              "pass": true,
              "fail": false,
              "pending": false,
              "context": null,
              "code": "cy.campoPesquisaRussia();",
              "err": {},
              "uuid": "bdae0f88-b0ac-4745-b977-bd03f479093e",
              "parentUUID": "959995fb-1e20-4428-87b3-94ffae48f437",
              "isHook": false,
              "skipped": false
            },
            {
              "title": "Validações Pesquisa Armenia",
              "fullTitle": "Input Campo de Pesquisa Interface Countries Validações Pesquisa Armenia",
              "timedOut": null,
              "duration": 2341,
              "state": "passed",
              "speed": "fast",
              "pass": true,
              "fail": false,
              "pending": false,
              "context": null,
              "code": "cy.campoPesquisaArmenia();",
              "err": {},
              "uuid": "f06d84a3-82c6-45fc-a453-d61a65b9ab51",
              "parentUUID": "959995fb-1e20-4428-87b3-94ffae48f437",
              "isHook": false,
              "skipped": false
            },
            {
              "title": "Validações Pesquisa Angola",
              "fullTitle": "Input Campo de Pesquisa Interface Countries Validações Pesquisa Angola",
              "timedOut": null,
              "duration": 1793,
              "state": "passed",
              "speed": "fast",
              "pass": true,
              "fail": false,
              "pending": false,
              "context": null,
              "code": "cy.campoPesquisaAngola();",
              "err": {},
              "uuid": "fcb8b6d6-07af-48af-a73a-646de565c8f2",
              "parentUUID": "959995fb-1e20-4428-87b3-94ffae48f437",
              "isHook": false,
              "skipped": false
            },
            {
              "title": "Validações Pesquisa Andorra",
              "fullTitle": "Input Campo de Pesquisa Interface Countries Validações Pesquisa Andorra",
              "timedOut": null,
              "duration": 2156,
              "state": "passed",
              "speed": "fast",
              "pass": true,
              "fail": false,
              "pending": false,
              "context": null,
              "code": "cy.campoPesquisaAndorra();",
              "err": {},
              "uuid": "622168e6-70ed-4881-b854-a8cc3373a5bc",
              "parentUUID": "959995fb-1e20-4428-87b3-94ffae48f437",
              "isHook": false,
              "skipped": false
            },
            {
              "title": "Validações Pesquisa Belgica",
              "fullTitle": "Input Campo de Pesquisa Interface Countries Validações Pesquisa Belgica",
              "timedOut": null,
              "duration": 2225,
              "state": "passed",
              "speed": "fast",
              "pass": true,
              "fail": false,
              "pending": false,
              "context": null,
              "code": "cy.campoPesquisaBelgica();",
              "err": {},
              "uuid": "3d05e314-a3da-4104-b9b3-2f72f460393d",
              "parentUUID": "959995fb-1e20-4428-87b3-94ffae48f437",
              "isHook": false,
              "skipped": false
            },
            {
              "title": "Validações Pesquisa Bulgária",
              "fullTitle": "Input Campo de Pesquisa Interface Countries Validações Pesquisa Bulgária",
              "timedOut": null,
              "duration": 1896,
              "state": "passed",
              "speed": "fast",
              "pass": true,
              "fail": false,
              "pending": false,
              "context": null,
              "code": "cy.campoPesquisaBulgaria();",
              "err": {},
              "uuid": "d8b3eb87-9799-48f3-babd-d67076615378",
              "parentUUID": "959995fb-1e20-4428-87b3-94ffae48f437",
              "isHook": false,
              "skipped": false
            },
            {
              "title": "Validações Pesquisa Bolivia",
              "fullTitle": "Input Campo de Pesquisa Interface Countries Validações Pesquisa Bolivia",
              "timedOut": null,
              "duration": 1897,
              "state": "passed",
              "speed": "fast",
              "pass": true,
              "fail": false,
              "pending": false,
              "context": null,
              "code": "cy.campoPesquisaBolivia();",
              "err": {},
              "uuid": "76943913-93b6-4cc0-b230-13892dea7f91",
              "parentUUID": "959995fb-1e20-4428-87b3-94ffae48f437",
              "isHook": false,
              "skipped": false
            },
            {
              "title": "Validações Pesquisa Cuba",
              "fullTitle": "Input Campo de Pesquisa Interface Countries Validações Pesquisa Cuba",
              "timedOut": null,
              "duration": 2051,
              "state": "passed",
              "speed": "fast",
              "pass": true,
              "fail": false,
              "pending": false,
              "context": null,
              "code": "cy.campoPesquisaCuba();",
              "err": {},
              "uuid": "9533cf30-4377-42ff-904c-9f8bc970871a",
              "parentUUID": "959995fb-1e20-4428-87b3-94ffae48f437",
              "isHook": false,
              "skipped": false
            },
            {
              "title": "Validações Pesquisa Chile",
              "fullTitle": "Input Campo de Pesquisa Interface Countries Validações Pesquisa Chile",
              "timedOut": null,
              "duration": 1579,
              "state": "passed",
              "speed": "fast",
              "pass": true,
              "fail": false,
              "pending": false,
              "context": null,
              "code": "cy.campoPesquisaChile();",
              "err": {},
              "uuid": "445305b3-c91c-4502-b561-ef77389c9ba8",
              "parentUUID": "959995fb-1e20-4428-87b3-94ffae48f437",
              "isHook": false,
              "skipped": false
            },
            {
              "title": "Validações Pesquisa Costa Rica",
              "fullTitle": "Input Campo de Pesquisa Interface Countries Validações Pesquisa Costa Rica",
              "timedOut": null,
              "duration": 1705,
              "state": "passed",
              "speed": "fast",
              "pass": true,
              "fail": false,
              "pending": false,
              "context": null,
              "code": "cy.campoPesquisaCostaRica();",
              "err": {},
              "uuid": "b9289bbc-17ae-4173-887b-a39d89589662",
              "parentUUID": "959995fb-1e20-4428-87b3-94ffae48f437",
              "isHook": false,
              "skipped": false
            },
            {
              "title": "Validações Pesquisa Cabo Verde",
              "fullTitle": "Input Campo de Pesquisa Interface Countries Validações Pesquisa Cabo Verde",
              "timedOut": null,
              "duration": 1674,
              "state": "passed",
              "speed": "fast",
              "pass": true,
              "fail": false,
              "pending": false,
              "context": null,
              "code": "cy.campoPesquisaCaboVerde();",
              "err": {},
              "uuid": "bce662f7-6174-434e-ac89-677cbec39b2d",
              "parentUUID": "959995fb-1e20-4428-87b3-94ffae48f437",
              "isHook": false,
              "skipped": false
            },
            {
              "title": "Validações Pesquisa Dinamarca",
              "fullTitle": "Input Campo de Pesquisa Interface Countries Validações Pesquisa Dinamarca",
              "timedOut": null,
              "duration": 1602,
              "state": "passed",
              "speed": "fast",
              "pass": true,
              "fail": false,
              "pending": false,
              "context": null,
              "code": "cy.campoPesquisaDinamarca();",
              "err": {},
              "uuid": "a0d8a89b-6c92-4da6-81bf-a1efd2879fdb",
              "parentUUID": "959995fb-1e20-4428-87b3-94ffae48f437",
              "isHook": false,
              "skipped": false
            },
            {
              "title": "Validações Pesquisa Equador",
              "fullTitle": "Input Campo de Pesquisa Interface Countries Validações Pesquisa Equador",
              "timedOut": null,
              "duration": 1591,
              "state": "passed",
              "speed": "fast",
              "pass": true,
              "fail": false,
              "pending": false,
              "context": null,
              "code": "cy.campoPesquisaEquador();",
              "err": {},
              "uuid": "17bde737-27e2-4c82-80e2-f19ad0400fb0",
              "parentUUID": "959995fb-1e20-4428-87b3-94ffae48f437",
              "isHook": false,
              "skipped": false
            },
            {
              "title": "Validações Pesquisa Espanha",
              "fullTitle": "Input Campo de Pesquisa Interface Countries Validações Pesquisa Espanha",
              "timedOut": null,
              "duration": 1626,
              "state": "passed",
              "speed": "fast",
              "pass": true,
              "fail": false,
              "pending": false,
              "context": null,
              "code": "cy.campoPesquisaEspanha();",
              "err": {},
              "uuid": "4096e50b-41df-416a-83fe-789b95f28cc3",
              "parentUUID": "959995fb-1e20-4428-87b3-94ffae48f437",
              "isHook": false,
              "skipped": false
            },
            {
              "title": "Validações Pesquisa Eslovenia",
              "fullTitle": "Input Campo de Pesquisa Interface Countries Validações Pesquisa Eslovenia",
              "timedOut": null,
              "duration": 1604,
              "state": "passed",
              "speed": "fast",
              "pass": true,
              "fail": false,
              "pending": false,
              "context": null,
              "code": "cy.campoPesquisaEslovenia();",
              "err": {},
              "uuid": "40b63650-5426-48de-aa1b-8728f32600dd",
              "parentUUID": "959995fb-1e20-4428-87b3-94ffae48f437",
              "isHook": false,
              "skipped": false
            },
            {
              "title": "Validações Pesquisa Finlandia",
              "fullTitle": "Input Campo de Pesquisa Interface Countries Validações Pesquisa Finlandia",
              "timedOut": null,
              "duration": 1638,
              "state": "passed",
              "speed": "fast",
              "pass": true,
              "fail": false,
              "pending": false,
              "context": null,
              "code": "cy.campoPesquisaFinlandia();",
              "err": {},
              "uuid": "8209c067-e648-4eae-bb04-3f14938d3e29",
              "parentUUID": "959995fb-1e20-4428-87b3-94ffae48f437",
              "isHook": false,
              "skipped": false
            },
            {
              "title": "Validações Pesquisa Filipinas",
              "fullTitle": "Input Campo de Pesquisa Interface Countries Validações Pesquisa Filipinas",
              "timedOut": null,
              "duration": 1637,
              "state": "passed",
              "speed": "fast",
              "pass": true,
              "fail": false,
              "pending": false,
              "context": null,
              "code": "cy.campoPesquisaFilipinas();",
              "err": {},
              "uuid": "2aad45e4-63ba-40dd-be1d-70fb351cca67",
              "parentUUID": "959995fb-1e20-4428-87b3-94ffae48f437",
              "isHook": false,
              "skipped": false
            },
            {
              "title": "Validações Pesquisa França",
              "fullTitle": "Input Campo de Pesquisa Interface Countries Validações Pesquisa França",
              "timedOut": null,
              "duration": 1552,
              "state": "passed",
              "speed": "fast",
              "pass": true,
              "fail": false,
              "pending": false,
              "context": null,
              "code": "cy.campoPesquisaFranca();",
              "err": {},
              "uuid": "885790e4-1023-46c9-9080-eedf703bd3dc",
              "parentUUID": "959995fb-1e20-4428-87b3-94ffae48f437",
              "isHook": false,
              "skipped": false
            },
            {
              "title": "Validações Pesquisa Grécia",
              "fullTitle": "Input Campo de Pesquisa Interface Countries Validações Pesquisa Grécia",
              "timedOut": null,
              "duration": 1531,
              "state": "passed",
              "speed": "fast",
              "pass": true,
              "fail": false,
              "pending": false,
              "context": null,
              "code": "cy.campoPesquisaGrecia();",
              "err": {},
              "uuid": "fb287bb1-f204-4842-930a-7550c6c56043",
              "parentUUID": "959995fb-1e20-4428-87b3-94ffae48f437",
              "isHook": false,
              "skipped": false
            },
            {
              "title": "Validações Pesquisa Gana",
              "fullTitle": "Input Campo de Pesquisa Interface Countries Validações Pesquisa Gana",
              "timedOut": null,
              "duration": 1606,
              "state": "passed",
              "speed": "fast",
              "pass": true,
              "fail": false,
              "pending": false,
              "context": null,
              "code": "cy.campoPesquisaGana();",
              "err": {},
              "uuid": "b4835be2-3056-41e8-8b3e-0a8ac17a661f",
              "parentUUID": "959995fb-1e20-4428-87b3-94ffae48f437",
              "isHook": false,
              "skipped": false
            },
            {
              "title": "Validações Pesquisa Holanda",
              "fullTitle": "Input Campo de Pesquisa Interface Countries Validações Pesquisa Holanda",
              "timedOut": null,
              "duration": 1615,
              "state": "passed",
              "speed": "fast",
              "pass": true,
              "fail": false,
              "pending": false,
              "context": null,
              "code": "cy.campoPesquisaHolanda();",
              "err": {},
              "uuid": "86ae3330-4679-4277-9b5d-0dbe3a5ac60c",
              "parentUUID": "959995fb-1e20-4428-87b3-94ffae48f437",
              "isHook": false,
              "skipped": false
            },
            {
              "title": "Validações Pesquisa Iraque",
              "fullTitle": "Input Campo de Pesquisa Interface Countries Validações Pesquisa Iraque",
              "timedOut": null,
              "duration": 1624,
              "state": "passed",
              "speed": "fast",
              "pass": true,
              "fail": false,
              "pending": false,
              "context": null,
              "code": "cy.campoPesquisaIraque();",
              "err": {},
              "uuid": "0a9e7e83-c0ba-4423-ba38-7952da7c287b",
              "parentUUID": "959995fb-1e20-4428-87b3-94ffae48f437",
              "isHook": false,
              "skipped": false
            },
            {
              "title": "Validações Pesquisa India",
              "fullTitle": "Input Campo de Pesquisa Interface Countries Validações Pesquisa India",
              "timedOut": null,
              "duration": 1610,
              "state": "passed",
              "speed": "fast",
              "pass": true,
              "fail": false,
              "pending": false,
              "context": null,
              "code": "cy.campoPesquisaIndia();",
              "err": {},
              "uuid": "e586612f-d834-437b-a519-e37c743e2825",
              "parentUUID": "959995fb-1e20-4428-87b3-94ffae48f437",
              "isHook": false,
              "skipped": false
            },
            {
              "title": "Validações Pesquisa Italia",
              "fullTitle": "Input Campo de Pesquisa Interface Countries Validações Pesquisa Italia",
              "timedOut": null,
              "duration": 1634,
              "state": "passed",
              "speed": "fast",
              "pass": true,
              "fail": false,
              "pending": false,
              "context": null,
              "code": "cy.campoPesquisaItalia();",
              "err": {},
              "uuid": "36ba04f8-80fb-4791-92d7-4feac75719c0",
              "parentUUID": "959995fb-1e20-4428-87b3-94ffae48f437",
              "isHook": false,
              "skipped": false
            },
            {
              "title": "Validações Pesquisa Israel",
              "fullTitle": "Input Campo de Pesquisa Interface Countries Validações Pesquisa Israel",
              "timedOut": null,
              "duration": 1564,
              "state": "passed",
              "speed": "fast",
              "pass": true,
              "fail": false,
              "pending": false,
              "context": null,
              "code": "cy.campoPesquisaIsrael();",
              "err": {},
              "uuid": "0a506857-8efa-43cb-9622-0a7a7688b263",
              "parentUUID": "959995fb-1e20-4428-87b3-94ffae48f437",
              "isHook": false,
              "skipped": false
            }
          ],
          "suites": [],
          "passes": [
            "32bb1da0-92b8-4ac3-9bae-40e409fdcf19",
            "7544cf0e-3b15-4276-80c6-d2881af07f15",
            "cd145bd3-110b-4d11-9f85-4902fa28ce7f",
            "37cd6a73-a93d-45e6-9fc8-f939fa9d1b47",
            "85929d47-47d3-4ce7-ab1e-b24b5f3cb301",
            "c62371a6-af28-47ec-859b-ea224dce0584",
            "1f75c00c-2890-4aec-bd41-b940c2d94e45",
            "bdae0f88-b0ac-4745-b977-bd03f479093e",
            "f06d84a3-82c6-45fc-a453-d61a65b9ab51",
            "fcb8b6d6-07af-48af-a73a-646de565c8f2",
            "622168e6-70ed-4881-b854-a8cc3373a5bc",
            "3d05e314-a3da-4104-b9b3-2f72f460393d",
            "d8b3eb87-9799-48f3-babd-d67076615378",
            "76943913-93b6-4cc0-b230-13892dea7f91",
            "9533cf30-4377-42ff-904c-9f8bc970871a",
            "445305b3-c91c-4502-b561-ef77389c9ba8",
            "b9289bbc-17ae-4173-887b-a39d89589662",
            "bce662f7-6174-434e-ac89-677cbec39b2d",
            "a0d8a89b-6c92-4da6-81bf-a1efd2879fdb",
            "17bde737-27e2-4c82-80e2-f19ad0400fb0",
            "4096e50b-41df-416a-83fe-789b95f28cc3",
            "40b63650-5426-48de-aa1b-8728f32600dd",
            "8209c067-e648-4eae-bb04-3f14938d3e29",
            "2aad45e4-63ba-40dd-be1d-70fb351cca67",
            "885790e4-1023-46c9-9080-eedf703bd3dc",
            "fb287bb1-f204-4842-930a-7550c6c56043",
            "b4835be2-3056-41e8-8b3e-0a8ac17a661f",
            "86ae3330-4679-4277-9b5d-0dbe3a5ac60c",
            "0a9e7e83-c0ba-4423-ba38-7952da7c287b",
            "e586612f-d834-437b-a519-e37c743e2825",
            "36ba04f8-80fb-4791-92d7-4feac75719c0",
            "0a506857-8efa-43cb-9622-0a7a7688b263"
          ],
          "failures": [],
          "pending": [],
          "skipped": [],
          "duration": 58537,
          "root": false,
          "rootEmpty": false,
          "_timeout": 2000
        }
      ],
      "passes": [],
      "failures": [],
      "pending": [],
      "skipped": [],
      "duration": 0,
      "root": true,
      "rootEmpty": true,
      "_timeout": 2000
    }
  ],
  "meta": {
    "mocha": {
      "version": "7.0.1"
    },
    "mochawesome": {
      "options": {
        "quiet": true,
        "reportFilename": "mochawesome",
        "saveHtml": true,
        "saveJson": true,
        "consoleReporter": "spec",
        "useInlineDiffs": false,
        "code": true
      },
      "version": "7.1.3"
    },
    "marge": {
      "options": {
        "reportDir": "cypress/reports/28-02-2024_20-59-31",
        "quiet": true,
        "overwrite": false,
        "html": true,
        "json": true
      },
      "version": "6.2.0"
    }
  }
}