{
  "stats": {
    "suites": 1,
    "tests": 32,
    "passes": 32,
    "pending": 0,
    "failures": 0,
    "start": "2024-02-16T23:32:02.357Z",
    "end": "2024-02-16T23:32:56.076Z",
    "duration": 53719,
    "testsRegistered": 32,
    "passPercent": 100,
    "pendingPercent": 0,
    "other": 0,
    "hasOther": false,
    "skipped": 0,
    "hasSkipped": false
  },
  "results": [
    {
      "uuid": "349e502e-63ba-4004-bdc7-a3944cd2161d",
      "title": "",
      "fullFile": "cypress\\e2e\\pesquisaInterface.cy.js",
      "file": "cypress\\e2e\\pesquisaInterface.cy.js",
      "beforeHooks": [],
      "afterHooks": [],
      "tests": [],
      "suites": [
        {
          "uuid": "379d9dd5-210b-4be5-b765-f6161f6b25a3",
          "title": "Input Campo de Pesquisa Interface Countries",
          "fullFile": "",
          "file": "",
          "beforeHooks": [],
          "afterHooks": [],
          "tests": [
            {
              "title": "Validações Pesquisa Brasil",
              "fullTitle": "Input Campo de Pesquisa Interface Countries Validações Pesquisa Brasil",
              "timedOut": null,
              "duration": 3584,
              "state": "passed",
              "speed": "fast",
              "pass": true,
              "fail": false,
              "pending": false,
              "context": null,
              "code": "cy.campoPesquisaBrasil();",
              "err": {},
              "uuid": "3a82dd48-54b9-46ce-9a12-d6de1f210e6a",
              "parentUUID": "379d9dd5-210b-4be5-b765-f6161f6b25a3",
              "isHook": false,
              "skipped": false
            },
            {
              "title": "Validações Pesquisa Argentina",
              "fullTitle": "Input Campo de Pesquisa Interface Countries Validações Pesquisa Argentina",
              "timedOut": null,
              "duration": 1679,
              "state": "passed",
              "speed": "fast",
              "pass": true,
              "fail": false,
              "pending": false,
              "context": null,
              "code": "cy.campoPesquisaArgentina();",
              "err": {},
              "uuid": "2a5e3e52-724b-4365-a77c-fbd93b92dd06",
              "parentUUID": "379d9dd5-210b-4be5-b765-f6161f6b25a3",
              "isHook": false,
              "skipped": false
            },
            {
              "title": "Validações Pesquisa Portugal",
              "fullTitle": "Input Campo de Pesquisa Interface Countries Validações Pesquisa Portugal",
              "timedOut": null,
              "duration": 1534,
              "state": "passed",
              "speed": "fast",
              "pass": true,
              "fail": false,
              "pending": false,
              "context": null,
              "code": "cy.campoPesquisaPortugal();",
              "err": {},
              "uuid": "86bb0f4b-ef09-4b26-b665-d54159507ae3",
              "parentUUID": "379d9dd5-210b-4be5-b765-f6161f6b25a3",
              "isHook": false,
              "skipped": false
            },
            {
              "title": "Validações Pesquisa Mexico",
              "fullTitle": "Input Campo de Pesquisa Interface Countries Validações Pesquisa Mexico",
              "timedOut": null,
              "duration": 1735,
              "state": "passed",
              "speed": "fast",
              "pass": true,
              "fail": false,
              "pending": false,
              "context": null,
              "code": "cy.campoPesquisaMexico();",
              "err": {},
              "uuid": "a0bddd2a-95ff-47e9-9590-ccf13d52cde3",
              "parentUUID": "379d9dd5-210b-4be5-b765-f6161f6b25a3",
              "isHook": false,
              "skipped": false
            },
            {
              "title": "Validações Pesquisa EUA",
              "fullTitle": "Input Campo de Pesquisa Interface Countries Validações Pesquisa EUA",
              "timedOut": null,
              "duration": 1643,
              "state": "passed",
              "speed": "fast",
              "pass": true,
              "fail": false,
              "pending": false,
              "context": null,
              "code": "cy.campoPesquisaEUA();",
              "err": {},
              "uuid": "72a7d6f8-9572-4a47-9681-a2cf08552f8c",
              "parentUUID": "379d9dd5-210b-4be5-b765-f6161f6b25a3",
              "isHook": false,
              "skipped": false
            },
            {
              "title": "Validações Pesquisa China",
              "fullTitle": "Input Campo de Pesquisa Interface Countries Validações Pesquisa China",
              "timedOut": null,
              "duration": 1534,
              "state": "passed",
              "speed": "fast",
              "pass": true,
              "fail": false,
              "pending": false,
              "context": null,
              "code": "cy.campoPesquisaChina();",
              "err": {},
              "uuid": "c372dae9-e3e0-40b0-badf-3ef7bf1d0d18",
              "parentUUID": "379d9dd5-210b-4be5-b765-f6161f6b25a3",
              "isHook": false,
              "skipped": false
            },
            {
              "title": "Validações Pesquisa Japão",
              "fullTitle": "Input Campo de Pesquisa Interface Countries Validações Pesquisa Japão",
              "timedOut": null,
              "duration": 1493,
              "state": "passed",
              "speed": "fast",
              "pass": true,
              "fail": false,
              "pending": false,
              "context": null,
              "code": "cy.campoPesquisaJapao();",
              "err": {},
              "uuid": "837ec1de-a765-4d96-a6f9-070d78eb82f6",
              "parentUUID": "379d9dd5-210b-4be5-b765-f6161f6b25a3",
              "isHook": false,
              "skipped": false
            },
            {
              "title": "Validações Pesquisa Russia",
              "fullTitle": "Input Campo de Pesquisa Interface Countries Validações Pesquisa Russia",
              "timedOut": null,
              "duration": 1517,
              "state": "passed",
              "speed": "fast",
              "pass": true,
              "fail": false,
              "pending": false,
              "context": null,
              "code": "cy.campoPesquisaRussia();",
              "err": {},
              "uuid": "ddfbff9d-0d8a-4a33-bc34-cd53f6f1ab44",
              "parentUUID": "379d9dd5-210b-4be5-b765-f6161f6b25a3",
              "isHook": false,
              "skipped": false
            },
            {
              "title": "Validações Pesquisa Armenia",
              "fullTitle": "Input Campo de Pesquisa Interface Countries Validações Pesquisa Armenia",
              "timedOut": null,
              "duration": 1534,
              "state": "passed",
              "speed": "fast",
              "pass": true,
              "fail": false,
              "pending": false,
              "context": null,
              "code": "cy.campoPesquisaArmenia();",
              "err": {},
              "uuid": "8a865861-23b5-44d1-b535-88b5a3a08425",
              "parentUUID": "379d9dd5-210b-4be5-b765-f6161f6b25a3",
              "isHook": false,
              "skipped": false
            },
            {
              "title": "Validações Pesquisa Angola",
              "fullTitle": "Input Campo de Pesquisa Interface Countries Validações Pesquisa Angola",
              "timedOut": null,
              "duration": 1499,
              "state": "passed",
              "speed": "fast",
              "pass": true,
              "fail": false,
              "pending": false,
              "context": null,
              "code": "cy.campoPesquisaAngola();",
              "err": {},
              "uuid": "c270a1c5-aaa2-49e7-958c-25a7a214494c",
              "parentUUID": "379d9dd5-210b-4be5-b765-f6161f6b25a3",
              "isHook": false,
              "skipped": false
            },
            {
              "title": "Validações Pesquisa Andorra",
              "fullTitle": "Input Campo de Pesquisa Interface Countries Validações Pesquisa Andorra",
              "timedOut": null,
              "duration": 1539,
              "state": "passed",
              "speed": "fast",
              "pass": true,
              "fail": false,
              "pending": false,
              "context": null,
              "code": "cy.campoPesquisaAndorra();",
              "err": {},
              "uuid": "da6765b2-76c0-49d2-addf-c43d68afb11d",
              "parentUUID": "379d9dd5-210b-4be5-b765-f6161f6b25a3",
              "isHook": false,
              "skipped": false
            },
            {
              "title": "Validações Pesquisa Belgica",
              "fullTitle": "Input Campo de Pesquisa Interface Countries Validações Pesquisa Belgica",
              "timedOut": null,
              "duration": 1512,
              "state": "passed",
              "speed": "fast",
              "pass": true,
              "fail": false,
              "pending": false,
              "context": null,
              "code": "cy.campoPesquisaBelgica();",
              "err": {},
              "uuid": "956af4d4-3fd1-440c-9086-5c9fc4dc150e",
              "parentUUID": "379d9dd5-210b-4be5-b765-f6161f6b25a3",
              "isHook": false,
              "skipped": false
            },
            {
              "title": "Validações Pesquisa Bulgária",
              "fullTitle": "Input Campo de Pesquisa Interface Countries Validações Pesquisa Bulgária",
              "timedOut": null,
              "duration": 1529,
              "state": "passed",
              "speed": "fast",
              "pass": true,
              "fail": false,
              "pending": false,
              "context": null,
              "code": "cy.campoPesquisaBulgaria();",
              "err": {},
              "uuid": "f09a4768-3406-4848-bce2-08bce58988d8",
              "parentUUID": "379d9dd5-210b-4be5-b765-f6161f6b25a3",
              "isHook": false,
              "skipped": false
            },
            {
              "title": "Validações Pesquisa Bolivia",
              "fullTitle": "Input Campo de Pesquisa Interface Countries Validações Pesquisa Bolivia",
              "timedOut": null,
              "duration": 1570,
              "state": "passed",
              "speed": "fast",
              "pass": true,
              "fail": false,
              "pending": false,
              "context": null,
              "code": "cy.campoPesquisaBolivia();",
              "err": {},
              "uuid": "47ec2cff-f9b0-4304-b77f-cdb9464819fc",
              "parentUUID": "379d9dd5-210b-4be5-b765-f6161f6b25a3",
              "isHook": false,
              "skipped": false
            },
            {
              "title": "Validações Pesquisa Cuba",
              "fullTitle": "Input Campo de Pesquisa Interface Countries Validações Pesquisa Cuba",
              "timedOut": null,
              "duration": 1443,
              "state": "passed",
              "speed": "fast",
              "pass": true,
              "fail": false,
              "pending": false,
              "context": null,
              "code": "cy.campoPesquisaCuba();",
              "err": {},
              "uuid": "5a7a4d60-2dce-4ac5-bb50-a7b779e3876f",
              "parentUUID": "379d9dd5-210b-4be5-b765-f6161f6b25a3",
              "isHook": false,
              "skipped": false
            },
            {
              "title": "Validações Pesquisa Chile",
              "fullTitle": "Input Campo de Pesquisa Interface Countries Validações Pesquisa Chile",
              "timedOut": null,
              "duration": 1519,
              "state": "passed",
              "speed": "fast",
              "pass": true,
              "fail": false,
              "pending": false,
              "context": null,
              "code": "cy.campoPesquisaChile();",
              "err": {},
              "uuid": "9498b764-7c3a-4624-bb65-654633283062",
              "parentUUID": "379d9dd5-210b-4be5-b765-f6161f6b25a3",
              "isHook": false,
              "skipped": false
            },
            {
              "title": "Validações Pesquisa Costa Rica",
              "fullTitle": "Input Campo de Pesquisa Interface Countries Validações Pesquisa Costa Rica",
              "timedOut": null,
              "duration": 1552,
              "state": "passed",
              "speed": "fast",
              "pass": true,
              "fail": false,
              "pending": false,
              "context": null,
              "code": "cy.campoPesquisaCostaRica();",
              "err": {},
              "uuid": "97cb26a4-b457-452e-b780-d3554c251bb5",
              "parentUUID": "379d9dd5-210b-4be5-b765-f6161f6b25a3",
              "isHook": false,
              "skipped": false
            },
            {
              "title": "Validações Pesquisa Cabo Verde",
              "fullTitle": "Input Campo de Pesquisa Interface Countries Validações Pesquisa Cabo Verde",
              "timedOut": null,
              "duration": 1615,
              "state": "passed",
              "speed": "fast",
              "pass": true,
              "fail": false,
              "pending": false,
              "context": null,
              "code": "cy.campoPesquisaCaboVerde();",
              "err": {},
              "uuid": "0dbe8271-5370-44fb-a4c5-b3571342fab6",
              "parentUUID": "379d9dd5-210b-4be5-b765-f6161f6b25a3",
              "isHook": false,
              "skipped": false
            },
            {
              "title": "Validações Pesquisa Dinamarca",
              "fullTitle": "Input Campo de Pesquisa Interface Countries Validações Pesquisa Dinamarca",
              "timedOut": null,
              "duration": 1510,
              "state": "passed",
              "speed": "fast",
              "pass": true,
              "fail": false,
              "pending": false,
              "context": null,
              "code": "cy.campoPesquisaDinamarca();",
              "err": {},
              "uuid": "fa65143d-23b4-484d-b54f-d02e30e12199",
              "parentUUID": "379d9dd5-210b-4be5-b765-f6161f6b25a3",
              "isHook": false,
              "skipped": false
            },
            {
              "title": "Validações Pesquisa Equador",
              "fullTitle": "Input Campo de Pesquisa Interface Countries Validações Pesquisa Equador",
              "timedOut": null,
              "duration": 1519,
              "state": "passed",
              "speed": "fast",
              "pass": true,
              "fail": false,
              "pending": false,
              "context": null,
              "code": "cy.campoPesquisaEquador();",
              "err": {},
              "uuid": "24e88409-2671-4cf6-b730-eb81d091c3a4",
              "parentUUID": "379d9dd5-210b-4be5-b765-f6161f6b25a3",
              "isHook": false,
              "skipped": false
            },
            {
              "title": "Validações Pesquisa Espanha",
              "fullTitle": "Input Campo de Pesquisa Interface Countries Validações Pesquisa Espanha",
              "timedOut": null,
              "duration": 1610,
              "state": "passed",
              "speed": "fast",
              "pass": true,
              "fail": false,
              "pending": false,
              "context": null,
              "code": "cy.campoPesquisaEspanha();",
              "err": {},
              "uuid": "e7364c71-b94b-4617-a936-0fa66c36fd7e",
              "parentUUID": "379d9dd5-210b-4be5-b765-f6161f6b25a3",
              "isHook": false,
              "skipped": false
            },
            {
              "title": "Validações Pesquisa Eslovenia",
              "fullTitle": "Input Campo de Pesquisa Interface Countries Validações Pesquisa Eslovenia",
              "timedOut": null,
              "duration": 1546,
              "state": "passed",
              "speed": "fast",
              "pass": true,
              "fail": false,
              "pending": false,
              "context": null,
              "code": "cy.campoPesquisaEslovenia();",
              "err": {},
              "uuid": "a07b2a34-3607-4dfe-9d14-44cc826901b3",
              "parentUUID": "379d9dd5-210b-4be5-b765-f6161f6b25a3",
              "isHook": false,
              "skipped": false
            },
            {
              "title": "Validações Pesquisa Finlandia",
              "fullTitle": "Input Campo de Pesquisa Interface Countries Validações Pesquisa Finlandia",
              "timedOut": null,
              "duration": 1528,
              "state": "passed",
              "speed": "fast",
              "pass": true,
              "fail": false,
              "pending": false,
              "context": null,
              "code": "cy.campoPesquisaFinlandia();",
              "err": {},
              "uuid": "a996c685-36f5-4da4-baee-fb35b34ba135",
              "parentUUID": "379d9dd5-210b-4be5-b765-f6161f6b25a3",
              "isHook": false,
              "skipped": false
            },
            {
              "title": "Validações Pesquisa Filipinas",
              "fullTitle": "Input Campo de Pesquisa Interface Countries Validações Pesquisa Filipinas",
              "timedOut": null,
              "duration": 1529,
              "state": "passed",
              "speed": "fast",
              "pass": true,
              "fail": false,
              "pending": false,
              "context": null,
              "code": "cy.campoPesquisaFilipinas();",
              "err": {},
              "uuid": "6550049c-626e-4246-abf3-fdad4b760deb",
              "parentUUID": "379d9dd5-210b-4be5-b765-f6161f6b25a3",
              "isHook": false,
              "skipped": false
            },
            {
              "title": "Validações Pesquisa França",
              "fullTitle": "Input Campo de Pesquisa Interface Countries Validações Pesquisa França",
              "timedOut": null,
              "duration": 1563,
              "state": "passed",
              "speed": "fast",
              "pass": true,
              "fail": false,
              "pending": false,
              "context": null,
              "code": "cy.campoPesquisaFranca();",
              "err": {},
              "uuid": "0d9af410-a72b-457c-9537-0cb96658985a",
              "parentUUID": "379d9dd5-210b-4be5-b765-f6161f6b25a3",
              "isHook": false,
              "skipped": false
            },
            {
              "title": "Validações Pesquisa Grécia",
              "fullTitle": "Input Campo de Pesquisa Interface Countries Validações Pesquisa Grécia",
              "timedOut": null,
              "duration": 1481,
              "state": "passed",
              "speed": "fast",
              "pass": true,
              "fail": false,
              "pending": false,
              "context": null,
              "code": "cy.campoPesquisaGrecia();",
              "err": {},
              "uuid": "994629a8-76da-4aa1-ab09-c8288358e791",
              "parentUUID": "379d9dd5-210b-4be5-b765-f6161f6b25a3",
              "isHook": false,
              "skipped": false
            },
            {
              "title": "Validações Pesquisa Gana",
              "fullTitle": "Input Campo de Pesquisa Interface Countries Validações Pesquisa Gana",
              "timedOut": null,
              "duration": 1498,
              "state": "passed",
              "speed": "fast",
              "pass": true,
              "fail": false,
              "pending": false,
              "context": null,
              "code": "cy.campoPesquisaGana();",
              "err": {},
              "uuid": "7cb29daf-847d-4ccd-b867-a701d22d6b32",
              "parentUUID": "379d9dd5-210b-4be5-b765-f6161f6b25a3",
              "isHook": false,
              "skipped": false
            },
            {
              "title": "Validações Pesquisa Holanda",
              "fullTitle": "Input Campo de Pesquisa Interface Countries Validações Pesquisa Holanda",
              "timedOut": null,
              "duration": 1524,
              "state": "passed",
              "speed": "fast",
              "pass": true,
              "fail": false,
              "pending": false,
              "context": null,
              "code": "cy.campoPesquisaHolanda();",
              "err": {},
              "uuid": "c2241c0a-f293-4e35-998a-070f5ecb3091",
              "parentUUID": "379d9dd5-210b-4be5-b765-f6161f6b25a3",
              "isHook": false,
              "skipped": false
            },
            {
              "title": "Validações Pesquisa Iraque",
              "fullTitle": "Input Campo de Pesquisa Interface Countries Validações Pesquisa Iraque",
              "timedOut": null,
              "duration": 1498,
              "state": "passed",
              "speed": "fast",
              "pass": true,
              "fail": false,
              "pending": false,
              "context": null,
              "code": "cy.campoPesquisaIraque();",
              "err": {},
              "uuid": "60dc0aff-4ae0-42c7-a64e-51ce69bea267",
              "parentUUID": "379d9dd5-210b-4be5-b765-f6161f6b25a3",
              "isHook": false,
              "skipped": false
            },
            {
              "title": "Validações Pesquisa India",
              "fullTitle": "Input Campo de Pesquisa Interface Countries Validações Pesquisa India",
              "timedOut": null,
              "duration": 1996,
              "state": "passed",
              "speed": "fast",
              "pass": true,
              "fail": false,
              "pending": false,
              "context": null,
              "code": "cy.campoPesquisaIndia();",
              "err": {},
              "uuid": "1d96743e-3676-4fb7-9e67-bf503004f54d",
              "parentUUID": "379d9dd5-210b-4be5-b765-f6161f6b25a3",
              "isHook": false,
              "skipped": false
            },
            {
              "title": "Validações Pesquisa Italia",
              "fullTitle": "Input Campo de Pesquisa Interface Countries Validações Pesquisa Italia",
              "timedOut": null,
              "duration": 1596,
              "state": "passed",
              "speed": "fast",
              "pass": true,
              "fail": false,
              "pending": false,
              "context": null,
              "code": "cy.campoPesquisaItalia();",
              "err": {},
              "uuid": "fc8174da-1754-422a-a166-7c3d19b69a53",
              "parentUUID": "379d9dd5-210b-4be5-b765-f6161f6b25a3",
              "isHook": false,
              "skipped": false
            },
            {
              "title": "Validações Pesquisa Israel",
              "fullTitle": "Input Campo de Pesquisa Interface Countries Validações Pesquisa Israel",
              "timedOut": null,
              "duration": 1598,
              "state": "passed",
              "speed": "fast",
              "pass": true,
              "fail": false,
              "pending": false,
              "context": null,
              "code": "cy.campoPesquisaIsrael();",
              "err": {},
              "uuid": "7eb164e9-64bd-4782-9764-7cef08228bf3",
              "parentUUID": "379d9dd5-210b-4be5-b765-f6161f6b25a3",
              "isHook": false,
              "skipped": false
            }
          ],
          "suites": [],
          "passes": [
            "3a82dd48-54b9-46ce-9a12-d6de1f210e6a",
            "2a5e3e52-724b-4365-a77c-fbd93b92dd06",
            "86bb0f4b-ef09-4b26-b665-d54159507ae3",
            "a0bddd2a-95ff-47e9-9590-ccf13d52cde3",
            "72a7d6f8-9572-4a47-9681-a2cf08552f8c",
            "c372dae9-e3e0-40b0-badf-3ef7bf1d0d18",
            "837ec1de-a765-4d96-a6f9-070d78eb82f6",
            "ddfbff9d-0d8a-4a33-bc34-cd53f6f1ab44",
            "8a865861-23b5-44d1-b535-88b5a3a08425",
            "c270a1c5-aaa2-49e7-958c-25a7a214494c",
            "da6765b2-76c0-49d2-addf-c43d68afb11d",
            "956af4d4-3fd1-440c-9086-5c9fc4dc150e",
            "f09a4768-3406-4848-bce2-08bce58988d8",
            "47ec2cff-f9b0-4304-b77f-cdb9464819fc",
            "5a7a4d60-2dce-4ac5-bb50-a7b779e3876f",
            "9498b764-7c3a-4624-bb65-654633283062",
            "97cb26a4-b457-452e-b780-d3554c251bb5",
            "0dbe8271-5370-44fb-a4c5-b3571342fab6",
            "fa65143d-23b4-484d-b54f-d02e30e12199",
            "24e88409-2671-4cf6-b730-eb81d091c3a4",
            "e7364c71-b94b-4617-a936-0fa66c36fd7e",
            "a07b2a34-3607-4dfe-9d14-44cc826901b3",
            "a996c685-36f5-4da4-baee-fb35b34ba135",
            "6550049c-626e-4246-abf3-fdad4b760deb",
            "0d9af410-a72b-457c-9537-0cb96658985a",
            "994629a8-76da-4aa1-ab09-c8288358e791",
            "7cb29daf-847d-4ccd-b867-a701d22d6b32",
            "c2241c0a-f293-4e35-998a-070f5ecb3091",
            "60dc0aff-4ae0-42c7-a64e-51ce69bea267",
            "1d96743e-3676-4fb7-9e67-bf503004f54d",
            "fc8174da-1754-422a-a166-7c3d19b69a53",
            "7eb164e9-64bd-4782-9764-7cef08228bf3"
          ],
          "failures": [],
          "pending": [],
          "skipped": [],
          "duration": 52027,
          "root": false,
          "rootEmpty": false,
          "_timeout": 2000
        }
      ],
      "passes": [],
      "failures": [],
      "pending": [],
      "skipped": [],
      "duration": 0,
      "root": true,
      "rootEmpty": true,
      "_timeout": 2000
    }
  ],
  "meta": {
    "mocha": {
      "version": "7.0.1"
    },
    "mochawesome": {
      "options": {
        "quiet": true,
        "reportFilename": "mochawesome",
        "saveHtml": true,
        "saveJson": true,
        "consoleReporter": "spec",
        "useInlineDiffs": false,
        "code": true
      },
      "version": "7.1.3"
    },
    "marge": {
      "options": {
        "reportDir": "cypress/reports/16-02-2024_20-31-51",
        "quiet": true,
        "overwrite": false,
        "html": true,
        "json": true
      },
      "version": "6.2.0"
    }
  }
}