{
  "stats": {
    "suites": 1,
    "tests": 1,
    "passes": 1,
    "pending": 0,
    "failures": 0,
    "start": "2024-02-16T16:04:38.627Z",
    "end": "2024-02-16T16:04:54.702Z",
    "duration": 16075,
    "testsRegistered": 1,
    "passPercent": 100,
    "pendingPercent": 0,
    "other": 0,
    "hasOther": false,
    "skipped": 0,
    "hasSkipped": false
  },
  "results": [
    {
      "uuid": "5fc5b7d8-b199-4269-a0b6-66cc644fb283",
      "title": "",
      "fullFile": "cypress\\e2e\\contribuicao.cy.js",
      "file": "cypress\\e2e\\contribuicao.cy.js",
      "beforeHooks": [],
      "afterHooks": [],
      "tests": [],
      "suites": [
        {
          "uuid": "21cf49e1-25e5-4579-aca8-3ff8137d165c",
          "title": "Área do Projeto",
          "fullFile": "",
          "file": "",
          "beforeHooks": [],
          "afterHooks": [],
          "tests": [
            {
              "title": "Confirmações de informações do Projeto",
              "fullTitle": "Área do Projeto Confirmações de informações do Projeto",
              "timedOut": null,
              "duration": 16000,
              "state": "passed",
              "speed": "slow",
              "pass": true,
              "fail": false,
              "pending": false,
              "context": null,
              "code": "cy.contributing();\ncy.donations();",
              "err": {},
              "uuid": "c2dfbf88-d8bd-4fb3-9d84-75d1936dd33f",
              "parentUUID": "21cf49e1-25e5-4579-aca8-3ff8137d165c",
              "isHook": false,
              "skipped": false
            }
          ],
          "suites": [],
          "passes": [
            "c2dfbf88-d8bd-4fb3-9d84-75d1936dd33f"
          ],
          "failures": [],
          "pending": [],
          "skipped": [],
          "duration": 16000,
          "root": false,
          "rootEmpty": false,
          "_timeout": 2000
        }
      ],
      "passes": [],
      "failures": [],
      "pending": [],
      "skipped": [],
      "duration": 0,
      "root": true,
      "rootEmpty": true,
      "_timeout": 2000
    }
  ],
  "meta": {
    "mocha": {
      "version": "7.0.1"
    },
    "mochawesome": {
      "options": {
        "quiet": true,
        "reportFilename": "mochawesome",
        "saveHtml": true,
        "saveJson": true,
        "consoleReporter": "spec",
        "useInlineDiffs": false,
        "code": true
      },
      "version": "7.1.3"
    },
    "marge": {
      "options": {
        "reportDir": "cypress/reports/16-02-2024_13-04-31",
        "quiet": true,
        "overwrite": false,
        "html": true,
        "json": true
      },
      "version": "6.2.0"
    }
  }
}