{
  "stats": {
    "suites": 1,
    "tests": 1,
    "passes": 1,
    "pending": 0,
    "failures": 0,
    "start": "2024-02-16T16:03:35.415Z",
    "end": "2024-02-16T16:03:37.505Z",
    "duration": 2090,
    "testsRegistered": 1,
    "passPercent": 100,
    "pendingPercent": 0,
    "other": 0,
    "hasOther": false,
    "skipped": 0,
    "hasSkipped": false
  },
  "results": [
    {
      "uuid": "35a1c789-954b-48f3-aac9-4116e6238dd0",
      "title": "",
      "fullFile": "cypress\\e2e\\restPaises.cy.js",
      "file": "cypress\\e2e\\restPaises.cy.js",
      "beforeHooks": [],
      "afterHooks": [],
      "tests": [],
      "suites": [
        {
          "uuid": "edc72769-4955-408f-a154-ca43012bc6c2",
          "title": "Acesso ao Site da restcountries",
          "fullFile": "",
          "file": "",
          "beforeHooks": [],
          "afterHooks": [],
          "tests": [
            {
              "title": "passes",
              "fullTitle": "Acesso ao Site da restcountries passes",
              "timedOut": null,
              "duration": 2042,
              "state": "passed",
              "speed": "fast",
              "pass": true,
              "fail": false,
              "pending": false,
              "context": null,
              "code": "cy.restPaises();",
              "err": {},
              "uuid": "fbbba685-0154-4fbf-8bd4-0684cc362c28",
              "parentUUID": "edc72769-4955-408f-a154-ca43012bc6c2",
              "isHook": false,
              "skipped": false
            }
          ],
          "suites": [],
          "passes": [
            "fbbba685-0154-4fbf-8bd4-0684cc362c28"
          ],
          "failures": [],
          "pending": [],
          "skipped": [],
          "duration": 2042,
          "root": false,
          "rootEmpty": false,
          "_timeout": 2000
        }
      ],
      "passes": [],
      "failures": [],
      "pending": [],
      "skipped": [],
      "duration": 0,
      "root": true,
      "rootEmpty": true,
      "_timeout": 2000
    }
  ],
  "meta": {
    "mocha": {
      "version": "7.0.1"
    },
    "mochawesome": {
      "options": {
        "quiet": true,
        "reportFilename": "mochawesome",
        "saveHtml": true,
        "saveJson": true,
        "consoleReporter": "spec",
        "useInlineDiffs": false,
        "code": true
      },
      "version": "7.1.3"
    },
    "marge": {
      "options": {
        "reportDir": "cypress/reports/16-02-2024_13-02-38",
        "quiet": true,
        "overwrite": false,
        "html": true,
        "json": true
      },
      "version": "6.2.0"
    }
  }
}