{
  "stats": {
    "suites": 1,
    "tests": 32,
    "passes": 32,
    "pending": 0,
    "failures": 0,
    "start": "2024-02-28T23:43:49.801Z",
    "end": "2024-02-28T23:44:48.495Z",
    "duration": 58694,
    "testsRegistered": 32,
    "passPercent": 100,
    "pendingPercent": 0,
    "other": 0,
    "hasOther": false,
    "skipped": 0,
    "hasSkipped": false
  },
  "results": [
    {
      "uuid": "2e74e4bc-9c03-4404-9e24-8b03facd1179",
      "title": "",
      "fullFile": "cypress\\e2e\\pesquisaInterface.cy.js",
      "file": "cypress\\e2e\\pesquisaInterface.cy.js",
      "beforeHooks": [],
      "afterHooks": [],
      "tests": [],
      "suites": [
        {
          "uuid": "8e98b48b-0655-433d-bff7-180409cb5f3e",
          "title": "Input Campo de Pesquisa Interface Countries",
          "fullFile": "",
          "file": "",
          "beforeHooks": [],
          "afterHooks": [],
          "tests": [
            {
              "title": "Validações Pesquisa Brasil",
              "fullTitle": "Input Campo de Pesquisa Interface Countries Validações Pesquisa Brasil",
              "timedOut": null,
              "duration": 4825,
              "state": "passed",
              "speed": "fast",
              "pass": true,
              "fail": false,
              "pending": false,
              "context": null,
              "code": "cy.campoPesquisaBrasil();",
              "err": {},
              "uuid": "e6ee2aad-7d81-4033-b959-e4c987a554ad",
              "parentUUID": "8e98b48b-0655-433d-bff7-180409cb5f3e",
              "isHook": false,
              "skipped": false
            },
            {
              "title": "Validações Pesquisa Argentina",
              "fullTitle": "Input Campo de Pesquisa Interface Countries Validações Pesquisa Argentina",
              "timedOut": null,
              "duration": 2348,
              "state": "passed",
              "speed": "fast",
              "pass": true,
              "fail": false,
              "pending": false,
              "context": null,
              "code": "cy.campoPesquisaArgentina();",
              "err": {},
              "uuid": "98be43fb-6ef9-4fcd-80fd-99d30cfd5d1d",
              "parentUUID": "8e98b48b-0655-433d-bff7-180409cb5f3e",
              "isHook": false,
              "skipped": false
            },
            {
              "title": "Validações Pesquisa Portugal",
              "fullTitle": "Input Campo de Pesquisa Interface Countries Validações Pesquisa Portugal",
              "timedOut": null,
              "duration": 2095,
              "state": "passed",
              "speed": "fast",
              "pass": true,
              "fail": false,
              "pending": false,
              "context": null,
              "code": "cy.campoPesquisaPortugal();",
              "err": {},
              "uuid": "010261c3-961c-4fa1-94b5-db939baef4d0",
              "parentUUID": "8e98b48b-0655-433d-bff7-180409cb5f3e",
              "isHook": false,
              "skipped": false
            },
            {
              "title": "Validações Pesquisa Mexico",
              "fullTitle": "Input Campo de Pesquisa Interface Countries Validações Pesquisa Mexico",
              "timedOut": null,
              "duration": 1602,
              "state": "passed",
              "speed": "fast",
              "pass": true,
              "fail": false,
              "pending": false,
              "context": null,
              "code": "cy.campoPesquisaMexico();",
              "err": {},
              "uuid": "35367274-eec8-40c5-b4cb-00de513543e4",
              "parentUUID": "8e98b48b-0655-433d-bff7-180409cb5f3e",
              "isHook": false,
              "skipped": false
            },
            {
              "title": "Validações Pesquisa EUA",
              "fullTitle": "Input Campo de Pesquisa Interface Countries Validações Pesquisa EUA",
              "timedOut": null,
              "duration": 1694,
              "state": "passed",
              "speed": "fast",
              "pass": true,
              "fail": false,
              "pending": false,
              "context": null,
              "code": "cy.campoPesquisaEUA();",
              "err": {},
              "uuid": "391bbcb2-cc09-4547-9b67-1b78fafe5ad7",
              "parentUUID": "8e98b48b-0655-433d-bff7-180409cb5f3e",
              "isHook": false,
              "skipped": false
            },
            {
              "title": "Validações Pesquisa China",
              "fullTitle": "Input Campo de Pesquisa Interface Countries Validações Pesquisa China",
              "timedOut": null,
              "duration": 1689,
              "state": "passed",
              "speed": "fast",
              "pass": true,
              "fail": false,
              "pending": false,
              "context": null,
              "code": "cy.campoPesquisaChina();",
              "err": {},
              "uuid": "f82888fe-8538-4d93-af8d-91b46ee0552c",
              "parentUUID": "8e98b48b-0655-433d-bff7-180409cb5f3e",
              "isHook": false,
              "skipped": false
            },
            {
              "title": "Validações Pesquisa Japão",
              "fullTitle": "Input Campo de Pesquisa Interface Countries Validações Pesquisa Japão",
              "timedOut": null,
              "duration": 1566,
              "state": "passed",
              "speed": "fast",
              "pass": true,
              "fail": false,
              "pending": false,
              "context": null,
              "code": "cy.campoPesquisaJapao();",
              "err": {},
              "uuid": "ac111d7d-f47c-4062-b667-875c06e58a3c",
              "parentUUID": "8e98b48b-0655-433d-bff7-180409cb5f3e",
              "isHook": false,
              "skipped": false
            },
            {
              "title": "Validações Pesquisa Russia",
              "fullTitle": "Input Campo de Pesquisa Interface Countries Validações Pesquisa Russia",
              "timedOut": null,
              "duration": 1574,
              "state": "passed",
              "speed": "fast",
              "pass": true,
              "fail": false,
              "pending": false,
              "context": null,
              "code": "cy.campoPesquisaRussia();",
              "err": {},
              "uuid": "aa3546dd-503b-4cab-93c6-9af2e4510a61",
              "parentUUID": "8e98b48b-0655-433d-bff7-180409cb5f3e",
              "isHook": false,
              "skipped": false
            },
            {
              "title": "Validações Pesquisa Armenia",
              "fullTitle": "Input Campo de Pesquisa Interface Countries Validações Pesquisa Armenia",
              "timedOut": null,
              "duration": 1558,
              "state": "passed",
              "speed": "fast",
              "pass": true,
              "fail": false,
              "pending": false,
              "context": null,
              "code": "cy.campoPesquisaArmenia();",
              "err": {},
              "uuid": "456d4d8f-e999-4c8a-b5bd-1a43edee8155",
              "parentUUID": "8e98b48b-0655-433d-bff7-180409cb5f3e",
              "isHook": false,
              "skipped": false
            },
            {
              "title": "Validações Pesquisa Angola",
              "fullTitle": "Input Campo de Pesquisa Interface Countries Validações Pesquisa Angola",
              "timedOut": null,
              "duration": 1512,
              "state": "passed",
              "speed": "fast",
              "pass": true,
              "fail": false,
              "pending": false,
              "context": null,
              "code": "cy.campoPesquisaAngola();",
              "err": {},
              "uuid": "901730f8-aa43-4939-a55b-bce284291f09",
              "parentUUID": "8e98b48b-0655-433d-bff7-180409cb5f3e",
              "isHook": false,
              "skipped": false
            },
            {
              "title": "Validações Pesquisa Andorra",
              "fullTitle": "Input Campo de Pesquisa Interface Countries Validações Pesquisa Andorra",
              "timedOut": null,
              "duration": 1653,
              "state": "passed",
              "speed": "fast",
              "pass": true,
              "fail": false,
              "pending": false,
              "context": null,
              "code": "cy.campoPesquisaAndorra();",
              "err": {},
              "uuid": "48fa61cb-d4ff-48e7-9b01-311647c9548b",
              "parentUUID": "8e98b48b-0655-433d-bff7-180409cb5f3e",
              "isHook": false,
              "skipped": false
            },
            {
              "title": "Validações Pesquisa Belgica",
              "fullTitle": "Input Campo de Pesquisa Interface Countries Validações Pesquisa Belgica",
              "timedOut": null,
              "duration": 1533,
              "state": "passed",
              "speed": "fast",
              "pass": true,
              "fail": false,
              "pending": false,
              "context": null,
              "code": "cy.campoPesquisaBelgica();",
              "err": {},
              "uuid": "30d54b29-ef9b-4e67-81a4-c5f0c2f349c1",
              "parentUUID": "8e98b48b-0655-433d-bff7-180409cb5f3e",
              "isHook": false,
              "skipped": false
            },
            {
              "title": "Validações Pesquisa Bulgária",
              "fullTitle": "Input Campo de Pesquisa Interface Countries Validações Pesquisa Bulgária",
              "timedOut": null,
              "duration": 1579,
              "state": "passed",
              "speed": "fast",
              "pass": true,
              "fail": false,
              "pending": false,
              "context": null,
              "code": "cy.campoPesquisaBulgaria();",
              "err": {},
              "uuid": "b2af0129-666f-4196-a13f-83e63989d106",
              "parentUUID": "8e98b48b-0655-433d-bff7-180409cb5f3e",
              "isHook": false,
              "skipped": false
            },
            {
              "title": "Validações Pesquisa Bolivia",
              "fullTitle": "Input Campo de Pesquisa Interface Countries Validações Pesquisa Bolivia",
              "timedOut": null,
              "duration": 1605,
              "state": "passed",
              "speed": "fast",
              "pass": true,
              "fail": false,
              "pending": false,
              "context": null,
              "code": "cy.campoPesquisaBolivia();",
              "err": {},
              "uuid": "7545aadc-1486-4719-a24c-6e14d1e4fbbf",
              "parentUUID": "8e98b48b-0655-433d-bff7-180409cb5f3e",
              "isHook": false,
              "skipped": false
            },
            {
              "title": "Validações Pesquisa Cuba",
              "fullTitle": "Input Campo de Pesquisa Interface Countries Validações Pesquisa Cuba",
              "timedOut": null,
              "duration": 1601,
              "state": "passed",
              "speed": "fast",
              "pass": true,
              "fail": false,
              "pending": false,
              "context": null,
              "code": "cy.campoPesquisaCuba();",
              "err": {},
              "uuid": "ae90736e-4777-428f-a48f-0c3c18030ce7",
              "parentUUID": "8e98b48b-0655-433d-bff7-180409cb5f3e",
              "isHook": false,
              "skipped": false
            },
            {
              "title": "Validações Pesquisa Chile",
              "fullTitle": "Input Campo de Pesquisa Interface Countries Validações Pesquisa Chile",
              "timedOut": null,
              "duration": 1494,
              "state": "passed",
              "speed": "fast",
              "pass": true,
              "fail": false,
              "pending": false,
              "context": null,
              "code": "cy.campoPesquisaChile();",
              "err": {},
              "uuid": "dc949dd9-7e30-45f4-b44d-622d97d3cc6b",
              "parentUUID": "8e98b48b-0655-433d-bff7-180409cb5f3e",
              "isHook": false,
              "skipped": false
            },
            {
              "title": "Validações Pesquisa Costa Rica",
              "fullTitle": "Input Campo de Pesquisa Interface Countries Validações Pesquisa Costa Rica",
              "timedOut": null,
              "duration": 1590,
              "state": "passed",
              "speed": "fast",
              "pass": true,
              "fail": false,
              "pending": false,
              "context": null,
              "code": "cy.campoPesquisaCostaRica();",
              "err": {},
              "uuid": "0583c4f1-773a-45d6-8595-c72488ffc0a1",
              "parentUUID": "8e98b48b-0655-433d-bff7-180409cb5f3e",
              "isHook": false,
              "skipped": false
            },
            {
              "title": "Validações Pesquisa Cabo Verde",
              "fullTitle": "Input Campo de Pesquisa Interface Countries Validações Pesquisa Cabo Verde",
              "timedOut": null,
              "duration": 1611,
              "state": "passed",
              "speed": "fast",
              "pass": true,
              "fail": false,
              "pending": false,
              "context": null,
              "code": "cy.campoPesquisaCaboVerde();",
              "err": {},
              "uuid": "b3aef5d8-de0b-4cf9-8eb3-cde7eaed619a",
              "parentUUID": "8e98b48b-0655-433d-bff7-180409cb5f3e",
              "isHook": false,
              "skipped": false
            },
            {
              "title": "Validações Pesquisa Dinamarca",
              "fullTitle": "Input Campo de Pesquisa Interface Countries Validações Pesquisa Dinamarca",
              "timedOut": null,
              "duration": 1549,
              "state": "passed",
              "speed": "fast",
              "pass": true,
              "fail": false,
              "pending": false,
              "context": null,
              "code": "cy.campoPesquisaDinamarca();",
              "err": {},
              "uuid": "7aad6e7d-43cd-42b2-9d8e-d2805e98b1b1",
              "parentUUID": "8e98b48b-0655-433d-bff7-180409cb5f3e",
              "isHook": false,
              "skipped": false
            },
            {
              "title": "Validações Pesquisa Equador",
              "fullTitle": "Input Campo de Pesquisa Interface Countries Validações Pesquisa Equador",
              "timedOut": null,
              "duration": 1516,
              "state": "passed",
              "speed": "fast",
              "pass": true,
              "fail": false,
              "pending": false,
              "context": null,
              "code": "cy.campoPesquisaEquador();",
              "err": {},
              "uuid": "2ed9cc9d-cd2c-4515-8a56-76f0cbe8d14a",
              "parentUUID": "8e98b48b-0655-433d-bff7-180409cb5f3e",
              "isHook": false,
              "skipped": false
            },
            {
              "title": "Validações Pesquisa Espanha",
              "fullTitle": "Input Campo de Pesquisa Interface Countries Validações Pesquisa Espanha",
              "timedOut": null,
              "duration": 1794,
              "state": "passed",
              "speed": "fast",
              "pass": true,
              "fail": false,
              "pending": false,
              "context": null,
              "code": "cy.campoPesquisaEspanha();",
              "err": {},
              "uuid": "8d3fd3db-612f-439b-9613-6f1167633dcd",
              "parentUUID": "8e98b48b-0655-433d-bff7-180409cb5f3e",
              "isHook": false,
              "skipped": false
            },
            {
              "title": "Validações Pesquisa Eslovenia",
              "fullTitle": "Input Campo de Pesquisa Interface Countries Validações Pesquisa Eslovenia",
              "timedOut": null,
              "duration": 1851,
              "state": "passed",
              "speed": "fast",
              "pass": true,
              "fail": false,
              "pending": false,
              "context": null,
              "code": "cy.campoPesquisaEslovenia();",
              "err": {},
              "uuid": "f4258c74-e0ae-466a-a871-aeb94afb28f4",
              "parentUUID": "8e98b48b-0655-433d-bff7-180409cb5f3e",
              "isHook": false,
              "skipped": false
            },
            {
              "title": "Validações Pesquisa Finlandia",
              "fullTitle": "Input Campo de Pesquisa Interface Countries Validações Pesquisa Finlandia",
              "timedOut": null,
              "duration": 1590,
              "state": "passed",
              "speed": "fast",
              "pass": true,
              "fail": false,
              "pending": false,
              "context": null,
              "code": "cy.campoPesquisaFinlandia();",
              "err": {},
              "uuid": "6ef96555-49ff-47e6-bc4d-b6b873b5536b",
              "parentUUID": "8e98b48b-0655-433d-bff7-180409cb5f3e",
              "isHook": false,
              "skipped": false
            },
            {
              "title": "Validações Pesquisa Filipinas",
              "fullTitle": "Input Campo de Pesquisa Interface Countries Validações Pesquisa Filipinas",
              "timedOut": null,
              "duration": 1658,
              "state": "passed",
              "speed": "fast",
              "pass": true,
              "fail": false,
              "pending": false,
              "context": null,
              "code": "cy.campoPesquisaFilipinas();",
              "err": {},
              "uuid": "15223252-0f44-4bf8-86e9-54d4d8f8eb1f",
              "parentUUID": "8e98b48b-0655-433d-bff7-180409cb5f3e",
              "isHook": false,
              "skipped": false
            },
            {
              "title": "Validações Pesquisa França",
              "fullTitle": "Input Campo de Pesquisa Interface Countries Validações Pesquisa França",
              "timedOut": null,
              "duration": 1578,
              "state": "passed",
              "speed": "fast",
              "pass": true,
              "fail": false,
              "pending": false,
              "context": null,
              "code": "cy.campoPesquisaFranca();",
              "err": {},
              "uuid": "64ea363c-264a-4a45-b539-e1fb285c1526",
              "parentUUID": "8e98b48b-0655-433d-bff7-180409cb5f3e",
              "isHook": false,
              "skipped": false
            },
            {
              "title": "Validações Pesquisa Grécia",
              "fullTitle": "Input Campo de Pesquisa Interface Countries Validações Pesquisa Grécia",
              "timedOut": null,
              "duration": 1663,
              "state": "passed",
              "speed": "fast",
              "pass": true,
              "fail": false,
              "pending": false,
              "context": null,
              "code": "cy.campoPesquisaGrecia();",
              "err": {},
              "uuid": "cca0d783-2b45-415b-b541-7e85e4ca6a22",
              "parentUUID": "8e98b48b-0655-433d-bff7-180409cb5f3e",
              "isHook": false,
              "skipped": false
            },
            {
              "title": "Validações Pesquisa Gana",
              "fullTitle": "Input Campo de Pesquisa Interface Countries Validações Pesquisa Gana",
              "timedOut": null,
              "duration": 1532,
              "state": "passed",
              "speed": "fast",
              "pass": true,
              "fail": false,
              "pending": false,
              "context": null,
              "code": "cy.campoPesquisaGana();",
              "err": {},
              "uuid": "ba5ea505-366b-4b3d-9b98-08a644584520",
              "parentUUID": "8e98b48b-0655-433d-bff7-180409cb5f3e",
              "isHook": false,
              "skipped": false
            },
            {
              "title": "Validações Pesquisa Holanda",
              "fullTitle": "Input Campo de Pesquisa Interface Countries Validações Pesquisa Holanda",
              "timedOut": null,
              "duration": 1723,
              "state": "passed",
              "speed": "fast",
              "pass": true,
              "fail": false,
              "pending": false,
              "context": null,
              "code": "cy.campoPesquisaHolanda();",
              "err": {},
              "uuid": "86ada9c2-e941-4f98-83f3-f91018b4d97f",
              "parentUUID": "8e98b48b-0655-433d-bff7-180409cb5f3e",
              "isHook": false,
              "skipped": false
            },
            {
              "title": "Validações Pesquisa Iraque",
              "fullTitle": "Input Campo de Pesquisa Interface Countries Validações Pesquisa Iraque",
              "timedOut": null,
              "duration": 1529,
              "state": "passed",
              "speed": "fast",
              "pass": true,
              "fail": false,
              "pending": false,
              "context": null,
              "code": "cy.campoPesquisaIraque();",
              "err": {},
              "uuid": "7c817457-84ce-4c4d-9a34-2153accfb49c",
              "parentUUID": "8e98b48b-0655-433d-bff7-180409cb5f3e",
              "isHook": false,
              "skipped": false
            },
            {
              "title": "Validações Pesquisa India",
              "fullTitle": "Input Campo de Pesquisa Interface Countries Validações Pesquisa India",
              "timedOut": null,
              "duration": 2303,
              "state": "passed",
              "speed": "fast",
              "pass": true,
              "fail": false,
              "pending": false,
              "context": null,
              "code": "cy.campoPesquisaIndia();",
              "err": {},
              "uuid": "46f3770d-bb24-4a7c-91fb-e7c27f893ae5",
              "parentUUID": "8e98b48b-0655-433d-bff7-180409cb5f3e",
              "isHook": false,
              "skipped": false
            },
            {
              "title": "Validações Pesquisa Italia",
              "fullTitle": "Input Campo de Pesquisa Interface Countries Validações Pesquisa Italia",
              "timedOut": null,
              "duration": 1545,
              "state": "passed",
              "speed": "fast",
              "pass": true,
              "fail": false,
              "pending": false,
              "context": null,
              "code": "cy.campoPesquisaItalia();",
              "err": {},
              "uuid": "6c3ceafa-f090-4198-869b-22a2bbc6923f",
              "parentUUID": "8e98b48b-0655-433d-bff7-180409cb5f3e",
              "isHook": false,
              "skipped": false
            },
            {
              "title": "Validações Pesquisa Israel",
              "fullTitle": "Input Campo de Pesquisa Interface Countries Validações Pesquisa Israel",
              "timedOut": null,
              "duration": 1588,
              "state": "passed",
              "speed": "fast",
              "pass": true,
              "fail": false,
              "pending": false,
              "context": null,
              "code": "cy.campoPesquisaIsrael();",
              "err": {},
              "uuid": "c56d1c2f-b720-43c8-952b-39b64a619ded",
              "parentUUID": "8e98b48b-0655-433d-bff7-180409cb5f3e",
              "isHook": false,
              "skipped": false
            }
          ],
          "suites": [],
          "passes": [
            "e6ee2aad-7d81-4033-b959-e4c987a554ad",
            "98be43fb-6ef9-4fcd-80fd-99d30cfd5d1d",
            "010261c3-961c-4fa1-94b5-db939baef4d0",
            "35367274-eec8-40c5-b4cb-00de513543e4",
            "391bbcb2-cc09-4547-9b67-1b78fafe5ad7",
            "f82888fe-8538-4d93-af8d-91b46ee0552c",
            "ac111d7d-f47c-4062-b667-875c06e58a3c",
            "aa3546dd-503b-4cab-93c6-9af2e4510a61",
            "456d4d8f-e999-4c8a-b5bd-1a43edee8155",
            "901730f8-aa43-4939-a55b-bce284291f09",
            "48fa61cb-d4ff-48e7-9b01-311647c9548b",
            "30d54b29-ef9b-4e67-81a4-c5f0c2f349c1",
            "b2af0129-666f-4196-a13f-83e63989d106",
            "7545aadc-1486-4719-a24c-6e14d1e4fbbf",
            "ae90736e-4777-428f-a48f-0c3c18030ce7",
            "dc949dd9-7e30-45f4-b44d-622d97d3cc6b",
            "0583c4f1-773a-45d6-8595-c72488ffc0a1",
            "b3aef5d8-de0b-4cf9-8eb3-cde7eaed619a",
            "7aad6e7d-43cd-42b2-9d8e-d2805e98b1b1",
            "2ed9cc9d-cd2c-4515-8a56-76f0cbe8d14a",
            "8d3fd3db-612f-439b-9613-6f1167633dcd",
            "f4258c74-e0ae-466a-a871-aeb94afb28f4",
            "6ef96555-49ff-47e6-bc4d-b6b873b5536b",
            "15223252-0f44-4bf8-86e9-54d4d8f8eb1f",
            "64ea363c-264a-4a45-b539-e1fb285c1526",
            "cca0d783-2b45-415b-b541-7e85e4ca6a22",
            "ba5ea505-366b-4b3d-9b98-08a644584520",
            "86ada9c2-e941-4f98-83f3-f91018b4d97f",
            "7c817457-84ce-4c4d-9a34-2153accfb49c",
            "46f3770d-bb24-4a7c-91fb-e7c27f893ae5",
            "6c3ceafa-f090-4198-869b-22a2bbc6923f",
            "c56d1c2f-b720-43c8-952b-39b64a619ded"
          ],
          "failures": [],
          "pending": [],
          "skipped": [],
          "duration": 56548,
          "root": false,
          "rootEmpty": false,
          "_timeout": 2000
        }
      ],
      "passes": [],
      "failures": [],
      "pending": [],
      "skipped": [],
      "duration": 0,
      "root": true,
      "rootEmpty": true,
      "_timeout": 2000
    }
  ],
  "meta": {
    "mocha": {
      "version": "7.0.1"
    },
    "mochawesome": {
      "options": {
        "quiet": true,
        "reportFilename": "mochawesome",
        "saveHtml": true,
        "saveJson": true,
        "consoleReporter": "spec",
        "useInlineDiffs": false,
        "code": true
      },
      "version": "7.1.3"
    },
    "marge": {
      "options": {
        "reportDir": "cypress/reports/28-02-2024_20-43-31",
        "quiet": true,
        "overwrite": false,
        "html": true,
        "json": true
      },
      "version": "6.2.0"
    }
  }
}